2021-01-14 22:42:01,476 - Pose - INFO - saved model name 210114_aug_nlayer18_adam_lr0.001_batch64_momentum0.9_schedule[10, 20]_nepoch30
2021-01-14 22:42:01,477 - Pose - INFO - training batch size : 64	number of layer : 18
2021-01-14 22:42:01,477 - Pose - INFO - optimizer : adam	learning rate : 0.001	momentum : 0.9
2021-01-14 22:42:01,477 - Pose - INFO - number of epochs : 30	scheduler : [10, 20]	gammas : 0.1
2021-01-14 22:42:01,477 - Pose - INFO - gaussian noise : False	normalize : False	cutoff : 128	visualize : False
2021-01-14 22:42:01,477 - Pose - INFO - data augmentation : all	flatten : True
2021-01-14 22:42:01,611 - Pose - INFO - Let's use single gpu	 now gpu : 1
2021-01-14 22:42:04,414 - Pose - INFO - use adam optimizer
2021-01-14 22:43:14,846 - Pose - INFO - Epoch 0	current lr : 0.001 [0.001]
2021-01-14 22:43:17,664 - Pose - INFO - iteration[0] batch loss 0.079622	avg_acc 0.0084	total_count 13
2021-01-14 22:48:24,478 - Pose - INFO - iteration[500] batch loss 0.000353	avg_acc 0.0109	total_count 6513
2021-01-14 22:53:34,635 - Pose - INFO - iteration[1000] batch loss 0.000325	avg_acc 0.0085	total_count 13013
2021-01-14 22:56:04,898 - Pose - INFO - epoch loss : 0.000967
2021-01-14 22:56:04,898 - Pose - INFO - epoch acc on train data : 0.0079
2021-01-14 22:56:04,899 - Pose - INFO - epoch 0 acc 0.007919760587215878 > max acc 0 epoch 0
2021-01-14 22:56:05,094 - Pose - INFO - Epoch 1	current lr : 0.001 [0.001]
2021-01-14 22:56:07,630 - Pose - INFO - iteration[0] batch loss 0.000310	avg_acc 0.0109	total_count 13
2021-01-14 23:01:14,799 - Pose - INFO - iteration[500] batch loss 0.000346	avg_acc 0.0078	total_count 6513
2021-01-14 23:06:21,891 - Pose - INFO - iteration[1000] batch loss 0.000322	avg_acc 0.0130	total_count 13013
2021-01-14 23:08:50,121 - Pose - INFO - epoch loss : 0.000337
2021-01-14 23:08:50,121 - Pose - INFO - epoch acc on train data : 0.0226
2021-01-14 23:08:50,122 - Pose - INFO - epoch 1 acc 0.02263263728372911 > max acc 0.007919760587215878 epoch 0
2021-01-14 23:08:50,340 - Pose - INFO - Epoch 2	current lr : 0.001 [0.001]
2021-01-14 23:08:52,903 - Pose - INFO - iteration[0] batch loss 0.000311	avg_acc 0.0796	total_count 13
2021-01-14 23:14:04,802 - Pose - INFO - iteration[500] batch loss 0.000337	avg_acc 0.0793	total_count 6513
2021-01-14 23:19:15,554 - Pose - INFO - iteration[1000] batch loss 0.000321	avg_acc 0.0880	total_count 13013
2021-01-14 23:21:47,933 - Pose - INFO - epoch loss : 0.000332
2021-01-14 23:21:47,933 - Pose - INFO - epoch acc on train data : 0.0946
2021-01-14 23:21:47,933 - Pose - INFO - epoch 2 acc 0.09455668062021425 > max acc 0.02263263728372911 epoch 1
2021-01-14 23:21:48,146 - Pose - INFO - Epoch 3	current lr : 0.001 [0.001]
2021-01-14 23:21:50,843 - Pose - INFO - iteration[0] batch loss 0.000308	avg_acc 0.1261	total_count 13
2021-01-14 23:27:05,917 - Pose - INFO - iteration[500] batch loss 0.000339	avg_acc 0.1444	total_count 6513
2021-01-14 23:32:13,916 - Pose - INFO - iteration[1000] batch loss 0.000323	avg_acc 0.1558	total_count 13013
2021-01-14 23:34:39,407 - Pose - INFO - epoch loss : 0.000331
2021-01-14 23:34:39,407 - Pose - INFO - epoch acc on train data : 0.1612
2021-01-14 23:34:39,407 - Pose - INFO - epoch 3 acc 0.1611527446097671 > max acc 0.09455668062021425 epoch 2
2021-01-14 23:34:39,643 - Pose - INFO - Epoch 4	current lr : 0.001 [0.001]
2021-01-14 23:34:42,778 - Pose - INFO - iteration[0] batch loss 0.000308	avg_acc 0.2095	total_count 13
2021-01-14 23:39:44,364 - Pose - INFO - iteration[500] batch loss 0.000312	avg_acc 0.2362	total_count 6513
2021-01-14 23:44:46,117 - Pose - INFO - iteration[1000] batch loss 0.000284	avg_acc 0.3439	total_count 13013
2021-01-14 23:47:11,791 - Pose - INFO - epoch loss : 0.000304
2021-01-14 23:47:11,791 - Pose - INFO - epoch acc on train data : 0.3818
2021-01-14 23:47:11,791 - Pose - INFO - epoch 4 acc 0.381758361401503 > max acc 0.1611527446097671 epoch 3
2021-01-14 23:47:12,014 - Pose - INFO - Epoch 5	current lr : 0.001 [0.001]
2021-01-14 23:47:14,904 - Pose - INFO - iteration[0] batch loss 0.000263	avg_acc 0.5110	total_count 13
2021-01-14 23:52:15,248 - Pose - INFO - iteration[500] batch loss 0.000272	avg_acc 0.5784	total_count 6513
2021-01-14 23:57:17,986 - Pose - INFO - iteration[1000] batch loss 0.000243	avg_acc 0.5941	total_count 13013
2021-01-14 23:59:44,024 - Pose - INFO - epoch loss : 0.000260
2021-01-14 23:59:44,024 - Pose - INFO - epoch acc on train data : 0.6010
2021-01-14 23:59:44,024 - Pose - INFO - epoch 5 acc 0.601032941748102 > max acc 0.381758361401503 epoch 4
2021-01-14 23:59:44,237 - Pose - INFO - Epoch 6	current lr : 0.001 [0.001]
2021-01-14 23:59:47,545 - Pose - INFO - iteration[0] batch loss 0.000225	avg_acc 0.6520	total_count 13
2021-01-15 00:04:49,083 - Pose - INFO - iteration[500] batch loss 0.000247	avg_acc 0.6496	total_count 6513
2021-01-15 00:09:50,704 - Pose - INFO - iteration[1000] batch loss 0.000234	avg_acc 0.6526	total_count 13013
2021-01-15 00:12:16,267 - Pose - INFO - epoch loss : 0.000239
2021-01-15 00:12:16,268 - Pose - INFO - epoch acc on train data : 0.6552
2021-01-15 00:12:16,268 - Pose - INFO - epoch 6 acc 0.6552138072552343 > max acc 0.601032941748102 epoch 5
2021-01-15 00:12:16,505 - Pose - INFO - Epoch 7	current lr : 0.001 [0.001]
2021-01-15 00:12:19,272 - Pose - INFO - iteration[0] batch loss 0.000221	avg_acc 0.6921	total_count 13
2021-01-15 00:17:20,731 - Pose - INFO - iteration[500] batch loss 0.000240	avg_acc 0.6812	total_count 6513
2021-01-15 00:22:21,998 - Pose - INFO - iteration[1000] batch loss 0.000221	avg_acc 0.6823	total_count 13013
2021-01-15 00:24:47,059 - Pose - INFO - epoch loss : 0.000224
2021-01-15 00:24:47,060 - Pose - INFO - epoch acc on train data : 0.6831
2021-01-15 00:24:47,060 - Pose - INFO - epoch 7 acc 0.6830548123819276 > max acc 0.6552138072552343 epoch 6
2021-01-15 00:24:47,281 - Pose - INFO - Epoch 8	current lr : 0.001 [0.001]
2021-01-15 00:24:50,132 - Pose - INFO - iteration[0] batch loss 0.000215	avg_acc 0.6826	total_count 13
2021-01-15 00:29:52,084 - Pose - INFO - iteration[500] batch loss 0.000223	avg_acc 0.7028	total_count 6513
2021-01-15 00:34:58,310 - Pose - INFO - iteration[1000] batch loss 0.000204	avg_acc 0.7027	total_count 13013
2021-01-15 00:37:23,955 - Pose - INFO - epoch loss : 0.000213
2021-01-15 00:37:23,956 - Pose - INFO - epoch acc on train data : 0.7036
2021-01-15 00:37:23,956 - Pose - INFO - epoch 8 acc 0.7036375578640482 > max acc 0.6830548123819276 epoch 7
2021-01-15 00:37:24,176 - Pose - INFO - Epoch 9	current lr : 0.001 [0.001]
2021-01-15 00:37:27,074 - Pose - INFO - iteration[0] batch loss 0.000191	avg_acc 0.6338	total_count 13
2021-01-15 00:42:26,627 - Pose - INFO - iteration[500] batch loss 0.000209	avg_acc 0.7167	total_count 6513
2021-01-15 00:47:31,459 - Pose - INFO - iteration[1000] batch loss 0.000184	avg_acc 0.7176	total_count 13013
2021-01-15 00:49:58,514 - Pose - INFO - epoch loss : 0.000203
2021-01-15 00:49:58,515 - Pose - INFO - epoch acc on train data : 0.7183
2021-01-15 00:49:58,515 - Pose - INFO - epoch 9 acc 0.7182559415519827 > max acc 0.7036375578640482 epoch 8
2021-01-15 00:49:58,778 - Pose - INFO - Epoch 10	current lr : 0.0001 [0.0001]
2021-01-15 00:50:01,982 - Pose - INFO - iteration[0] batch loss 0.000180	avg_acc 0.7768	total_count 13
2021-01-15 00:55:06,869 - Pose - INFO - iteration[500] batch loss 0.000205	avg_acc 0.7435	total_count 6513
2021-01-15 01:00:11,737 - Pose - INFO - iteration[1000] batch loss 0.000198	avg_acc 0.7430	total_count 13013
2021-01-15 01:02:38,935 - Pose - INFO - epoch loss : 0.000185
2021-01-15 01:02:38,935 - Pose - INFO - epoch acc on train data : 0.7438
2021-01-15 01:02:38,935 - Pose - INFO - epoch 10 acc 0.7438145713560294 > max acc 0.7182559415519827 epoch 9
2021-01-15 01:02:39,175 - Pose - INFO - Epoch 11	current lr : 0.0001 [0.0001]
2021-01-15 01:02:42,246 - Pose - INFO - iteration[0] batch loss 0.000183	avg_acc 0.7339	total_count 13
2021-01-15 01:07:48,716 - Pose - INFO - iteration[500] batch loss 0.000179	avg_acc 0.7543	total_count 6513
2021-01-15 01:12:53,866 - Pose - INFO - iteration[1000] batch loss 0.000177	avg_acc 0.7525	total_count 13013
2021-01-15 01:15:21,174 - Pose - INFO - epoch loss : 0.000179
2021-01-15 01:15:21,174 - Pose - INFO - epoch acc on train data : 0.7518
2021-01-15 01:15:21,174 - Pose - INFO - epoch 11 acc 0.7518376511097228 > max acc 0.7438145713560294 epoch 10
2021-01-15 01:15:21,402 - Pose - INFO - Epoch 12	current lr : 0.0001 [0.0001]
2021-01-15 01:15:24,571 - Pose - INFO - iteration[0] batch loss 0.000166	avg_acc 0.7765	total_count 13
2021-01-15 01:20:30,663 - Pose - INFO - iteration[500] batch loss 0.000172	avg_acc 0.7609	total_count 6513
2021-01-15 01:25:35,901 - Pose - INFO - iteration[1000] batch loss 0.000169	avg_acc 0.7572	total_count 13013
2021-01-15 01:28:03,476 - Pose - INFO - epoch loss : 0.000175
2021-01-15 01:28:03,476 - Pose - INFO - epoch acc on train data : 0.7573
2021-01-15 01:28:03,476 - Pose - INFO - epoch 12 acc 0.7572628580655594 > max acc 0.7518376511097228 epoch 11
2021-01-15 01:28:03,702 - Pose - INFO - Epoch 13	current lr : 0.0001 [0.0001]
2021-01-15 01:28:06,697 - Pose - INFO - iteration[0] batch loss 0.000173	avg_acc 0.7376	total_count 13
2021-01-15 01:33:13,359 - Pose - INFO - iteration[500] batch loss 0.000187	avg_acc 0.7640	total_count 6513
2021-01-15 01:38:19,271 - Pose - INFO - iteration[1000] batch loss 0.000177	avg_acc 0.7615	total_count 13013
2021-01-15 01:40:46,996 - Pose - INFO - epoch loss : 0.000172
2021-01-15 01:40:46,996 - Pose - INFO - epoch acc on train data : 0.7614
2021-01-15 01:40:46,996 - Pose - INFO - epoch 13 acc 0.7614077280961934 > max acc 0.7572628580655594 epoch 12
2021-01-15 01:40:47,224 - Pose - INFO - Epoch 14	current lr : 0.0001 [0.0001]
2021-01-15 01:40:50,269 - Pose - INFO - iteration[0] batch loss 0.000171	avg_acc 0.7505	total_count 13
2021-01-15 01:45:56,343 - Pose - INFO - iteration[500] batch loss 0.000156	avg_acc 0.7696	total_count 6513
2021-01-15 01:51:02,022 - Pose - INFO - iteration[1000] batch loss 0.000170	avg_acc 0.7665	total_count 13013
2021-01-15 01:53:29,674 - Pose - INFO - epoch loss : 0.000168
2021-01-15 01:53:29,674 - Pose - INFO - epoch acc on train data : 0.7660
2021-01-15 01:53:29,674 - Pose - INFO - epoch 14 acc 0.7660285557423869 > max acc 0.7614077280961934 epoch 13
2021-01-15 01:53:29,899 - Pose - INFO - Epoch 15	current lr : 0.0001 [0.0001]
2021-01-15 01:53:32,869 - Pose - INFO - iteration[0] batch loss 0.000163	avg_acc 0.7944	total_count 13
2021-01-15 01:58:38,964 - Pose - INFO - iteration[500] batch loss 0.000164	avg_acc 0.7739	total_count 6513
2021-01-15 02:03:44,341 - Pose - INFO - iteration[1000] batch loss 0.000167	avg_acc 0.7715	total_count 13013
2021-01-15 02:06:11,868 - Pose - INFO - epoch loss : 0.000165
2021-01-15 02:06:11,868 - Pose - INFO - epoch acc on train data : 0.7712
2021-01-15 02:06:11,868 - Pose - INFO - epoch 15 acc 0.7711847011760828 > max acc 0.7660285557423869 epoch 14
2021-01-15 02:06:12,095 - Pose - INFO - Epoch 16	current lr : 0.0001 [0.0001]
2021-01-15 02:06:15,092 - Pose - INFO - iteration[0] batch loss 0.000152	avg_acc 0.7845	total_count 13
2021-01-15 02:11:21,097 - Pose - INFO - iteration[500] batch loss 0.000170	avg_acc 0.7784	total_count 6513
2021-01-15 02:16:26,731 - Pose - INFO - iteration[1000] batch loss 0.000178	avg_acc 0.7758	total_count 13013
2021-01-15 02:18:54,338 - Pose - INFO - epoch loss : 0.000161
2021-01-15 02:18:54,338 - Pose - INFO - epoch acc on train data : 0.7754
2021-01-15 02:18:54,338 - Pose - INFO - epoch 16 acc 0.7754099450443991 > max acc 0.7711847011760828 epoch 15
2021-01-15 02:18:54,566 - Pose - INFO - Epoch 17	current lr : 0.0001 [0.0001]
2021-01-15 02:18:57,542 - Pose - INFO - iteration[0] batch loss 0.000139	avg_acc 0.7768	total_count 13
2021-01-15 02:24:03,602 - Pose - INFO - iteration[500] batch loss 0.000168	avg_acc 0.7839	total_count 6513
2021-01-15 02:29:09,209 - Pose - INFO - iteration[1000] batch loss 0.000151	avg_acc 0.7802	total_count 13013
2021-01-15 02:31:37,111 - Pose - INFO - epoch loss : 0.000157
2021-01-15 02:31:37,111 - Pose - INFO - epoch acc on train data : 0.7797
2021-01-15 02:31:37,111 - Pose - INFO - epoch 17 acc 0.7796713844769124 > max acc 0.7754099450443991 epoch 16
2021-01-15 02:31:37,339 - Pose - INFO - Epoch 18	current lr : 0.0001 [0.0001]
2021-01-15 02:31:40,268 - Pose - INFO - iteration[0] batch loss 0.000155	avg_acc 0.7368	total_count 13
2021-01-15 02:36:46,176 - Pose - INFO - iteration[500] batch loss 0.000168	avg_acc 0.7880	total_count 6513
2021-01-15 02:41:51,349 - Pose - INFO - iteration[1000] batch loss 0.000154	avg_acc 0.7845	total_count 13013
2021-01-15 02:44:18,842 - Pose - INFO - epoch loss : 0.000154
2021-01-15 02:44:18,842 - Pose - INFO - epoch acc on train data : 0.7844
2021-01-15 02:44:18,842 - Pose - INFO - epoch 18 acc 0.784421185186598 > max acc 0.7796713844769124 epoch 17
2021-01-15 02:44:19,071 - Pose - INFO - Epoch 19	current lr : 0.0001 [0.0001]
2021-01-15 02:44:22,149 - Pose - INFO - iteration[0] batch loss 0.000159	avg_acc 0.7662	total_count 13
2021-01-15 02:49:28,848 - Pose - INFO - iteration[500] batch loss 0.000158	avg_acc 0.7900	total_count 6513
2021-01-15 02:54:34,875 - Pose - INFO - iteration[1000] batch loss 0.000141	avg_acc 0.7884	total_count 13013
2021-01-15 02:57:02,750 - Pose - INFO - epoch loss : 0.000151
2021-01-15 02:57:02,751 - Pose - INFO - epoch acc on train data : 0.7882
2021-01-15 02:57:02,751 - Pose - INFO - epoch 19 acc 0.7882288832887863 > max acc 0.784421185186598 epoch 18
2021-01-15 02:57:02,980 - Pose - INFO - Epoch 20	current lr : 1e-05 [1e-05]
2021-01-15 02:57:05,948 - Pose - INFO - iteration[0] batch loss 0.000140	avg_acc 0.7619	total_count 13
2021-01-15 03:02:12,248 - Pose - INFO - iteration[500] batch loss 0.000153	avg_acc 0.7963	total_count 6513
2021-01-15 03:07:18,015 - Pose - INFO - iteration[1000] batch loss 0.000155	avg_acc 0.7930	total_count 13013
2021-01-15 03:09:45,819 - Pose - INFO - epoch loss : 0.000145
2021-01-15 03:09:45,820 - Pose - INFO - epoch acc on train data : 0.7935
2021-01-15 03:09:45,820 - Pose - INFO - epoch 20 acc 0.7934806208320488 > max acc 0.7882288832887863 epoch 19
2021-01-15 03:09:46,046 - Pose - INFO - Epoch 21	current lr : 1e-05 [1e-05]
2021-01-15 03:09:48,898 - Pose - INFO - iteration[0] batch loss 0.000141	avg_acc 0.7786	total_count 13
2021-01-15 03:14:54,885 - Pose - INFO - iteration[500] batch loss 0.000153	avg_acc 0.7995	total_count 6513
2021-01-15 03:20:00,343 - Pose - INFO - iteration[1000] batch loss 0.000133	avg_acc 0.7959	total_count 13013
2021-01-15 03:22:27,960 - Pose - INFO - epoch loss : 0.000143
2021-01-15 03:22:27,960 - Pose - INFO - epoch acc on train data : 0.7956
2021-01-15 03:22:27,960 - Pose - INFO - epoch 21 acc 0.7956277738422621 > max acc 0.7934806208320488 epoch 20
2021-01-15 03:22:28,187 - Pose - INFO - Epoch 22	current lr : 1e-05 [1e-05]
2021-01-15 03:22:31,117 - Pose - INFO - iteration[0] batch loss 0.000137	avg_acc 0.7883	total_count 13
2021-01-15 03:27:37,190 - Pose - INFO - iteration[500] batch loss 0.000168	avg_acc 0.7982	total_count 6513
2021-01-15 03:32:42,756 - Pose - INFO - iteration[1000] batch loss 0.000150	avg_acc 0.7949	total_count 13013
2021-01-15 03:35:10,488 - Pose - INFO - epoch loss : 0.000143
2021-01-15 03:35:10,488 - Pose - INFO - epoch acc on train data : 0.7955
2021-01-15 03:35:10,594 - Pose - INFO - Epoch 23	current lr : 1e-05 [1e-05]
2021-01-15 03:35:13,381 - Pose - INFO - iteration[0] batch loss 0.000146	avg_acc 0.7915	total_count 13
2021-01-15 03:40:18,855 - Pose - INFO - iteration[500] batch loss 0.000145	avg_acc 0.7994	total_count 6513
2021-01-15 03:45:23,613 - Pose - INFO - iteration[1000] batch loss 0.000126	avg_acc 0.7964	total_count 13013
2021-01-15 03:47:50,847 - Pose - INFO - epoch loss : 0.000142
2021-01-15 03:47:50,848 - Pose - INFO - epoch acc on train data : 0.7963
2021-01-15 03:47:50,848 - Pose - INFO - epoch 23 acc 0.7962666317735028 > max acc 0.7956277738422621 epoch 21
2021-01-15 03:47:51,075 - Pose - INFO - Epoch 24	current lr : 1e-05 [1e-05]
2021-01-15 03:47:54,109 - Pose - INFO - iteration[0] batch loss 0.000136	avg_acc 0.8034	total_count 13
2021-01-15 03:52:59,941 - Pose - INFO - iteration[500] batch loss 0.000141	avg_acc 0.8012	total_count 6513
2021-01-15 03:58:04,574 - Pose - INFO - iteration[1000] batch loss 0.000148	avg_acc 0.7979	total_count 13013
2021-01-15 04:00:31,717 - Pose - INFO - epoch loss : 0.000141
2021-01-15 04:00:31,718 - Pose - INFO - epoch acc on train data : 0.7971
2021-01-15 04:00:31,718 - Pose - INFO - epoch 24 acc 0.7971410276899259 > max acc 0.7962666317735028 epoch 23
2021-01-15 04:00:31,947 - Pose - INFO - Epoch 25	current lr : 1e-05 [1e-05]
2021-01-15 04:00:34,847 - Pose - INFO - iteration[0] batch loss 0.000140	avg_acc 0.7803	total_count 13
2021-01-15 04:05:40,045 - Pose - INFO - iteration[500] batch loss 0.000135	avg_acc 0.8029	total_count 6513
2021-01-15 04:10:44,799 - Pose - INFO - iteration[1000] batch loss 0.000151	avg_acc 0.7990	total_count 13013
2021-01-15 04:13:12,071 - Pose - INFO - epoch loss : 0.000141
2021-01-15 04:13:12,071 - Pose - INFO - epoch acc on train data : 0.7985
2021-01-15 04:13:12,071 - Pose - INFO - epoch 25 acc 0.7985228777988328 > max acc 0.7971410276899259 epoch 24
2021-01-15 04:13:12,310 - Pose - INFO - Epoch 26	current lr : 1e-05 [1e-05]
2021-01-15 04:13:15,371 - Pose - INFO - iteration[0] batch loss 0.000131	avg_acc 0.7990	total_count 13
2021-01-15 04:18:20,628 - Pose - INFO - iteration[500] batch loss 0.000159	avg_acc 0.8034	total_count 6513
2021-01-15 11:52:50,987 - Pose - INFO - saved model name 210114_aug_nlayer18_adam_lr0.001_batch64_momentum0.9_schedule[10, 20]_nepoch30
2021-01-15 11:52:50,987 - Pose - INFO - training batch size : 64	number of layer : 18
2021-01-15 11:52:50,987 - Pose - INFO - optimizer : adam	learning rate : 0.001	momentum : 0.9
2021-01-15 11:52:50,987 - Pose - INFO - number of epochs : 30	scheduler : [10, 20]	gammas : 0.1
2021-01-15 11:52:50,987 - Pose - INFO - gaussian noise : False	normalize : False	cutoff : 128	visualize : False
2021-01-15 11:52:50,987 - Pose - INFO - data augmentation : all	flatten : True
2021-01-15 11:52:51,141 - Pose - INFO - Let's use single gpu	 now gpu : 1
2021-01-15 11:52:54,483 - Pose - INFO - use adam optimizer
2021-01-15 11:54:05,383 - Pose - INFO - Epoch 0	current lr : 0.001 [0.001]
2021-01-15 11:54:07,919 - Pose - INFO - iteration[0] batch loss 0.107100	avg_acc 0.0133	total_count 13
