2021-01-19 21:09:46,151 - Pose - INFO - saved model name 210119_hrnet_nlayer18_adam_lr0.001_batch16_momentum0.9_schedule[10, 20]_nepoch30_hrnet
2021-01-19 21:09:46,151 - Pose - INFO - training batch size : 16	number of layer : 18
2021-01-19 21:09:46,151 - Pose - INFO - optimizer : adam	learning rate : 0.001	momentum : 0.9
2021-01-19 21:09:46,151 - Pose - INFO - number of epochs : 30	scheduler : [10, 20]	gammas : 0.1
2021-01-19 21:09:46,151 - Pose - INFO - gaussian noise : False	normalize : False	cutoff : 128	visualize : False
2021-01-19 21:09:46,151 - Pose - INFO - data augmentation : cutmix	flatten : True
2021-01-19 21:09:46,151 - Pose - INFO - Model : hrnet
2021-01-19 21:09:46,680 - Pose - INFO - Let's use single gpu	 now gpu : 1
2021-01-19 21:09:49,409 - Pose - INFO - use adam optimizer
2021-01-19 21:09:52,679 - Pose - INFO - Epoch 0	current lr : 0.001 [0.001]
2021-01-19 21:10:26,806 - Pose - INFO - saved model name 210119_hrnet_nlayer18_adam_lr0.001_batch16_momentum0.9_schedule[10, 20]_nepoch30_hrnet
2021-01-19 21:10:26,806 - Pose - INFO - training batch size : 16	number of layer : 18
2021-01-19 21:10:26,806 - Pose - INFO - optimizer : adam	learning rate : 0.001	momentum : 0.9
2021-01-19 21:10:26,806 - Pose - INFO - number of epochs : 30	scheduler : [10, 20]	gammas : 0.1
2021-01-19 21:10:26,806 - Pose - INFO - gaussian noise : False	normalize : False	cutoff : 128	visualize : False
2021-01-19 21:10:26,806 - Pose - INFO - data augmentation : cutmix	flatten : True
2021-01-19 21:10:26,806 - Pose - INFO - Model : hrnet
2021-01-19 21:10:27,334 - Pose - INFO - Let's use single gpu	 now gpu : 1
2021-01-19 21:10:30,089 - Pose - INFO - use adam optimizer
2021-01-19 21:10:33,600 - Pose - INFO - Epoch 0	current lr : 0.001 [0.001]
2021-01-19 21:10:35,326 - Pose - INFO - iteration[0] batch loss 7.989886	avg_acc 0.0048	total_count 13
2021-01-19 21:10:50,157 - Pose - INFO - saved model name 210119_hrnet_nlayer18_adam_lr0.001_batch16_momentum0.9_schedule[10, 20]_nepoch30_hrnet
2021-01-19 21:10:50,157 - Pose - INFO - training batch size : 16	number of layer : 18
2021-01-19 21:10:50,157 - Pose - INFO - optimizer : adam	learning rate : 0.001	momentum : 0.9
2021-01-19 21:10:50,157 - Pose - INFO - number of epochs : 30	scheduler : [10, 20]	gammas : 0.1
2021-01-19 21:10:50,157 - Pose - INFO - gaussian noise : False	normalize : False	cutoff : 128	visualize : False
2021-01-19 21:10:50,157 - Pose - INFO - data augmentation : cutmix	flatten : True
2021-01-19 21:10:50,157 - Pose - INFO - Model : hrnet
2021-01-19 21:10:50,699 - Pose - INFO - Let's use single gpu	 now gpu : 1
2021-01-19 21:10:53,446 - Pose - INFO - use adam optimizer
2021-01-19 21:10:56,917 - Pose - INFO - Epoch 0	current lr : 0.001 [0.001]
2021-01-19 21:10:58,680 - Pose - INFO - iteration[0] batch loss 6.977509	avg_acc 0.0000	total_count 13
2021-01-19 21:12:17,898 - Pose - INFO - saved model name 210119_hrnet_nlayer18_adam_lr0.001_batch16_momentum0.9_schedule[10, 20]_nepoch30_hrnet
2021-01-19 21:12:17,898 - Pose - INFO - training batch size : 16	number of layer : 18
2021-01-19 21:12:17,898 - Pose - INFO - optimizer : adam	learning rate : 0.001	momentum : 0.9
2021-01-19 21:12:17,898 - Pose - INFO - number of epochs : 30	scheduler : [10, 20]	gammas : 0.1
2021-01-19 21:12:17,898 - Pose - INFO - gaussian noise : False	normalize : False	cutoff : 128	visualize : False
2021-01-19 21:12:17,898 - Pose - INFO - data augmentation : cutmix	flatten : True
2021-01-19 21:12:17,898 - Pose - INFO - Model : hrnet
2021-01-19 21:12:18,419 - Pose - INFO - Let's use single gpu	 now gpu : 1
2021-01-19 21:12:21,108 - Pose - INFO - use adam optimizer
2021-01-19 21:12:24,574 - Pose - INFO - Epoch 0	current lr : 0.001 [0.001]
2021-01-19 21:12:26,205 - Pose - INFO - iteration[0] batch loss 4.513970	avg_acc 0.0048	total_count 13
2021-01-19 21:19:29,736 - Pose - INFO - saved model name 210119_hrnet_nlayer18_adam_lr0.001_batch16_momentum0.9_schedule[10, 20]_nepoch30_hrnet
2021-01-19 21:19:29,737 - Pose - INFO - training batch size : 16	number of layer : 18
2021-01-19 21:19:29,737 - Pose - INFO - optimizer : adam	learning rate : 0.001	momentum : 0.9
2021-01-19 21:19:29,737 - Pose - INFO - number of epochs : 30	scheduler : [10, 20]	gammas : 0.1
2021-01-19 21:19:29,737 - Pose - INFO - gaussian noise : False	normalize : False	cutoff : 128	visualize : False
2021-01-19 21:19:29,737 - Pose - INFO - data augmentation : cutmix	flatten : True
2021-01-19 21:19:29,737 - Pose - INFO - Model : hrnet
2021-01-19 21:19:30,274 - Pose - INFO - Let's use single gpu	 now gpu : 1
2021-01-19 21:19:33,012 - Pose - INFO - use adam optimizer
2021-01-19 21:24:10,744 - Pose - INFO - saved model name 210119_hrnet_nlayer18_adam_lr0.001_batch16_momentum0.9_schedule[10, 20]_nepoch30_hrnet
2021-01-19 21:24:10,744 - Pose - INFO - training batch size : 16	number of layer : 18
2021-01-19 21:24:10,744 - Pose - INFO - optimizer : adam	learning rate : 0.001	momentum : 0.9
2021-01-19 21:24:10,744 - Pose - INFO - number of epochs : 30	scheduler : [10, 20]	gammas : 0.1
2021-01-19 21:24:10,745 - Pose - INFO - gaussian noise : False	normalize : False	cutoff : 448	visualize : False
2021-01-19 21:24:10,745 - Pose - INFO - data augmentation : cutmix	flatten : True
2021-01-19 21:24:10,745 - Pose - INFO - Model : hrnet
2021-01-19 21:24:11,272 - Pose - INFO - Let's use single gpu	 now gpu : 1
2021-01-19 21:24:14,179 - Pose - INFO - use adam optimizer
2021-01-19 21:24:38,679 - Pose - INFO - saved model name 210119_hrnet_nlayer18_adam_lr0.001_batch16_momentum0.9_schedule[10, 20]_nepoch30_hrnet
2021-01-19 21:24:38,679 - Pose - INFO - training batch size : 16	number of layer : 18
2021-01-19 21:24:38,679 - Pose - INFO - optimizer : adam	learning rate : 0.001	momentum : 0.9
2021-01-19 21:24:38,679 - Pose - INFO - number of epochs : 30	scheduler : [10, 20]	gammas : 0.1
2021-01-19 21:24:38,679 - Pose - INFO - gaussian noise : False	normalize : False	cutoff : 448	visualize : False
2021-01-19 21:24:38,679 - Pose - INFO - data augmentation : cutmix	flatten : True
2021-01-19 21:24:38,679 - Pose - INFO - Model : hrnet
2021-01-19 21:24:39,196 - Pose - INFO - Let's use single gpu	 now gpu : 1
2021-01-19 21:24:42,071 - Pose - INFO - use adam optimizer
2021-01-19 21:26:25,286 - Pose - INFO - saved model name 210119_hrnet_nlayer18_adam_lr0.001_batch16_momentum0.9_schedule[10, 20]_nepoch30_hrnet
2021-01-19 21:26:25,286 - Pose - INFO - training batch size : 16	number of layer : 18
2021-01-19 21:26:25,286 - Pose - INFO - optimizer : adam	learning rate : 0.001	momentum : 0.9
2021-01-19 21:26:25,286 - Pose - INFO - number of epochs : 30	scheduler : [10, 20]	gammas : 0.1
2021-01-19 21:26:25,286 - Pose - INFO - gaussian noise : False	normalize : False	cutoff : 128	visualize : False
2021-01-19 21:26:25,286 - Pose - INFO - data augmentation : cutmix	flatten : True
2021-01-19 21:26:25,286 - Pose - INFO - Model : hrnet
2021-01-19 21:26:25,807 - Pose - INFO - Let's use single gpu	 now gpu : 1
2021-01-19 21:26:28,588 - Pose - INFO - use adam optimizer
2021-01-19 21:26:32,606 - Pose - INFO - Epoch 0	current lr : 0.001 [0.001]
2021-01-19 21:26:34,346 - Pose - INFO - iteration[0] batch loss 7.499078	avg_acc 0.0000	total_count 13
2021-01-19 21:27:01,588 - Pose - INFO - saved model name 210119_hrnet_nlayer18_adam_lr0.001_batch16_momentum0.9_schedule[10, 20]_nepoch30_hrnet
2021-01-19 21:27:01,588 - Pose - INFO - training batch size : 16	number of layer : 18
2021-01-19 21:27:01,588 - Pose - INFO - optimizer : adam	learning rate : 0.001	momentum : 0.9
2021-01-19 21:27:01,588 - Pose - INFO - number of epochs : 30	scheduler : [10, 20]	gammas : 0.1
2021-01-19 21:27:01,588 - Pose - INFO - gaussian noise : False	normalize : False	cutoff : 128	visualize : False
2021-01-19 21:27:01,588 - Pose - INFO - data augmentation : cutmix	flatten : True
2021-01-19 21:27:01,588 - Pose - INFO - Model : hrnet
2021-01-19 21:27:02,123 - Pose - INFO - Let's use single gpu	 now gpu : 1
2021-01-19 21:27:04,907 - Pose - INFO - use adam optimizer
2021-01-19 21:28:14,658 - Pose - INFO - Epoch 0	current lr : 0.001 [0.001]
2021-01-19 21:28:17,222 - Pose - INFO - iteration[0] batch loss 7.342414	avg_acc 0.0051	total_count 13
2021-01-19 21:36:29,938 - Pose - INFO - iteration[500] batch loss 0.001560	avg_acc 0.0001	total_count 6513
2021-01-19 21:44:42,346 - Pose - INFO - iteration[1000] batch loss 0.000858	avg_acc 0.0001	total_count 13013
2021-01-19 21:52:57,960 - Pose - INFO - iteration[1500] batch loss 0.001321	avg_acc 0.0002	total_count 19513
2021-01-19 22:01:10,943 - Pose - INFO - iteration[2000] batch loss 0.000469	avg_acc 0.0002	total_count 26013
2021-01-19 22:09:23,673 - Pose - INFO - iteration[2500] batch loss 0.000632	avg_acc 0.0003	total_count 32513
2021-01-19 22:17:39,071 - Pose - INFO - iteration[3000] batch loss 0.000405	avg_acc 0.0006	total_count 39013
2021-01-19 22:25:51,669 - Pose - INFO - iteration[3500] batch loss 0.000346	avg_acc 0.0015	total_count 45513
2021-01-19 22:34:07,711 - Pose - INFO - iteration[4000] batch loss 0.000444	avg_acc 0.0034	total_count 52013
2021-01-19 22:42:20,025 - Pose - INFO - iteration[4500] batch loss 0.000377	avg_acc 0.0065	total_count 58513
2021-01-19 22:50:01,308 - Pose - INFO - epoch loss : 0.006864
2021-01-19 22:50:01,308 - Pose - INFO - epoch acc on train data : 0.0099
2021-01-19 22:50:01,309 - Pose - INFO - epoch 0 acc 0.0099135150755195 > max acc 0 epoch 0
2021-01-19 22:50:02,085 - Pose - INFO - Epoch 1	current lr : 0.001 [0.001]
2021-01-19 22:50:10,992 - Pose - INFO - iteration[0] batch loss 0.000376	avg_acc 0.1731	total_count 13
2021-01-19 22:58:25,912 - Pose - INFO - iteration[500] batch loss 0.000467	avg_acc 0.0658	total_count 6513
2021-01-19 23:06:38,094 - Pose - INFO - iteration[1000] batch loss 0.000328	avg_acc 0.0682	total_count 13013
2021-01-19 23:14:50,570 - Pose - INFO - iteration[1500] batch loss 0.000360	avg_acc 0.0832	total_count 19513
2021-01-19 23:23:06,147 - Pose - INFO - iteration[2000] batch loss 0.000290	avg_acc 0.1029	total_count 26013
2021-01-19 23:31:18,909 - Pose - INFO - iteration[2500] batch loss 0.000286	avg_acc 0.1185	total_count 32513
2021-01-19 23:39:31,582 - Pose - INFO - iteration[3000] batch loss 0.000288	avg_acc 0.1334	total_count 39013
2021-01-19 23:47:47,068 - Pose - INFO - iteration[3500] batch loss 0.000297	avg_acc 0.1491	total_count 45513
2021-01-19 23:55:59,963 - Pose - INFO - iteration[4000] batch loss 0.000319	avg_acc 0.1642	total_count 52013
2021-01-20 00:04:16,117 - Pose - INFO - iteration[4500] batch loss 0.000268	avg_acc 0.1795	total_count 58513
2021-01-20 00:11:57,599 - Pose - INFO - epoch loss : 0.000605
2021-01-20 00:11:57,599 - Pose - INFO - epoch acc on train data : 0.1676
2021-01-20 00:11:57,599 - Pose - INFO - epoch 1 acc 0.16759757566509398 > max acc 0.0099135150755195 epoch 0
2021-01-20 00:11:58,465 - Pose - INFO - Epoch 2	current lr : 0.001 [0.001]
2021-01-20 00:12:07,397 - Pose - INFO - iteration[0] batch loss 0.000358	avg_acc 0.0000	total_count 13
2021-01-20 00:20:18,980 - Pose - INFO - iteration[500] batch loss 0.000291	avg_acc 0.0003	total_count 6513
2021-01-20 00:28:34,121 - Pose - INFO - iteration[1000] batch loss 0.000281	avg_acc 0.0077	total_count 13013
2021-01-20 00:36:46,296 - Pose - INFO - iteration[1500] batch loss 0.000290	avg_acc 0.0254	total_count 19513
2021-01-20 00:44:58,535 - Pose - INFO - iteration[2000] batch loss 0.000283	avg_acc 0.0546	total_count 26013
2021-01-20 00:53:13,420 - Pose - INFO - iteration[2500] batch loss 0.000260	avg_acc 0.0829	total_count 32513
2021-01-20 01:01:25,622 - Pose - INFO - iteration[3000] batch loss 0.000256	avg_acc 0.1030	total_count 39013
2021-01-20 01:09:37,895 - Pose - INFO - iteration[3500] batch loss 0.000242	avg_acc 0.1192	total_count 45513
2021-01-20 01:17:53,134 - Pose - INFO - iteration[4000] batch loss 0.000271	avg_acc 0.1330	total_count 52013
2021-01-20 01:26:05,820 - Pose - INFO - iteration[4500] batch loss 0.000254	avg_acc 0.1469	total_count 58513
2021-01-20 01:33:50,862 - Pose - INFO - epoch loss : 0.000269
2021-01-20 01:33:50,863 - Pose - INFO - epoch acc on train data : 0.1586
2021-01-20 01:33:51,299 - Pose - INFO - Epoch 3	current lr : 0.001 [0.001]
2021-01-20 01:34:00,228 - Pose - INFO - iteration[0] batch loss 0.000302	avg_acc 0.3558	total_count 13
2021-01-20 01:42:11,507 - Pose - INFO - iteration[500] batch loss 0.000266	avg_acc 0.2883	total_count 6513
2021-01-20 01:50:23,706 - Pose - INFO - iteration[1000] batch loss 0.000285	avg_acc 0.3000	total_count 13013
2021-01-20 01:58:39,806 - Pose - INFO - iteration[1500] batch loss 0.000280	avg_acc 0.3101	total_count 19513
2021-01-20 02:06:52,087 - Pose - INFO - iteration[2000] batch loss 0.000266	avg_acc 0.3148	total_count 26013
2021-01-20 02:15:04,831 - Pose - INFO - iteration[2500] batch loss 0.000251	avg_acc 0.3247	total_count 32513
2021-01-20 02:23:20,095 - Pose - INFO - iteration[3000] batch loss 0.000242	avg_acc 0.3313	total_count 39013
2021-01-20 02:31:32,411 - Pose - INFO - iteration[3500] batch loss 0.000227	avg_acc 0.3391	total_count 45513
2021-01-20 02:39:44,984 - Pose - INFO - iteration[4000] batch loss 0.000252	avg_acc 0.3450	total_count 52013
2021-01-20 02:48:00,509 - Pose - INFO - iteration[4500] batch loss 0.000220	avg_acc 0.3515	total_count 58513
2021-01-20 02:55:42,267 - Pose - INFO - epoch loss : 0.000253
2021-01-20 02:55:42,267 - Pose - INFO - epoch acc on train data : 0.3581
2021-01-20 02:55:42,267 - Pose - INFO - epoch 3 acc 0.35805992072595044 > max acc 0.16759757566509398 epoch 1
2021-01-20 02:55:43,141 - Pose - INFO - Epoch 4	current lr : 0.001 [0.001]
2021-01-20 02:55:52,438 - Pose - INFO - iteration[0] batch loss 0.000265	avg_acc 0.5385	total_count 13
2021-01-20 03:04:07,828 - Pose - INFO - iteration[500] batch loss 0.000232	avg_acc 0.4260	total_count 6513
2021-01-20 03:12:19,536 - Pose - INFO - iteration[1000] batch loss 0.004398	avg_acc 0.4346	total_count 13013
2021-01-20 03:20:31,771 - Pose - INFO - iteration[1500] batch loss 0.000276	avg_acc 0.4162	total_count 19513
2021-01-20 03:28:50,174 - Pose - INFO - iteration[2000] batch loss 0.000238	avg_acc 0.4192	total_count 26013
2021-01-20 03:37:01,700 - Pose - INFO - iteration[2500] batch loss 0.000223	avg_acc 0.4273	total_count 32513
2021-01-20 03:45:15,379 - Pose - INFO - iteration[3000] batch loss 0.000241	avg_acc 0.4340	total_count 39013
2021-01-20 03:53:30,715 - Pose - INFO - iteration[3500] batch loss 0.000213	avg_acc 0.4383	total_count 45513
2021-01-20 04:01:42,952 - Pose - INFO - iteration[4000] batch loss 0.000226	avg_acc 0.4426	total_count 52013
2021-01-20 04:09:55,889 - Pose - INFO - iteration[4500] batch loss 0.000212	avg_acc 0.4473	total_count 58513
2021-01-20 04:17:40,250 - Pose - INFO - epoch loss : 0.000241
2021-01-20 04:17:40,250 - Pose - INFO - epoch acc on train data : 0.4523
2021-01-20 04:17:40,250 - Pose - INFO - epoch 4 acc 0.45227420999206114 > max acc 0.35805992072595044 epoch 3
2021-01-20 04:17:41,093 - Pose - INFO - Epoch 5	current lr : 0.001 [0.001]
2021-01-20 04:17:51,363 - Pose - INFO - iteration[0] batch loss 0.000246	avg_acc 0.5673	total_count 13
2021-01-20 04:26:01,508 - Pose - INFO - iteration[500] batch loss 0.000242	avg_acc 0.4896	total_count 6513
2021-01-20 04:34:14,270 - Pose - INFO - iteration[1000] batch loss 0.000224	avg_acc 0.4949	total_count 13013
2021-01-20 04:42:41,218 - Pose - INFO - iteration[1500] batch loss 0.000249	avg_acc 0.4998	total_count 19513
2021-01-20 04:51:33,041 - Pose - INFO - iteration[2000] batch loss 0.000228	avg_acc 0.5007	total_count 26013
2021-01-20 05:00:19,587 - Pose - INFO - iteration[2500] batch loss 0.000227	avg_acc 0.5058	total_count 32513
2021-01-20 05:09:05,484 - Pose - INFO - iteration[3000] batch loss 0.000210	avg_acc 0.5089	total_count 39013
2021-01-20 05:17:51,586 - Pose - INFO - iteration[3500] batch loss 0.000227	avg_acc 0.5112	total_count 45513
2021-01-20 05:26:37,736 - Pose - INFO - iteration[4000] batch loss 0.000239	avg_acc 0.5138	total_count 52013
2021-01-20 05:35:33,781 - Pose - INFO - iteration[4500] batch loss 0.000208	avg_acc 0.5169	total_count 58513
2021-01-20 05:43:47,712 - Pose - INFO - epoch loss : 0.000224
2021-01-20 05:43:47,712 - Pose - INFO - epoch acc on train data : 0.5209
2021-01-20 05:43:47,712 - Pose - INFO - epoch 5 acc 0.5209489759689461 > max acc 0.45227420999206114 epoch 4
2021-01-20 05:43:48,672 - Pose - INFO - Epoch 6	current lr : 0.001 [0.001]
2021-01-20 05:43:57,931 - Pose - INFO - iteration[0] batch loss 0.000250	avg_acc 0.5577	total_count 13
2021-01-20 05:52:42,949 - Pose - INFO - iteration[500] batch loss 0.000212	avg_acc 0.5400	total_count 6513
2021-01-20 06:01:28,512 - Pose - INFO - iteration[1000] batch loss 0.000224	avg_acc 0.5468	total_count 13013
2021-01-20 06:10:14,344 - Pose - INFO - iteration[1500] batch loss 0.000207	avg_acc 0.5537	total_count 19513
2021-01-20 06:19:01,759 - Pose - INFO - iteration[2000] batch loss 0.000213	avg_acc 0.5538	total_count 26013
2021-01-20 06:27:47,401 - Pose - INFO - iteration[2500] batch loss 0.000212	avg_acc 0.5580	total_count 32513
2021-01-20 06:36:33,143 - Pose - INFO - iteration[3000] batch loss 0.000209	avg_acc 0.5591	total_count 39013
2021-01-20 06:45:19,408 - Pose - INFO - iteration[3500] batch loss 0.000197	avg_acc 0.5608	total_count 45513
2021-01-20 06:54:05,808 - Pose - INFO - iteration[4000] batch loss 0.000204	avg_acc 0.5624	total_count 52013
2021-01-20 07:02:51,928 - Pose - INFO - iteration[4500] batch loss 0.000212	avg_acc 0.5649	total_count 58513
2021-01-20 07:11:04,829 - Pose - INFO - epoch loss : 0.000213
2021-01-20 07:11:04,829 - Pose - INFO - epoch acc on train data : 0.5677
2021-01-20 07:11:04,829 - Pose - INFO - epoch 6 acc 0.5677244704715017 > max acc 0.5209489759689461 epoch 5
2021-01-20 07:11:05,720 - Pose - INFO - Epoch 7	current lr : 0.001 [0.001]
2021-01-20 07:11:14,887 - Pose - INFO - iteration[0] batch loss 0.000220	avg_acc 0.6731	total_count 13
2021-01-20 07:19:59,695 - Pose - INFO - iteration[500] batch loss 0.000211	avg_acc 0.5744	total_count 6513
2021-01-20 07:28:44,992 - Pose - INFO - iteration[1000] batch loss 0.000205	avg_acc 0.5812	total_count 13013
2021-01-20 07:37:37,353 - Pose - INFO - iteration[1500] batch loss 0.000223	avg_acc 0.5859	total_count 19513
2021-01-20 07:46:36,361 - Pose - INFO - iteration[2000] batch loss 0.000192	avg_acc 0.5860	total_count 26013
2021-01-20 07:55:35,530 - Pose - INFO - iteration[2500] batch loss 0.000213	avg_acc 0.5904	total_count 32513
2021-01-20 08:04:24,672 - Pose - INFO - iteration[3000] batch loss 0.000196	avg_acc 0.5925	total_count 39013
2021-01-20 08:13:10,689 - Pose - INFO - iteration[3500] batch loss 0.000195	avg_acc 0.5934	total_count 45513
2021-01-20 08:21:58,648 - Pose - INFO - iteration[4000] batch loss 0.000202	avg_acc 0.5944	total_count 52013
2021-01-20 08:30:58,174 - Pose - INFO - iteration[4500] batch loss 0.000175	avg_acc 0.5959	total_count 58513
2021-01-20 08:39:24,288 - Pose - INFO - epoch loss : 0.000204
2021-01-20 08:39:24,289 - Pose - INFO - epoch acc on train data : 0.5985
2021-01-20 08:39:24,289 - Pose - INFO - epoch 7 acc 0.598513015126016 > max acc 0.5677244704715017 epoch 6
2021-01-20 08:39:25,241 - Pose - INFO - Epoch 8	current lr : 0.001 [0.001]
2021-01-20 08:39:34,420 - Pose - INFO - iteration[0] batch loss 0.000228	avg_acc 0.7163	total_count 13
2021-01-20 08:48:19,549 - Pose - INFO - iteration[500] batch loss 0.000199	avg_acc 0.6039	total_count 6513
2021-01-20 08:57:05,298 - Pose - INFO - iteration[1000] batch loss 0.000206	avg_acc 0.6079	total_count 13013
2021-01-20 09:05:51,183 - Pose - INFO - iteration[1500] batch loss 0.000218	avg_acc 0.6119	total_count 19513
2021-01-20 09:14:37,124 - Pose - INFO - iteration[2000] batch loss 0.000175	avg_acc 0.6111	total_count 26013
2021-01-20 09:23:23,263 - Pose - INFO - iteration[2500] batch loss 0.000200	avg_acc 0.6123	total_count 32513
2021-01-20 09:32:09,206 - Pose - INFO - iteration[3000] batch loss 0.000184	avg_acc 0.6143	total_count 39013
2021-01-20 09:40:55,517 - Pose - INFO - iteration[3500] batch loss 0.000188	avg_acc 0.6151	total_count 45513
2021-01-20 09:49:41,811 - Pose - INFO - iteration[4000] batch loss 0.000194	avg_acc 0.6154	total_count 52013
2021-01-20 09:58:27,629 - Pose - INFO - iteration[4500] batch loss 0.000182	avg_acc 0.6169	total_count 58513
2021-01-20 10:06:40,450 - Pose - INFO - epoch loss : 0.000196
2021-01-20 10:06:40,450 - Pose - INFO - epoch acc on train data : 0.6190
2021-01-20 10:06:40,450 - Pose - INFO - epoch 8 acc 0.618951021977285 > max acc 0.598513015126016 epoch 7
2021-01-20 10:06:41,409 - Pose - INFO - Epoch 9	current lr : 0.001 [0.001]
2021-01-20 10:06:50,536 - Pose - INFO - iteration[0] batch loss 0.000218	avg_acc 0.6538	total_count 13
2021-01-20 10:15:38,313 - Pose - INFO - iteration[500] batch loss 0.000204	avg_acc 0.6171	total_count 6513
2021-01-20 10:24:29,479 - Pose - INFO - iteration[1000] batch loss 0.000201	avg_acc 0.6228	total_count 13013
2021-01-20 10:33:15,179 - Pose - INFO - iteration[1500] batch loss 0.000203	avg_acc 0.6273	total_count 19513
2021-01-20 10:42:00,721 - Pose - INFO - iteration[2000] batch loss 0.000187	avg_acc 0.6263	total_count 26013
2021-01-20 10:50:46,329 - Pose - INFO - iteration[2500] batch loss 0.000224	avg_acc 0.6296	total_count 32513
2021-01-20 10:59:32,180 - Pose - INFO - iteration[3000] batch loss 0.000166	avg_acc 0.6307	total_count 39013
2021-01-20 11:08:18,029 - Pose - INFO - iteration[3500] batch loss 0.000183	avg_acc 0.6312	total_count 45513
2021-01-20 11:17:03,997 - Pose - INFO - iteration[4000] batch loss 0.000206	avg_acc 0.6316	total_count 52013
2021-01-20 11:25:50,175 - Pose - INFO - iteration[4500] batch loss 0.000189	avg_acc 0.6332	total_count 58513
2021-01-20 11:34:03,994 - Pose - INFO - epoch loss : 0.000192
2021-01-20 11:34:03,994 - Pose - INFO - epoch acc on train data : 0.6356
2021-01-20 11:34:03,994 - Pose - INFO - epoch 9 acc 0.6355837603397463 > max acc 0.618951021977285 epoch 8
2021-01-20 11:34:04,909 - Pose - INFO - Epoch 10	current lr : 0.0001 [0.0001]
2021-01-20 11:34:14,056 - Pose - INFO - iteration[0] batch loss 0.000204	avg_acc 0.6516	total_count 13
2021-01-20 11:42:58,870 - Pose - INFO - iteration[500] batch loss 0.000193	avg_acc 0.6454	total_count 6513
2021-01-20 11:51:44,174 - Pose - INFO - iteration[1000] batch loss 0.000175	avg_acc 0.6518	total_count 13013
2021-01-20 12:00:29,430 - Pose - INFO - iteration[1500] batch loss 0.000208	avg_acc 0.6556	total_count 19513
2021-01-20 12:09:14,772 - Pose - INFO - iteration[2000] batch loss 0.000179	avg_acc 0.6550	total_count 26013
2021-01-20 12:18:00,280 - Pose - INFO - iteration[2500] batch loss 0.000172	avg_acc 0.6576	total_count 32513
2021-01-20 12:26:46,374 - Pose - INFO - iteration[3000] batch loss 0.000189	avg_acc 0.6586	total_count 39013
2021-01-20 12:35:32,516 - Pose - INFO - iteration[3500] batch loss 0.000162	avg_acc 0.6598	total_count 45513
2021-01-20 12:44:18,874 - Pose - INFO - iteration[4000] batch loss 0.000190	avg_acc 0.6593	total_count 52013
2021-01-20 12:53:08,533 - Pose - INFO - iteration[4500] batch loss 0.000150	avg_acc 0.6609	total_count 58513
2021-01-20 13:01:22,305 - Pose - INFO - epoch loss : 0.000178
2021-01-20 13:01:22,305 - Pose - INFO - epoch acc on train data : 0.6620
2021-01-20 13:01:22,305 - Pose - INFO - epoch 10 acc 0.6620383926129546 > max acc 0.6355837603397463 epoch 9
2021-01-20 13:01:23,210 - Pose - INFO - Epoch 11	current lr : 0.0001 [0.0001]
2021-01-20 13:01:32,190 - Pose - INFO - iteration[0] batch loss 0.000206	avg_acc 0.6827	total_count 13
2021-01-20 13:10:30,286 - Pose - INFO - iteration[500] batch loss 0.000183	avg_acc 0.6562	total_count 6513
2021-01-20 13:19:28,853 - Pose - INFO - iteration[1000] batch loss 0.000175	avg_acc 0.6611	total_count 13013
