2021-01-19 20:52:40,333 - Pose - INFO - saved model name 210119_hrnet_nlayer18_adam_lr0.001_batch32_momentum0.9_schedule[10, 20]_nepoch30
2021-01-19 20:52:40,333 - Pose - INFO - training batch size : 32	number of layer : 18
2021-01-19 20:52:40,333 - Pose - INFO - optimizer : adam	learning rate : 0.001	momentum : 0.9
2021-01-19 20:52:40,333 - Pose - INFO - number of epochs : 30	scheduler : [10, 20]	gammas : 0.1
2021-01-19 20:52:40,333 - Pose - INFO - gaussian noise : False	normalize : False	cutoff : 128	visualize : False
2021-01-19 20:52:40,333 - Pose - INFO - data augmentation : cutmix	flatten : True
2021-01-19 20:52:40,333 - Pose - INFO - Model : resnet
2021-01-19 20:52:40,477 - Pose - INFO - Let's use single gpu	 now gpu : 1
2021-01-19 20:52:43,576 - Pose - INFO - use adam optimizer
2021-01-19 20:52:47,995 - Pose - INFO - Epoch 0	current lr : 0.001 [0.001]
2021-01-19 20:52:49,351 - Pose - INFO - iteration[0] batch loss 0.105011	avg_acc 0.0072	total_count 13
2021-01-19 20:54:17,987 - Pose - INFO - saved model name 210119_hrnet_nlayer18_adam_lr0.001_batch32_momentum0.9_schedule[10, 20]_nepoch30
2021-01-19 20:54:17,987 - Pose - INFO - training batch size : 32	number of layer : 18
2021-01-19 20:54:17,987 - Pose - INFO - optimizer : adam	learning rate : 0.001	momentum : 0.9
2021-01-19 20:54:17,987 - Pose - INFO - number of epochs : 30	scheduler : [10, 20]	gammas : 0.1
2021-01-19 20:54:17,987 - Pose - INFO - gaussian noise : False	normalize : False	cutoff : 128	visualize : False
2021-01-19 20:54:17,987 - Pose - INFO - data augmentation : cutmix	flatten : True
2021-01-19 20:54:17,988 - Pose - INFO - Model : resnet
2021-01-19 20:54:18,127 - Pose - INFO - Let's use single gpu	 now gpu : 1
2021-01-19 20:54:47,467 - Pose - INFO - saved model name 210119_hrnet_nlayer18_adam_lr0.001_batch32_momentum0.9_schedule[10, 20]_nepoch30
2021-01-19 20:54:47,467 - Pose - INFO - training batch size : 32	number of layer : 18
2021-01-19 20:54:47,467 - Pose - INFO - optimizer : adam	learning rate : 0.001	momentum : 0.9
2021-01-19 20:54:47,467 - Pose - INFO - number of epochs : 30	scheduler : [10, 20]	gammas : 0.1
2021-01-19 20:54:47,467 - Pose - INFO - gaussian noise : False	normalize : False	cutoff : 128	visualize : False
2021-01-19 20:54:47,467 - Pose - INFO - data augmentation : cutmix	flatten : True
2021-01-19 20:54:47,468 - Pose - INFO - Model : hrnet
2021-01-19 20:54:47,986 - Pose - INFO - Let's use single gpu	 now gpu : 1
2021-01-19 20:54:50,766 - Pose - INFO - use adam optimizer
2021-01-19 20:54:54,219 - Pose - INFO - Epoch 0	current lr : 0.001 [0.001]
2021-01-19 20:57:50,603 - Pose - INFO - saved model name 210119_hrnet_nlayer18_adam_lr0.001_batch32_momentum0.9_schedule[10, 20]_nepoch30
2021-01-19 20:57:50,604 - Pose - INFO - training batch size : 32	number of layer : 18
2021-01-19 20:57:50,604 - Pose - INFO - optimizer : adam	learning rate : 0.001	momentum : 0.9
2021-01-19 20:57:50,604 - Pose - INFO - number of epochs : 30	scheduler : [10, 20]	gammas : 0.1
2021-01-19 20:57:50,604 - Pose - INFO - gaussian noise : False	normalize : False	cutoff : 128	visualize : False
2021-01-19 20:57:50,604 - Pose - INFO - data augmentation : cutmix	flatten : True
2021-01-19 20:57:50,604 - Pose - INFO - Model : hrnet
2021-01-19 20:57:51,131 - Pose - INFO - Let's use single gpu	 now gpu : 1
2021-01-19 20:57:53,848 - Pose - INFO - use adam optimizer
2021-01-19 20:57:57,091 - Pose - INFO - Epoch 0	current lr : 0.001 [0.001]
