2021-01-13 23:32:22,470 - Pose - INFO - saved model name 210113_intensity_nlayer18_adam_lr0.001_batch32_momentum0.9_schedule[10, 20]_nepoch30
2021-01-13 23:32:22,470 - Pose - INFO - training batch size : 32	number of layer : 18
2021-01-13 23:32:22,471 - Pose - INFO - optimizer : adam	learning rate : 0.001	momentum : 0.9
2021-01-13 23:32:22,471 - Pose - INFO - number of epochs : 30	scheduler : [10, 20]	gammas : 0.1
2021-01-13 23:32:22,471 - Pose - INFO - gaussian noise : False	normalize : False	cutoff : 128	visualize : False
2021-01-13 23:32:22,471 - Pose - INFO - data augmentation : intensity	flatten : True
2021-01-13 23:32:22,623 - Pose - INFO - Let's use single gpu	 now gpu : 1
2021-01-13 23:32:25,220 - Pose - INFO - use adam optimizer
2021-01-13 23:33:36,564 - Pose - INFO - Epoch 0	current lr : 0.001 [0.001]
2021-01-13 23:33:38,705 - Pose - INFO - iteration[0] batch loss 0.077780	avg_acc 0.0101	total_count 13
2021-01-13 23:36:10,812 - Pose - INFO - iteration[500] batch loss 0.000430	avg_acc 0.0089	total_count 6513
2021-01-13 23:38:43,444 - Pose - INFO - iteration[1000] batch loss 0.000420	avg_acc 0.0124	total_count 13013
2021-01-13 23:41:15,795 - Pose - INFO - iteration[1500] batch loss 0.000422	avg_acc 0.0228	total_count 19513
2021-01-13 23:43:48,939 - Pose - INFO - iteration[2000] batch loss 0.000425	avg_acc 0.0313	total_count 26013
2021-01-13 23:46:17,349 - Pose - INFO - epoch loss : 0.000762
2021-01-13 23:46:17,349 - Pose - INFO - epoch acc on train data : 0.0402
2021-01-13 23:46:17,349 - Pose - INFO - epoch 0 acc 0.04024563657088526 > max acc 0 epoch 0
2021-01-13 23:46:17,573 - Pose - INFO - Epoch 1	current lr : 0.001 [0.001]
2021-01-13 23:46:28,964 - Pose - INFO - iteration[0] batch loss 0.000418	avg_acc 0.1142	total_count 13
2021-01-13 23:48:55,996 - Pose - INFO - iteration[500] batch loss 0.000407	avg_acc 0.0985	total_count 6513
2021-01-13 23:51:23,575 - Pose - INFO - iteration[1000] batch loss 0.000408	avg_acc 0.1201	total_count 13013
2021-01-13 23:53:51,201 - Pose - INFO - iteration[1500] batch loss 0.000417	avg_acc 0.1428	total_count 19513
2021-01-13 23:56:18,860 - Pose - INFO - iteration[2000] batch loss 0.000389	avg_acc 0.2045	total_count 26013
2021-01-13 23:58:43,146 - Pose - INFO - epoch loss : 0.000401
2021-01-13 23:58:43,146 - Pose - INFO - epoch acc on train data : 0.2772
2021-01-13 23:58:43,146 - Pose - INFO - epoch 1 acc 0.2771841776099404 > max acc 0.04024563657088526 epoch 0
2021-01-13 23:58:43,353 - Pose - INFO - Epoch 2	current lr : 0.001 [0.001]
2021-01-13 23:58:54,343 - Pose - INFO - iteration[0] batch loss 0.000348	avg_acc 0.5635	total_count 13
2021-01-14 00:01:22,009 - Pose - INFO - iteration[500] batch loss 0.000323	avg_acc 0.6557	total_count 6513
2021-01-14 00:03:49,858 - Pose - INFO - iteration[1000] batch loss 0.000333	avg_acc 0.6765	total_count 13013
2021-01-14 00:06:17,831 - Pose - INFO - iteration[1500] batch loss 0.000298	avg_acc 0.6928	total_count 19513
2021-01-14 00:08:46,028 - Pose - INFO - iteration[2000] batch loss 0.000285	avg_acc 0.7040	total_count 26013
2021-01-14 00:11:10,991 - Pose - INFO - epoch loss : 0.000311
2021-01-14 00:11:10,991 - Pose - INFO - epoch acc on train data : 0.7129
2021-01-14 00:11:10,991 - Pose - INFO - epoch 2 acc 0.7129454720944184 > max acc 0.2771841776099404 epoch 1
2021-01-14 00:11:11,198 - Pose - INFO - Epoch 3	current lr : 0.001 [0.001]
2021-01-14 00:11:22,109 - Pose - INFO - iteration[0] batch loss 0.000259	avg_acc 0.8272	total_count 13
2021-01-14 00:13:49,462 - Pose - INFO - iteration[500] batch loss 0.000262	avg_acc 0.7701	total_count 6513
2021-01-14 00:16:17,580 - Pose - INFO - iteration[1000] batch loss 0.000281	avg_acc 0.7731	total_count 13013
2021-01-14 00:18:45,514 - Pose - INFO - iteration[1500] batch loss 0.000239	avg_acc 0.7754	total_count 19513
2021-01-14 00:21:13,368 - Pose - INFO - iteration[2000] batch loss 0.000290	avg_acc 0.7775	total_count 26013
2021-01-14 00:23:37,666 - Pose - INFO - epoch loss : 0.000269
2021-01-14 00:23:37,666 - Pose - INFO - epoch acc on train data : 0.7801
2021-01-14 00:23:37,666 - Pose - INFO - epoch 3 acc 0.7801453102075232 > max acc 0.7129454720944184 epoch 2
2021-01-14 00:23:37,870 - Pose - INFO - Epoch 4	current lr : 0.001 [0.001]
2021-01-14 00:23:48,903 - Pose - INFO - iteration[0] batch loss 0.000235	avg_acc 0.8159	total_count 13
2021-01-14 00:26:16,425 - Pose - INFO - iteration[500] batch loss 0.000235	avg_acc 0.8057	total_count 6513
2021-01-14 00:28:44,237 - Pose - INFO - iteration[1000] batch loss 0.000238	avg_acc 0.8083	total_count 13013
2021-01-14 00:31:12,047 - Pose - INFO - iteration[1500] batch loss 0.000259	avg_acc 0.8096	total_count 19513
2021-01-14 00:33:41,177 - Pose - INFO - iteration[2000] batch loss 0.000232	avg_acc 0.8114	total_count 26013
2021-01-14 00:36:05,227 - Pose - INFO - epoch loss : 0.000242
2021-01-14 00:36:05,227 - Pose - INFO - epoch acc on train data : 0.8123
2021-01-14 00:36:05,227 - Pose - INFO - epoch 4 acc 0.8123167894316413 > max acc 0.7801453102075232 epoch 3
2021-01-14 00:36:05,434 - Pose - INFO - Epoch 5	current lr : 0.001 [0.001]
2021-01-14 00:36:16,507 - Pose - INFO - iteration[0] batch loss 0.000221	avg_acc 0.8408	total_count 13
2021-01-14 00:38:43,679 - Pose - INFO - iteration[500] batch loss 0.000217	avg_acc 0.8371	total_count 6513
2021-01-14 00:41:11,343 - Pose - INFO - iteration[1000] batch loss 0.000208	avg_acc 0.8365	total_count 13013
2021-01-14 00:43:39,054 - Pose - INFO - iteration[1500] batch loss 0.000230	avg_acc 0.8357	total_count 19513
2021-01-14 00:46:06,893 - Pose - INFO - iteration[2000] batch loss 0.000237	avg_acc 0.8361	total_count 26013
2021-01-14 00:48:31,186 - Pose - INFO - epoch loss : 0.000221
2021-01-14 00:48:31,187 - Pose - INFO - epoch acc on train data : 0.8367
2021-01-14 00:48:31,188 - Pose - INFO - epoch 5 acc 0.8366641829320433 > max acc 0.8123167894316413 epoch 4
2021-01-14 00:48:31,394 - Pose - INFO - Epoch 6	current lr : 0.001 [0.001]
2021-01-14 00:48:42,470 - Pose - INFO - iteration[0] batch loss 0.000207	avg_acc 0.8339	total_count 13
2021-01-14 00:51:09,911 - Pose - INFO - iteration[500] batch loss 0.000195	avg_acc 0.8565	total_count 6513
2021-01-14 00:53:37,610 - Pose - INFO - iteration[1000] batch loss 0.000185	avg_acc 0.8555	total_count 13013
2021-01-14 00:56:05,838 - Pose - INFO - iteration[1500] batch loss 0.000217	avg_acc 0.8553	total_count 19513
2021-01-14 00:58:34,092 - Pose - INFO - iteration[2000] batch loss 0.000203	avg_acc 0.8552	total_count 26013
2021-01-14 01:00:58,137 - Pose - INFO - epoch loss : 0.000203
2021-01-14 01:00:58,138 - Pose - INFO - epoch acc on train data : 0.8556
2021-01-14 01:00:58,138 - Pose - INFO - epoch 6 acc 0.855624214028454 > max acc 0.8366641829320433 epoch 5
2021-01-14 01:00:58,339 - Pose - INFO - Epoch 7	current lr : 0.001 [0.001]
2021-01-14 01:01:09,320 - Pose - INFO - iteration[0] batch loss 0.000193	avg_acc 0.8977	total_count 13
2021-01-14 01:03:36,614 - Pose - INFO - iteration[500] batch loss 0.000177	avg_acc 0.8724	total_count 6513
2021-01-14 01:06:04,394 - Pose - INFO - iteration[1000] batch loss 0.000181	avg_acc 0.8729	total_count 13013
2021-01-14 01:08:32,309 - Pose - INFO - iteration[1500] batch loss 0.000214	avg_acc 0.8726	total_count 19513
2021-01-14 01:10:59,812 - Pose - INFO - iteration[2000] batch loss 0.000178	avg_acc 0.8729	total_count 26013
2021-01-14 01:13:23,947 - Pose - INFO - epoch loss : 0.000187
2021-01-14 01:13:23,948 - Pose - INFO - epoch acc on train data : 0.8730
2021-01-14 01:13:23,948 - Pose - INFO - epoch 7 acc 0.8730037986578945 > max acc 0.855624214028454 epoch 6
2021-01-14 01:13:24,154 - Pose - INFO - Epoch 8	current lr : 0.001 [0.001]
2021-01-14 01:13:34,976 - Pose - INFO - iteration[0] batch loss 0.000176	avg_acc 0.8665	total_count 13
2021-01-14 01:16:02,253 - Pose - INFO - iteration[500] batch loss 0.000159	avg_acc 0.8918	total_count 6513
2021-01-14 01:18:29,787 - Pose - INFO - iteration[1000] batch loss 0.000183	avg_acc 0.8894	total_count 13013
2021-01-14 01:20:58,033 - Pose - INFO - iteration[1500] batch loss 0.000186	avg_acc 0.8889	total_count 19513
2021-01-14 01:23:25,887 - Pose - INFO - iteration[2000] batch loss 0.000166	avg_acc 0.8883	total_count 26013
2021-01-14 01:25:49,782 - Pose - INFO - epoch loss : 0.000172
2021-01-14 01:25:49,789 - Pose - INFO - epoch acc on train data : 0.8881
2021-01-14 01:25:49,789 - Pose - INFO - epoch 8 acc 0.8881294049428721 > max acc 0.8730037986578945 epoch 7
2021-01-14 01:25:49,997 - Pose - INFO - Epoch 9	current lr : 0.001 [0.001]
2021-01-14 01:26:01,097 - Pose - INFO - iteration[0] batch loss 0.000173	avg_acc 0.8797	total_count 13
2021-01-14 01:28:28,416 - Pose - INFO - iteration[500] batch loss 0.000149	avg_acc 0.9076	total_count 6513
2021-01-14 01:30:55,968 - Pose - INFO - iteration[1000] batch loss 0.000156	avg_acc 0.9049	total_count 13013
2021-01-14 01:33:23,564 - Pose - INFO - iteration[1500] batch loss 0.000137	avg_acc 0.9039	total_count 19513
2021-01-14 01:35:51,176 - Pose - INFO - iteration[2000] batch loss 0.000160	avg_acc 0.9032	total_count 26013
2021-01-14 01:38:15,292 - Pose - INFO - epoch loss : 0.000157
2021-01-14 01:38:15,295 - Pose - INFO - epoch acc on train data : 0.9022
2021-01-14 01:38:15,295 - Pose - INFO - epoch 9 acc 0.9022271169266091 > max acc 0.8881294049428721 epoch 8
2021-01-14 01:38:15,511 - Pose - INFO - Epoch 10	current lr : 0.0001 [0.0001]
2021-01-14 01:38:27,210 - Pose - INFO - iteration[0] batch loss 0.000147	avg_acc 0.9181	total_count 13
2021-01-14 01:40:54,532 - Pose - INFO - iteration[500] batch loss 0.000103	avg_acc 0.9222	total_count 6513
2021-01-14 01:43:22,762 - Pose - INFO - iteration[1000] batch loss 0.000128	avg_acc 0.9242	total_count 13013
2021-01-14 01:45:50,985 - Pose - INFO - iteration[1500] batch loss 0.000133	avg_acc 0.9258	total_count 19513
2021-01-14 01:48:18,544 - Pose - INFO - iteration[2000] batch loss 0.000140	avg_acc 0.9270	total_count 26013
2021-01-14 01:50:42,800 - Pose - INFO - epoch loss : 0.000125
2021-01-14 01:50:42,801 - Pose - INFO - epoch acc on train data : 0.9278
2021-01-14 01:50:42,801 - Pose - INFO - epoch 10 acc 0.9277775404320818 > max acc 0.9022271169266091 epoch 9
2021-01-14 01:50:43,002 - Pose - INFO - Epoch 11	current lr : 0.0001 [0.0001]
2021-01-14 01:50:53,855 - Pose - INFO - iteration[0] batch loss 0.000118	avg_acc 0.9182	total_count 13
2021-01-14 01:53:21,114 - Pose - INFO - iteration[500] batch loss 0.000111	avg_acc 0.9375	total_count 6513
2021-01-14 01:55:48,760 - Pose - INFO - iteration[1000] batch loss 0.000118	avg_acc 0.9381	total_count 13013
2021-01-14 01:58:16,489 - Pose - INFO - iteration[1500] batch loss 0.000112	avg_acc 0.9381	total_count 19513
2021-01-14 02:00:44,154 - Pose - INFO - iteration[2000] batch loss 0.000114	avg_acc 0.9383	total_count 26013
2021-01-14 02:03:08,427 - Pose - INFO - epoch loss : 0.000111
2021-01-14 02:03:08,427 - Pose - INFO - epoch acc on train data : 0.9380
2021-01-14 02:03:08,427 - Pose - INFO - epoch 11 acc 0.9380030201268759 > max acc 0.9277775404320818 epoch 10
2021-01-14 02:03:08,634 - Pose - INFO - Epoch 12	current lr : 0.0001 [0.0001]
2021-01-14 02:03:19,736 - Pose - INFO - iteration[0] batch loss 0.000094	avg_acc 0.9467	total_count 13
2021-01-14 02:05:47,058 - Pose - INFO - iteration[500] batch loss 0.000103	avg_acc 0.9449	total_count 6513
2021-01-14 02:08:15,034 - Pose - INFO - iteration[1000] batch loss 0.000133	avg_acc 0.9451	total_count 13013
2021-01-14 02:10:43,244 - Pose - INFO - iteration[1500] batch loss 0.000109	avg_acc 0.9448	total_count 19513
2021-01-14 02:13:10,722 - Pose - INFO - iteration[2000] batch loss 0.000120	avg_acc 0.9449	total_count 26013
2021-01-14 02:15:34,967 - Pose - INFO - epoch loss : 0.000102
2021-01-14 02:15:34,967 - Pose - INFO - epoch acc on train data : 0.9448
2021-01-14 02:15:34,967 - Pose - INFO - epoch 12 acc 0.9448309741657637 > max acc 0.9380030201268759 epoch 11
2021-01-14 02:15:35,169 - Pose - INFO - Epoch 13	current lr : 0.0001 [0.0001]
2021-01-14 02:15:46,314 - Pose - INFO - iteration[0] batch loss 0.000088	avg_acc 0.9486	total_count 13
2021-01-14 02:18:13,728 - Pose - INFO - iteration[500] batch loss 0.000085	avg_acc 0.9503	total_count 6513
2021-01-14 02:20:41,424 - Pose - INFO - iteration[1000] batch loss 0.000104	avg_acc 0.9508	total_count 13013
2021-01-14 02:23:09,305 - Pose - INFO - iteration[1500] batch loss 0.000081	avg_acc 0.9509	total_count 19513
2021-01-14 02:25:36,965 - Pose - INFO - iteration[2000] batch loss 0.000086	avg_acc 0.9509	total_count 26013
2021-01-14 02:28:01,130 - Pose - INFO - epoch loss : 0.000093
2021-01-14 02:28:01,131 - Pose - INFO - epoch acc on train data : 0.9509
2021-01-14 02:28:01,131 - Pose - INFO - epoch 13 acc 0.9508828022061638 > max acc 0.9448309741657637 epoch 12
2021-01-14 02:28:01,346 - Pose - INFO - Epoch 14	current lr : 0.0001 [0.0001]
2021-01-14 02:28:12,256 - Pose - INFO - iteration[0] batch loss 0.000084	avg_acc 0.9494	total_count 13
2021-01-14 02:30:40,231 - Pose - INFO - iteration[500] batch loss 0.000077	avg_acc 0.9568	total_count 6513
2021-01-14 02:33:08,387 - Pose - INFO - iteration[1000] batch loss 0.000073	avg_acc 0.9567	total_count 13013
2021-01-14 02:35:35,798 - Pose - INFO - iteration[1500] batch loss 0.000081	avg_acc 0.9564	total_count 19513
2021-01-14 02:38:03,340 - Pose - INFO - iteration[2000] batch loss 0.000075	avg_acc 0.9562	total_count 26013
2021-01-14 02:40:27,477 - Pose - INFO - epoch loss : 0.000085
2021-01-14 02:40:27,477 - Pose - INFO - epoch acc on train data : 0.9562
2021-01-14 02:40:27,477 - Pose - INFO - epoch 14 acc 0.9562307303260955 > max acc 0.9508828022061638 epoch 13
2021-01-14 02:40:27,681 - Pose - INFO - Epoch 15	current lr : 0.0001 [0.0001]
2021-01-14 02:40:38,654 - Pose - INFO - iteration[0] batch loss 0.000094	avg_acc 0.9241	total_count 13
2021-01-14 02:43:05,864 - Pose - INFO - iteration[500] batch loss 0.000072	avg_acc 0.9618	total_count 6513
2021-01-14 02:45:33,542 - Pose - INFO - iteration[1000] batch loss 0.000086	avg_acc 0.9612	total_count 13013
2021-01-14 02:48:01,124 - Pose - INFO - iteration[1500] batch loss 0.000088	avg_acc 0.9613	total_count 19513
2021-01-14 02:50:28,711 - Pose - INFO - iteration[2000] batch loss 0.000071	avg_acc 0.9612	total_count 26013
2021-01-14 02:52:52,927 - Pose - INFO - epoch loss : 0.000078
2021-01-14 02:52:52,927 - Pose - INFO - epoch acc on train data : 0.9610
2021-01-14 02:52:52,927 - Pose - INFO - epoch 15 acc 0.9609784399090568 > max acc 0.9562307303260955 epoch 14
2021-01-14 02:52:53,143 - Pose - INFO - Epoch 16	current lr : 0.0001 [0.0001]
2021-01-14 02:53:04,347 - Pose - INFO - iteration[0] batch loss 0.000071	avg_acc 0.9679	total_count 13
2021-01-14 02:55:32,112 - Pose - INFO - iteration[500] batch loss 0.000080	avg_acc 0.9650	total_count 6513
2021-01-14 02:58:00,032 - Pose - INFO - iteration[1000] batch loss 0.000086	avg_acc 0.9648	total_count 13013
2021-01-14 03:00:27,242 - Pose - INFO - iteration[1500] batch loss 0.000077	avg_acc 0.9649	total_count 19513
2021-01-14 03:02:56,733 - Pose - INFO - iteration[2000] batch loss 0.000061	avg_acc 0.9650	total_count 26013
2021-01-14 03:05:26,082 - Pose - INFO - epoch loss : 0.000071
2021-01-14 03:05:26,082 - Pose - INFO - epoch acc on train data : 0.9649
2021-01-14 03:05:26,082 - Pose - INFO - epoch 16 acc 0.9648546103464457 > max acc 0.9609784399090568 epoch 15
2021-01-14 03:05:26,298 - Pose - INFO - Epoch 17	current lr : 0.0001 [0.0001]
2021-01-14 03:05:37,351 - Pose - INFO - iteration[0] batch loss 0.000074	avg_acc 0.9497	total_count 13
2021-01-14 03:08:09,806 - Pose - INFO - iteration[500] batch loss 0.000071	avg_acc 0.9690	total_count 6513
2021-01-14 03:10:42,299 - Pose - INFO - iteration[1000] batch loss 0.000078	avg_acc 0.9689	total_count 13013
2021-01-14 03:13:14,728 - Pose - INFO - iteration[1500] batch loss 0.000060	avg_acc 0.9685	total_count 19513
2021-01-14 03:15:47,226 - Pose - INFO - iteration[2000] batch loss 0.000061	avg_acc 0.9684	total_count 26013
2021-01-14 03:18:16,021 - Pose - INFO - epoch loss : 0.000065
2021-01-14 03:18:16,021 - Pose - INFO - epoch acc on train data : 0.9681
2021-01-14 03:18:16,021 - Pose - INFO - epoch 17 acc 0.9681028704425144 > max acc 0.9648546103464457 epoch 16
2021-01-14 03:18:16,242 - Pose - INFO - Epoch 18	current lr : 0.0001 [0.0001]
2021-01-14 03:18:27,393 - Pose - INFO - iteration[0] batch loss 0.000055	avg_acc 0.9711	total_count 13
2021-01-14 03:20:59,392 - Pose - INFO - iteration[500] batch loss 0.000062	avg_acc 0.9706	total_count 6513
2021-01-14 03:23:31,811 - Pose - INFO - iteration[1000] batch loss 0.000057	avg_acc 0.9706	total_count 13013
2021-01-14 03:26:04,296 - Pose - INFO - iteration[1500] batch loss 0.000066	avg_acc 0.9707	total_count 19513
2021-01-14 03:28:36,780 - Pose - INFO - iteration[2000] batch loss 0.000062	avg_acc 0.9707	total_count 26013
2021-01-14 03:31:05,408 - Pose - INFO - epoch loss : 0.000060
2021-01-14 03:31:05,409 - Pose - INFO - epoch acc on train data : 0.9709
2021-01-14 03:31:05,409 - Pose - INFO - epoch 18 acc 0.970883263899642 > max acc 0.9681028704425144 epoch 17
2021-01-14 03:31:05,628 - Pose - INFO - Epoch 19	current lr : 0.0001 [0.0001]
2021-01-14 03:31:16,697 - Pose - INFO - iteration[0] batch loss 0.000055	avg_acc 0.9781	total_count 13
2021-01-14 03:33:48,738 - Pose - INFO - iteration[500] batch loss 0.000058	avg_acc 0.9739	total_count 6513
2021-01-14 03:36:21,140 - Pose - INFO - iteration[1000] batch loss 0.000063	avg_acc 0.9736	total_count 13013
2021-01-14 03:38:53,661 - Pose - INFO - iteration[1500] batch loss 0.000063	avg_acc 0.9734	total_count 19513
2021-01-14 03:41:26,211 - Pose - INFO - iteration[2000] batch loss 0.000053	avg_acc 0.9733	total_count 26013
2021-01-14 03:43:54,769 - Pose - INFO - epoch loss : 0.000055
2021-01-14 03:43:54,770 - Pose - INFO - epoch acc on train data : 0.9731
2021-01-14 03:43:54,770 - Pose - INFO - epoch 19 acc 0.9730992899748604 > max acc 0.970883263899642 epoch 18
2021-01-14 03:43:54,990 - Pose - INFO - Epoch 20	current lr : 1e-05 [1e-05]
2021-01-14 03:44:06,075 - Pose - INFO - iteration[0] batch loss 0.000043	avg_acc 0.9902	total_count 13
2021-01-14 03:46:38,116 - Pose - INFO - iteration[500] batch loss 0.000045	avg_acc 0.9757	total_count 6513
2021-01-14 03:49:10,476 - Pose - INFO - iteration[1000] batch loss 0.000045	avg_acc 0.9757	total_count 13013
2021-01-14 03:51:42,978 - Pose - INFO - iteration[1500] batch loss 0.000049	avg_acc 0.9757	total_count 19513
2021-01-14 03:54:15,450 - Pose - INFO - iteration[2000] batch loss 0.000045	avg_acc 0.9756	total_count 26013
2021-01-14 03:56:44,122 - Pose - INFO - epoch loss : 0.000048
2021-01-14 03:56:44,123 - Pose - INFO - epoch acc on train data : 0.9756
2021-01-14 03:56:44,123 - Pose - INFO - epoch 20 acc 0.975619371237853 > max acc 0.9730992899748604 epoch 19
2021-01-14 03:56:44,341 - Pose - INFO - Epoch 21	current lr : 1e-05 [1e-05]
2021-01-14 03:56:55,240 - Pose - INFO - iteration[0] batch loss 0.000051	avg_acc 0.9777	total_count 13
2021-01-14 03:59:27,462 - Pose - INFO - iteration[500] batch loss 0.000043	avg_acc 0.9756	total_count 6513
2021-01-14 04:01:59,877 - Pose - INFO - iteration[1000] batch loss 0.000047	avg_acc 0.9758	total_count 13013
2021-01-14 04:04:32,323 - Pose - INFO - iteration[1500] batch loss 0.000041	avg_acc 0.9758	total_count 19513
2021-01-14 04:07:04,835 - Pose - INFO - iteration[2000] batch loss 0.000047	avg_acc 0.9759	total_count 26013
2021-01-14 04:09:33,629 - Pose - INFO - epoch loss : 0.000047
2021-01-14 04:09:33,629 - Pose - INFO - epoch acc on train data : 0.9760
2021-01-14 04:09:33,630 - Pose - INFO - epoch 21 acc 0.9760125957340143 > max acc 0.975619371237853 epoch 20
2021-01-14 04:09:33,850 - Pose - INFO - Epoch 22	current lr : 1e-05 [1e-05]
2021-01-14 04:09:44,896 - Pose - INFO - iteration[0] batch loss 0.000042	avg_acc 0.9829	total_count 13
2021-01-14 04:12:17,024 - Pose - INFO - iteration[500] batch loss 0.000042	avg_acc 0.9764	total_count 6513
2021-01-14 04:14:49,413 - Pose - INFO - iteration[1000] batch loss 0.000039	avg_acc 0.9762	total_count 13013
2021-01-14 04:17:21,785 - Pose - INFO - iteration[1500] batch loss 0.000047	avg_acc 0.9765	total_count 19513
2021-01-14 04:19:54,165 - Pose - INFO - iteration[2000] batch loss 0.000045	avg_acc 0.9764	total_count 26013
2021-01-14 04:22:22,922 - Pose - INFO - epoch loss : 0.000046
2021-01-14 04:22:22,922 - Pose - INFO - epoch acc on train data : 0.9763
2021-01-14 04:22:22,922 - Pose - INFO - epoch 22 acc 0.976343425050465 > max acc 0.9760125957340143 epoch 21
2021-01-14 04:22:23,142 - Pose - INFO - Epoch 23	current lr : 1e-05 [1e-05]
2021-01-14 04:22:34,210 - Pose - INFO - iteration[0] batch loss 0.000043	avg_acc 0.9801	total_count 13
2021-01-14 04:25:06,337 - Pose - INFO - iteration[500] batch loss 0.000050	avg_acc 0.9772	total_count 6513
2021-01-14 04:27:38,743 - Pose - INFO - iteration[1000] batch loss 0.000049	avg_acc 0.9770	total_count 13013
2021-01-14 04:30:11,242 - Pose - INFO - iteration[1500] batch loss 0.000042	avg_acc 0.9766	total_count 19513
2021-01-14 04:32:43,731 - Pose - INFO - iteration[2000] batch loss 0.000038	avg_acc 0.9767	total_count 26013
2021-01-14 04:35:12,424 - Pose - INFO - epoch loss : 0.000045
2021-01-14 04:35:12,424 - Pose - INFO - epoch acc on train data : 0.9767
2021-01-14 04:35:12,424 - Pose - INFO - epoch 23 acc 0.9766852328107657 > max acc 0.976343425050465 epoch 22
2021-01-14 04:35:12,643 - Pose - INFO - Epoch 24	current lr : 1e-05 [1e-05]
2021-01-14 04:35:23,692 - Pose - INFO - iteration[0] batch loss 0.000041	avg_acc 0.9779	total_count 13
2021-01-14 04:37:55,926 - Pose - INFO - iteration[500] batch loss 0.000043	avg_acc 0.9772	total_count 6513
2021-01-14 04:40:28,492 - Pose - INFO - iteration[1000] batch loss 0.000049	avg_acc 0.9769	total_count 13013
2021-01-14 04:43:01,155 - Pose - INFO - iteration[1500] batch loss 0.000056	avg_acc 0.9770	total_count 19513
2021-01-14 04:45:33,711 - Pose - INFO - iteration[2000] batch loss 0.000046	avg_acc 0.9770	total_count 26013
2021-01-14 04:48:02,398 - Pose - INFO - epoch loss : 0.000045
2021-01-14 04:48:02,398 - Pose - INFO - epoch acc on train data : 0.9769
2021-01-14 04:48:02,398 - Pose - INFO - epoch 24 acc 0.9769006656050724 > max acc 0.9766852328107657 epoch 23
2021-01-14 04:48:02,621 - Pose - INFO - Epoch 25	current lr : 1e-05 [1e-05]
2021-01-14 04:48:13,666 - Pose - INFO - iteration[0] batch loss 0.000035	avg_acc 0.9802	total_count 13
2021-01-14 04:50:45,788 - Pose - INFO - iteration[500] batch loss 0.000047	avg_acc 0.9773	total_count 6513
2021-01-14 04:53:18,310 - Pose - INFO - iteration[1000] batch loss 0.000045	avg_acc 0.9776	total_count 13013
2021-01-14 04:55:50,697 - Pose - INFO - iteration[1500] batch loss 0.000040	avg_acc 0.9773	total_count 19513
2021-01-14 04:58:23,246 - Pose - INFO - iteration[2000] batch loss 0.000042	avg_acc 0.9771	total_count 26013
2021-01-14 05:00:52,046 - Pose - INFO - epoch loss : 0.000044
2021-01-14 05:00:52,046 - Pose - INFO - epoch acc on train data : 0.9770
2021-01-14 05:00:52,046 - Pose - INFO - epoch 25 acc 0.9770221259599918 > max acc 0.9769006656050724 epoch 24
2021-01-14 05:00:52,270 - Pose - INFO - Epoch 26	current lr : 1e-05 [1e-05]
2021-01-14 05:01:03,426 - Pose - INFO - iteration[0] batch loss 0.000042	avg_acc 0.9795	total_count 13
