2021-01-19 21:03:25,918 - Pose - INFO - saved model name 210119_hrnet_nlayer18_adam_lr0.001_batch32_momentum0.9_schedule[10, 20]_nepoch30_hrnet
2021-01-19 21:03:25,918 - Pose - INFO - training batch size : 32	number of layer : 18
2021-01-19 21:03:25,918 - Pose - INFO - optimizer : adam	learning rate : 0.001	momentum : 0.9
2021-01-19 21:03:25,918 - Pose - INFO - number of epochs : 30	scheduler : [10, 20]	gammas : 0.1
2021-01-19 21:03:25,918 - Pose - INFO - gaussian noise : False	normalize : False	cutoff : 128	visualize : False
2021-01-19 21:03:25,918 - Pose - INFO - data augmentation : cutmix	flatten : True
2021-01-19 21:03:25,918 - Pose - INFO - Model : hrnet
2021-01-19 21:03:26,462 - Pose - INFO - Let's use single gpu	 now gpu : 1
2021-01-19 21:03:29,397 - Pose - INFO - use adam optimizer
2021-01-19 21:03:32,864 - Pose - INFO - Epoch 0	current lr : 0.001 [0.001]
2021-01-19 21:07:19,308 - Pose - INFO - saved model name 210119_hrnet_nlayer18_adam_lr0.001_batch32_momentum0.9_schedule[10, 20]_nepoch30_hrnet
2021-01-19 21:07:19,308 - Pose - INFO - training batch size : 32	number of layer : 18
2021-01-19 21:07:19,308 - Pose - INFO - optimizer : adam	learning rate : 0.001	momentum : 0.9
2021-01-19 21:07:19,308 - Pose - INFO - number of epochs : 30	scheduler : [10, 20]	gammas : 0.1
2021-01-19 21:07:19,308 - Pose - INFO - gaussian noise : False	normalize : False	cutoff : 128	visualize : False
2021-01-19 21:07:19,308 - Pose - INFO - data augmentation : cutmix	flatten : True
2021-01-19 21:07:19,308 - Pose - INFO - Model : hrnet
2021-01-19 21:07:19,835 - Pose - INFO - Let's use single gpu	 now gpu : 1
2021-01-19 21:07:22,572 - Pose - INFO - use adam optimizer
2021-01-19 21:07:25,763 - Pose - INFO - Epoch 0	current lr : 0.001 [0.001]
2021-01-19 21:07:59,071 - Pose - INFO - saved model name 210119_hrnet_nlayer18_adam_lr0.001_batch32_momentum0.9_schedule[10, 20]_nepoch30_hrnet
2021-01-19 21:07:59,072 - Pose - INFO - training batch size : 32	number of layer : 18
2021-01-19 21:07:59,072 - Pose - INFO - optimizer : adam	learning rate : 0.001	momentum : 0.9
2021-01-19 21:07:59,072 - Pose - INFO - number of epochs : 30	scheduler : [10, 20]	gammas : 0.1
2021-01-19 21:07:59,072 - Pose - INFO - gaussian noise : False	normalize : False	cutoff : 128	visualize : False
2021-01-19 21:07:59,072 - Pose - INFO - data augmentation : cutmix	flatten : True
2021-01-19 21:07:59,072 - Pose - INFO - Model : hrnet
2021-01-19 21:07:59,673 - Pose - INFO - Let's use single gpu	 now gpu : 1
2021-01-19 21:08:02,466 - Pose - INFO - use adam optimizer
2021-01-19 21:08:05,854 - Pose - INFO - Epoch 0	current lr : 0.001 [0.001]
