2021-01-20 14:48:16,720 - Pose - INFO - saved model name 210120_hrnet_nlayer18_adam_lr0.001_batch16_momentum0.9_schedule[10, 20]_nepoch20_hrnet
2021-01-20 14:48:16,720 - Pose - INFO - training batch size : 16	number of layer : 18
2021-01-20 14:48:16,720 - Pose - INFO - optimizer : adam	learning rate : 0.001	momentum : 0.9
2021-01-20 14:48:16,720 - Pose - INFO - number of epochs : 20	scheduler : [10, 20]	gammas : 0.1
2021-01-20 14:48:16,720 - Pose - INFO - gaussian noise : False	normalize : False	cutoff : 448	visualize : False
2021-01-20 14:48:16,720 - Pose - INFO - data augmentation : cutmix	flatten : True
2021-01-20 14:48:16,720 - Pose - INFO - Model : hrnet
2021-01-20 14:48:17,025 - Pose - INFO - Let's use single gpu	 now gpu : 1
2021-01-20 14:48:19,902 - Pose - INFO - use adam optimizer
2021-01-20 14:48:21,861 - Pose - INFO - Epoch 0	current lr : 0.001 [0.001]
2021-01-20 14:48:23,547 - Pose - INFO - iteration[0] batch loss 5.235654	avg_acc 0.0144	total_count 13
2021-01-20 14:48:51,141 - Pose - INFO - saved model name 210120_hrnet_nlayer18_adam_lr0.001_batch16_momentum0.9_schedule[10, 20]_nepoch20_hrnet
2021-01-20 14:48:51,141 - Pose - INFO - training batch size : 16	number of layer : 18
2021-01-20 14:48:51,141 - Pose - INFO - optimizer : adam	learning rate : 0.001	momentum : 0.9
2021-01-20 14:48:51,141 - Pose - INFO - number of epochs : 20	scheduler : [10, 20]	gammas : 0.1
2021-01-20 14:48:51,141 - Pose - INFO - gaussian noise : False	normalize : False	cutoff : 448	visualize : False
2021-01-20 14:48:51,141 - Pose - INFO - data augmentation : cutmix	flatten : True
2021-01-20 14:48:51,141 - Pose - INFO - Model : hrnet
2021-01-20 14:48:51,452 - Pose - INFO - Let's use single gpu	 now gpu : 1
2021-01-20 14:48:54,325 - Pose - INFO - use adam optimizer
2021-01-20 14:48:56,263 - Pose - INFO - Epoch 0	current lr : 0.001 [0.001]
2021-01-20 14:48:58,008 - Pose - INFO - iteration[0] batch loss 8.478307	avg_acc 0.0048	total_count 13
2021-01-20 14:49:13,428 - Pose - INFO - saved model name 210120_hrnet_nlayer18_adam_lr0.001_batch16_momentum0.9_schedule[10, 20]_nepoch20_hrnet
2021-01-20 14:49:13,428 - Pose - INFO - training batch size : 16	number of layer : 18
2021-01-20 14:49:13,428 - Pose - INFO - optimizer : adam	learning rate : 0.001	momentum : 0.9
2021-01-20 14:49:13,428 - Pose - INFO - number of epochs : 20	scheduler : [10, 20]	gammas : 0.1
2021-01-20 14:49:13,428 - Pose - INFO - gaussian noise : False	normalize : False	cutoff : 448	visualize : False
2021-01-20 14:49:13,428 - Pose - INFO - data augmentation : cutmix	flatten : True
2021-01-20 14:49:13,428 - Pose - INFO - Model : hrnet
2021-01-20 14:49:13,738 - Pose - INFO - Let's use single gpu	 now gpu : 1
2021-01-20 14:49:16,747 - Pose - INFO - use adam optimizer
2021-01-20 14:49:48,333 - Pose - INFO - Epoch 0	current lr : 0.001 [0.001]
2021-01-20 14:49:51,124 - Pose - INFO - iteration[0] batch loss 6.476644	avg_acc 0.0096	total_count 13
2021-01-20 14:56:12,577 - Pose - INFO - iteration[500] batch loss 0.000833	avg_acc 0.0072	total_count 6513
2021-01-20 15:02:35,459 - Pose - INFO - iteration[1000] batch loss 0.000669	avg_acc 0.0085	total_count 13013
2021-01-20 15:08:58,300 - Pose - INFO - iteration[1500] batch loss 0.000475	avg_acc 0.0089	total_count 19513
2021-01-20 15:15:21,441 - Pose - INFO - iteration[2000] batch loss 0.000372	avg_acc 0.0097	total_count 26013
2021-01-20 15:21:44,764 - Pose - INFO - iteration[2500] batch loss 0.000354	avg_acc 0.0105	total_count 32513
2021-01-20 15:28:08,227 - Pose - INFO - iteration[3000] batch loss 0.000336	avg_acc 0.0109	total_count 39013
2021-01-20 15:34:31,732 - Pose - INFO - iteration[3500] batch loss 0.000324	avg_acc 0.0115	total_count 45513
2021-01-20 15:40:55,604 - Pose - INFO - iteration[4000] batch loss 0.000330	avg_acc 0.0120	total_count 52013
2021-01-20 15:47:21,492 - Pose - INFO - iteration[4500] batch loss 0.000313	avg_acc 0.0125	total_count 58513
2021-01-20 15:53:22,875 - Pose - INFO - epoch loss : 0.007714
2021-01-20 15:53:22,875 - Pose - INFO - epoch acc on train data : 0.0138
2021-01-20 15:53:22,875 - Pose - INFO - epoch 0 acc 0.013801171659895778 > max acc 0 epoch 0
2021-01-20 15:53:23,329 - Pose - INFO - Epoch 1	current lr : 0.001 [0.001]
2021-01-20 15:53:34,332 - Pose - INFO - iteration[0] batch loss 0.000346	avg_acc 0.0288	total_count 13
2021-01-20 15:59:54,599 - Pose - INFO - iteration[500] batch loss 0.000315	avg_acc 0.1015	total_count 6513
2021-01-20 16:06:15,125 - Pose - INFO - iteration[1000] batch loss 0.000276	avg_acc 0.1218	total_count 13013
2021-01-20 16:12:35,765 - Pose - INFO - iteration[1500] batch loss 0.000287	avg_acc 0.1363	total_count 19513
2021-01-20 16:18:57,230 - Pose - INFO - iteration[2000] batch loss 0.000282	avg_acc 0.1454	total_count 26013
2021-01-20 16:25:18,642 - Pose - INFO - iteration[2500] batch loss 0.000297	avg_acc 0.1520	total_count 32513
2021-01-20 16:31:39,941 - Pose - INFO - iteration[3000] batch loss 0.000276	avg_acc 0.1574	total_count 39013
2021-01-20 16:38:01,371 - Pose - INFO - iteration[3500] batch loss 0.000284	avg_acc 0.1617	total_count 45513
2021-01-20 16:44:23,416 - Pose - INFO - iteration[4000] batch loss 0.000264	avg_acc 0.1656	total_count 52013
2021-01-20 16:50:45,257 - Pose - INFO - iteration[4500] batch loss 0.000625	avg_acc 0.1702	total_count 58513
2021-01-20 16:56:43,710 - Pose - INFO - epoch loss : 0.000295
2021-01-20 16:56:43,710 - Pose - INFO - epoch acc on train data : 0.1719
2021-01-20 16:56:43,710 - Pose - INFO - epoch 1 acc 0.1718836087773497 > max acc 0.013801171659895778 epoch 0
2021-01-20 16:56:44,212 - Pose - INFO - Epoch 2	current lr : 0.001 [0.001]
2021-01-20 16:56:53,140 - Pose - INFO - iteration[0] batch loss 0.000308	avg_acc 0.2404	total_count 13
2021-01-20 17:03:14,012 - Pose - INFO - iteration[500] batch loss 0.000271	avg_acc 0.2024	total_count 6513
2021-01-20 17:09:35,440 - Pose - INFO - iteration[1000] batch loss 0.000292	avg_acc 0.2115	total_count 13013
2021-01-20 17:15:57,112 - Pose - INFO - iteration[1500] batch loss 0.000267	avg_acc 0.2336	total_count 19513
