2021-01-17 21:36:12,525 - Pose - INFO - saved model name 210117_aug_nlayer18_adam_lr0.001_batch64_momentum0.9_schedule[10, 20]_nepoch30
2021-01-17 21:36:12,525 - Pose - INFO - training batch size : 64	number of layer : 18
2021-01-17 21:36:12,525 - Pose - INFO - optimizer : adam	learning rate : 0.001	momentum : 0.9
2021-01-17 21:36:12,525 - Pose - INFO - number of epochs : 30	scheduler : [10, 20]	gammas : 0.1
2021-01-17 21:36:12,526 - Pose - INFO - gaussian noise : False	normalize : False	cutoff : 128	visualize : False
2021-01-17 21:36:12,526 - Pose - INFO - data augmentation : all	flatten : True
2021-01-17 21:36:12,667 - Pose - INFO - Let's use single gpu	 now gpu : 1
2021-01-17 21:36:15,675 - Pose - INFO - use adam optimizer
2021-01-17 21:37:26,232 - Pose - INFO - Epoch 0	current lr : 0.001 [0.001]
2021-01-17 21:37:29,648 - Pose - INFO - iteration[0] batch loss 0.065256	avg_acc 0.0157	total_count 13
2021-01-17 21:42:31,516 - Pose - INFO - iteration[500] batch loss 0.000333	avg_acc 0.0115	total_count 6513
2021-01-17 21:47:39,025 - Pose - INFO - iteration[1000] batch loss 0.000339	avg_acc 0.0097	total_count 13013
2021-01-17 21:50:08,118 - Pose - INFO - epoch loss : 0.000864
2021-01-17 21:50:08,118 - Pose - INFO - epoch acc on train data : 0.0089
2021-01-17 21:50:08,118 - Pose - INFO - epoch 0 acc 0.00890745949852954 > max acc 0 epoch 0
2021-01-17 21:50:08,318 - Pose - INFO - Epoch 1	current lr : 0.001 [0.001]
2021-01-17 21:50:11,242 - Pose - INFO - iteration[0] batch loss 0.000343	avg_acc 0.0012	total_count 13
2021-01-17 21:55:12,244 - Pose - INFO - iteration[500] batch loss 0.000330	avg_acc 0.0056	total_count 6513
2021-01-17 22:00:29,128 - Pose - INFO - iteration[1000] batch loss 0.000338	avg_acc 0.0054	total_count 13013
2021-01-17 22:03:01,771 - Pose - INFO - epoch loss : 0.000337
2021-01-17 22:03:01,771 - Pose - INFO - epoch acc on train data : 0.0050
2021-01-17 22:03:01,889 - Pose - INFO - Epoch 2	current lr : 0.001 [0.001]
2021-01-17 22:03:04,304 - Pose - INFO - iteration[0] batch loss 0.000342	avg_acc 0.0036	total_count 13
2021-01-17 22:08:20,881 - Pose - INFO - iteration[500] batch loss 0.000335	avg_acc 0.0038	total_count 6513
2021-01-17 22:13:26,676 - Pose - INFO - iteration[1000] batch loss 0.000341	avg_acc 0.0043	total_count 13013
2021-01-17 22:15:51,808 - Pose - INFO - epoch loss : 0.000338
2021-01-17 22:15:51,808 - Pose - INFO - epoch acc on train data : 0.0051
2021-01-17 22:15:51,915 - Pose - INFO - Epoch 3	current lr : 0.001 [0.001]
2021-01-17 22:15:54,741 - Pose - INFO - iteration[0] batch loss 0.000342	avg_acc 0.0072	total_count 13
2021-01-17 22:20:55,763 - Pose - INFO - iteration[500] batch loss 0.000335	avg_acc 0.0142	total_count 6513
2021-01-17 22:25:57,498 - Pose - INFO - iteration[1000] batch loss 0.000337	avg_acc 0.0346	total_count 13013
2021-01-17 22:28:23,224 - Pose - INFO - epoch loss : 0.000336
2021-01-17 22:28:23,224 - Pose - INFO - epoch acc on train data : 0.0544
2021-01-17 22:28:23,224 - Pose - INFO - epoch 3 acc 0.05438311775148708 > max acc 0.00890745949852954 epoch 0
2021-01-17 22:28:23,437 - Pose - INFO - Epoch 4	current lr : 0.001 [0.001]
2021-01-17 22:28:26,204 - Pose - INFO - iteration[0] batch loss 0.000328	avg_acc 0.1606	total_count 13
2021-01-17 22:33:27,687 - Pose - INFO - iteration[500] batch loss 0.000292	avg_acc 0.2756	total_count 6513
2021-01-17 22:38:29,600 - Pose - INFO - iteration[1000] batch loss 0.000285	avg_acc 0.3817	total_count 13013
2021-01-17 22:40:55,325 - Pose - INFO - epoch loss : 0.000297
2021-01-17 22:40:55,326 - Pose - INFO - epoch acc on train data : 0.4150
2021-01-17 22:40:55,326 - Pose - INFO - epoch 4 acc 0.4150291785337744 > max acc 0.05438311775148708 epoch 3
2021-01-17 22:40:55,548 - Pose - INFO - Epoch 5	current lr : 0.001 [0.001]
2021-01-17 22:40:58,100 - Pose - INFO - iteration[0] batch loss 0.000287	avg_acc 0.4873	total_count 13
2021-01-17 22:46:00,217 - Pose - INFO - iteration[500] batch loss 0.000255	avg_acc 0.5911	total_count 6513
2021-01-17 22:51:02,743 - Pose - INFO - iteration[1000] batch loss 0.000256	avg_acc 0.6026	total_count 13013
2021-01-17 22:53:28,789 - Pose - INFO - epoch loss : 0.000258
2021-01-17 22:53:28,789 - Pose - INFO - epoch acc on train data : 0.6090
2021-01-17 22:53:28,789 - Pose - INFO - epoch 5 acc 0.6089548007053801 > max acc 0.4150291785337744 epoch 4
2021-01-17 22:53:29,017 - Pose - INFO - Epoch 6	current lr : 0.001 [0.001]
2021-01-17 22:53:31,891 - Pose - INFO - iteration[0] batch loss 0.000253	avg_acc 0.6118	total_count 13
2021-01-17 22:58:33,744 - Pose - INFO - iteration[500] batch loss 0.000238	avg_acc 0.6472	total_count 6513
2021-01-17 23:03:36,052 - Pose - INFO - iteration[1000] batch loss 0.000241	avg_acc 0.6519	total_count 13013
2021-01-17 23:06:02,151 - Pose - INFO - epoch loss : 0.000240
2021-01-17 23:06:02,151 - Pose - INFO - epoch acc on train data : 0.6549
2021-01-17 23:06:02,151 - Pose - INFO - epoch 6 acc 0.6549221342298758 > max acc 0.6089548007053801 epoch 5
2021-01-17 23:06:02,374 - Pose - INFO - Epoch 7	current lr : 0.001 [0.001]
2021-01-17 23:06:05,175 - Pose - INFO - iteration[0] batch loss 0.000223	avg_acc 0.7275	total_count 13
2021-01-17 23:11:07,157 - Pose - INFO - iteration[500] batch loss 0.000216	avg_acc 0.6764	total_count 6513
2021-01-17 23:16:09,144 - Pose - INFO - iteration[1000] batch loss 0.000232	avg_acc 0.6795	total_count 13013
2021-01-17 23:18:35,261 - Pose - INFO - epoch loss : 0.000227
2021-01-17 23:18:35,261 - Pose - INFO - epoch acc on train data : 0.6814
2021-01-17 23:18:35,261 - Pose - INFO - epoch 7 acc 0.6814036895327359 > max acc 0.6549221342298758 epoch 6
2021-01-17 23:18:35,480 - Pose - INFO - Epoch 8	current lr : 0.001 [0.001]
2021-01-17 23:18:38,092 - Pose - INFO - iteration[0] batch loss 0.000221	avg_acc 0.7060	total_count 13
2021-01-17 23:23:39,828 - Pose - INFO - iteration[500] batch loss 0.000215	avg_acc 0.6982	total_count 6513
2021-01-17 23:28:41,730 - Pose - INFO - iteration[1000] batch loss 0.000232	avg_acc 0.6990	total_count 13013
2021-01-17 23:31:07,323 - Pose - INFO - epoch loss : 0.000216
2021-01-17 23:31:07,323 - Pose - INFO - epoch acc on train data : 0.7001
2021-01-17 23:31:07,323 - Pose - INFO - epoch 8 acc 0.7000735596803065 > max acc 0.6814036895327359 epoch 7
2021-01-17 23:31:07,553 - Pose - INFO - Epoch 9	current lr : 0.001 [0.001]
2021-01-17 23:31:10,284 - Pose - INFO - iteration[0] batch loss 0.000219	avg_acc 0.6856	total_count 13
2021-01-17 23:36:11,773 - Pose - INFO - iteration[500] batch loss 0.000208	avg_acc 0.7148	total_count 6513
2021-01-17 23:41:12,525 - Pose - INFO - iteration[1000] batch loss 0.000207	avg_acc 0.7142	total_count 13013
2021-01-17 23:43:38,036 - Pose - INFO - epoch loss : 0.000206
2021-01-17 23:43:38,037 - Pose - INFO - epoch acc on train data : 0.7160
2021-01-17 23:43:38,037 - Pose - INFO - epoch 9 acc 0.7160248165000802 > max acc 0.7000735596803065 epoch 8
2021-01-17 23:43:38,263 - Pose - INFO - Epoch 10	current lr : 0.0001 [0.0001]
2021-01-17 23:43:40,925 - Pose - INFO - iteration[0] batch loss 0.000202	avg_acc 0.7154	total_count 13
2021-01-17 23:48:42,182 - Pose - INFO - iteration[500] batch loss 0.000187	avg_acc 0.7383	total_count 6513
2021-01-17 23:53:44,020 - Pose - INFO - iteration[1000] batch loss 0.000197	avg_acc 0.7400	total_count 13013
2021-01-17 23:56:09,792 - Pose - INFO - epoch loss : 0.000187
2021-01-17 23:56:09,792 - Pose - INFO - epoch acc on train data : 0.7417
2021-01-17 23:56:09,792 - Pose - INFO - epoch 10 acc 0.7417232324186983 > max acc 0.7160248165000802 epoch 9
2021-01-17 23:56:10,004 - Pose - INFO - Epoch 11	current lr : 0.0001 [0.0001]
2021-01-17 23:56:12,661 - Pose - INFO - iteration[0] batch loss 0.000183	avg_acc 0.7713	total_count 13
2021-01-18 00:01:13,845 - Pose - INFO - iteration[500] batch loss 0.000173	avg_acc 0.7510	total_count 6513
2021-01-18 00:06:16,222 - Pose - INFO - iteration[1000] batch loss 0.000190	avg_acc 0.7495	total_count 13013
2021-01-18 00:08:42,013 - Pose - INFO - epoch loss : 0.000182
2021-01-18 00:08:42,013 - Pose - INFO - epoch acc on train data : 0.7504
2021-01-18 00:08:42,013 - Pose - INFO - epoch 11 acc 0.7504289059917688 > max acc 0.7417232324186983 epoch 10
2021-01-18 00:08:42,217 - Pose - INFO - Epoch 12	current lr : 0.0001 [0.0001]
2021-01-18 00:08:45,136 - Pose - INFO - iteration[0] batch loss 0.000190	avg_acc 0.7311	total_count 13
2021-01-18 00:13:46,807 - Pose - INFO - iteration[500] batch loss 0.000176	avg_acc 0.7559	total_count 6513
2021-01-18 00:18:48,715 - Pose - INFO - iteration[1000] batch loss 0.000202	avg_acc 0.7549	total_count 13013
2021-01-18 00:21:14,728 - Pose - INFO - epoch loss : 0.000177
2021-01-18 00:21:14,728 - Pose - INFO - epoch acc on train data : 0.7555
2021-01-18 00:21:14,728 - Pose - INFO - epoch 12 acc 0.7554823588831413 > max acc 0.7504289059917688 epoch 11
2021-01-18 00:21:14,955 - Pose - INFO - Epoch 13	current lr : 0.0001 [0.0001]
2021-01-18 00:21:17,637 - Pose - INFO - iteration[0] batch loss 0.000165	avg_acc 0.7938	total_count 13
2021-01-18 00:26:19,638 - Pose - INFO - iteration[500] batch loss 0.000174	avg_acc 0.7602	total_count 6513
2021-01-18 00:31:21,652 - Pose - INFO - iteration[1000] batch loss 0.000178	avg_acc 0.7602	total_count 13013
2021-01-18 00:33:47,532 - Pose - INFO - epoch loss : 0.000174
2021-01-18 00:33:47,532 - Pose - INFO - epoch acc on train data : 0.7608
2021-01-18 00:33:47,532 - Pose - INFO - epoch 13 acc 0.7607861367971345 > max acc 0.7554823588831413 epoch 12
2021-01-18 00:33:47,749 - Pose - INFO - Epoch 14	current lr : 0.0001 [0.0001]
2021-01-18 00:33:50,497 - Pose - INFO - iteration[0] batch loss 0.000170	avg_acc 0.7774	total_count 13
2021-01-18 00:38:52,652 - Pose - INFO - iteration[500] batch loss 0.000169	avg_acc 0.7634	total_count 6513
2021-01-18 00:43:55,062 - Pose - INFO - iteration[1000] batch loss 0.000160	avg_acc 0.7628	total_count 13013
2021-01-18 00:46:21,099 - Pose - INFO - epoch loss : 0.000171
2021-01-18 00:46:21,100 - Pose - INFO - epoch acc on train data : 0.7637
2021-01-18 00:46:21,100 - Pose - INFO - epoch 14 acc 0.7637325916163279 > max acc 0.7607861367971345 epoch 13
2021-01-18 00:46:21,324 - Pose - INFO - Epoch 15	current lr : 0.0001 [0.0001]
2021-01-18 00:46:24,150 - Pose - INFO - iteration[0] batch loss 0.000181	avg_acc 0.7373	total_count 13
2021-01-18 00:51:26,362 - Pose - INFO - iteration[500] batch loss 0.000153	avg_acc 0.7693	total_count 6513
2021-01-18 00:56:28,079 - Pose - INFO - iteration[1000] batch loss 0.000156	avg_acc 0.7693	total_count 13013
2021-01-18 00:58:54,397 - Pose - INFO - epoch loss : 0.000167
2021-01-18 00:58:54,397 - Pose - INFO - epoch acc on train data : 0.7701
2021-01-18 00:58:54,397 - Pose - INFO - epoch 15 acc 0.7701499558390774 > max acc 0.7637325916163279 epoch 14
2021-01-18 00:58:54,626 - Pose - INFO - Epoch 16	current lr : 0.0001 [0.0001]
2021-01-18 00:58:57,384 - Pose - INFO - iteration[0] batch loss 0.000159	avg_acc 0.8350	total_count 13
2021-01-18 01:03:59,132 - Pose - INFO - iteration[500] batch loss 0.000171	avg_acc 0.7748	total_count 6513
2021-01-18 01:09:00,851 - Pose - INFO - iteration[1000] batch loss 0.000173	avg_acc 0.7728	total_count 13013
2021-01-18 01:11:26,671 - Pose - INFO - epoch loss : 0.000164
2021-01-18 01:11:26,672 - Pose - INFO - epoch acc on train data : 0.7733
2021-01-18 01:11:26,672 - Pose - INFO - epoch 16 acc 0.7732551339183613 > max acc 0.7701499558390774 epoch 15
2021-01-18 01:11:26,889 - Pose - INFO - Epoch 17	current lr : 0.0001 [0.0001]
2021-01-18 01:11:29,516 - Pose - INFO - iteration[0] batch loss 0.000156	avg_acc 0.7990	total_count 13
2021-01-18 01:16:30,929 - Pose - INFO - iteration[500] batch loss 0.000167	avg_acc 0.7784	total_count 6513
2021-01-18 01:21:31,807 - Pose - INFO - iteration[1000] batch loss 0.000138	avg_acc 0.7768	total_count 13013
2021-01-18 01:23:57,074 - Pose - INFO - epoch loss : 0.000161
2021-01-18 01:23:57,074 - Pose - INFO - epoch acc on train data : 0.7771
2021-01-18 01:23:57,074 - Pose - INFO - epoch 17 acc 0.7770657228023752 > max acc 0.7732551339183613 epoch 16
2021-01-18 01:23:57,298 - Pose - INFO - Epoch 18	current lr : 0.0001 [0.0001]
2021-01-18 01:23:59,917 - Pose - INFO - iteration[0] batch loss 0.000164	avg_acc 0.7654	total_count 13
2021-01-18 01:29:02,358 - Pose - INFO - iteration[500] batch loss 0.000156	avg_acc 0.7808	total_count 6513
2021-01-18 01:34:03,900 - Pose - INFO - iteration[1000] batch loss 0.000161	avg_acc 0.7795	total_count 13013
2021-01-18 01:36:29,837 - Pose - INFO - epoch loss : 0.000157
2021-01-18 01:36:29,837 - Pose - INFO - epoch acc on train data : 0.7803
2021-01-18 01:36:29,837 - Pose - INFO - epoch 18 acc 0.7802730119367126 > max acc 0.7770657228023752 epoch 17
2021-01-18 01:36:30,067 - Pose - INFO - Epoch 19	current lr : 0.0001 [0.0001]
2021-01-18 01:36:32,667 - Pose - INFO - iteration[0] batch loss 0.000143	avg_acc 0.8263	total_count 13
2021-01-18 01:41:35,415 - Pose - INFO - iteration[500] batch loss 0.000155	avg_acc 0.7865	total_count 6513
2021-01-18 01:46:37,580 - Pose - INFO - iteration[1000] batch loss 0.000150	avg_acc 0.7856	total_count 13013
2021-01-18 01:49:03,387 - Pose - INFO - epoch loss : 0.000154
2021-01-18 01:49:03,387 - Pose - INFO - epoch acc on train data : 0.7865
2021-01-18 01:49:03,387 - Pose - INFO - epoch 19 acc 0.7865455442467127 > max acc 0.7802730119367126 epoch 18
2021-01-18 01:49:03,626 - Pose - INFO - Epoch 20	current lr : 1e-05 [1e-05]
2021-01-18 01:49:06,126 - Pose - INFO - iteration[0] batch loss 0.000150	avg_acc 0.7925	total_count 13
2021-01-18 01:54:08,378 - Pose - INFO - iteration[500] batch loss 0.000154	avg_acc 0.7924	total_count 6513
2021-01-18 01:59:10,622 - Pose - INFO - iteration[1000] batch loss 0.000144	avg_acc 0.7907	total_count 13013
2021-01-18 02:01:37,042 - Pose - INFO - epoch loss : 0.000148
2021-01-18 02:01:37,042 - Pose - INFO - epoch acc on train data : 0.7912
2021-01-18 02:01:37,042 - Pose - INFO - epoch 20 acc 0.7911848344284844 > max acc 0.7865455442467127 epoch 19
2021-01-18 02:01:37,267 - Pose - INFO - Epoch 21	current lr : 1e-05 [1e-05]
2021-01-18 02:01:39,883 - Pose - INFO - iteration[0] batch loss 0.000151	avg_acc 0.8272	total_count 13
2021-01-18 02:06:42,362 - Pose - INFO - iteration[500] batch loss 0.000149	avg_acc 0.7922	total_count 6513
2021-01-18 02:11:43,876 - Pose - INFO - iteration[1000] batch loss 0.000132	avg_acc 0.7912	total_count 13013
2021-01-18 02:14:09,657 - Pose - INFO - epoch loss : 0.000147
2021-01-18 02:14:09,657 - Pose - INFO - epoch acc on train data : 0.7917
2021-01-18 02:14:09,658 - Pose - INFO - epoch 21 acc 0.7917065397028088 > max acc 0.7911848344284844 epoch 20
2021-01-18 02:14:09,881 - Pose - INFO - Epoch 22	current lr : 1e-05 [1e-05]
2021-01-18 02:14:12,528 - Pose - INFO - iteration[0] batch loss 0.000147	avg_acc 0.7972	total_count 13
2021-01-18 02:19:15,677 - Pose - INFO - iteration[500] batch loss 0.000136	avg_acc 0.7932	total_count 6513
2021-01-18 02:24:17,978 - Pose - INFO - iteration[1000] batch loss 0.000151	avg_acc 0.7917	total_count 13013
2021-01-18 02:26:43,865 - Pose - INFO - epoch loss : 0.000146
2021-01-18 02:26:43,866 - Pose - INFO - epoch acc on train data : 0.7925
2021-01-18 02:26:43,866 - Pose - INFO - epoch 22 acc 0.7924993725868463 > max acc 0.7917065397028088 epoch 21
2021-01-18 02:26:44,088 - Pose - INFO - Epoch 23	current lr : 1e-05 [1e-05]
2021-01-18 02:26:46,754 - Pose - INFO - iteration[0] batch loss 0.000154	avg_acc 0.8144	total_count 13
2021-01-18 02:31:49,077 - Pose - INFO - iteration[500] batch loss 0.000148	avg_acc 0.7956	total_count 6513
2021-01-18 02:36:52,429 - Pose - INFO - iteration[1000] batch loss 0.000139	avg_acc 0.7935	total_count 13013
2021-01-18 02:39:21,052 - Pose - INFO - epoch loss : 0.000146
2021-01-18 02:39:21,052 - Pose - INFO - epoch acc on train data : 0.7935
2021-01-18 02:39:21,052 - Pose - INFO - epoch 23 acc 0.7935280747780167 > max acc 0.7924993725868463 epoch 22
2021-01-18 02:39:21,285 - Pose - INFO - Epoch 24	current lr : 1e-05 [1e-05]
2021-01-18 02:39:23,990 - Pose - INFO - iteration[0] batch loss 0.000156	avg_acc 0.7510	total_count 13
2021-01-18 02:44:30,634 - Pose - INFO - iteration[500] batch loss 0.000155	avg_acc 0.7964	total_count 6513
2021-01-18 02:49:37,664 - Pose - INFO - iteration[1000] batch loss 0.000143	avg_acc 0.7939	total_count 13013
2021-01-18 02:52:05,934 - Pose - INFO - epoch loss : 0.000145
2021-01-18 02:52:05,934 - Pose - INFO - epoch acc on train data : 0.7944
2021-01-18 02:52:05,934 - Pose - INFO - epoch 24 acc 0.7943523527468147 > max acc 0.7935280747780167 epoch 23
2021-01-18 02:52:06,166 - Pose - INFO - Epoch 25	current lr : 1e-05 [1e-05]
2021-01-18 02:52:08,741 - Pose - INFO - iteration[0] batch loss 0.000139	avg_acc 0.8189	total_count 13
2021-01-18 02:57:16,090 - Pose - INFO - iteration[500] batch loss 0.000133	avg_acc 0.7961	total_count 6513
2021-01-18 03:02:23,544 - Pose - INFO - iteration[1000] batch loss 0.000155	avg_acc 0.7948	total_count 13013
2021-01-18 03:04:52,019 - Pose - INFO - epoch loss : 0.000144
2021-01-18 03:04:52,019 - Pose - INFO - epoch acc on train data : 0.7954
2021-01-18 03:04:52,019 - Pose - INFO - epoch 25 acc 0.7953653513682015 > max acc 0.7943523527468147 epoch 24
2021-01-18 03:04:52,248 - Pose - INFO - Epoch 26	current lr : 1e-05 [1e-05]
2021-01-18 03:04:54,904 - Pose - INFO - iteration[0] batch loss 0.000148	avg_acc 0.7981	total_count 13
2021-01-18 03:10:01,968 - Pose - INFO - iteration[500] batch loss 0.000155	avg_acc 0.7952	total_count 6513
2021-01-18 03:15:08,856 - Pose - INFO - iteration[1000] batch loss 0.000147	avg_acc 0.7938	total_count 13013
2021-01-18 03:17:37,262 - Pose - INFO - epoch loss : 0.000144
2021-01-18 03:17:37,262 - Pose - INFO - epoch acc on train data : 0.7946
2021-01-18 03:17:37,366 - Pose - INFO - Epoch 27	current lr : 1e-05 [1e-05]
2021-01-18 03:17:39,975 - Pose - INFO - iteration[0] batch loss 0.000143	avg_acc 0.8102	total_count 13
2021-01-18 03:22:46,529 - Pose - INFO - iteration[500] batch loss 0.000146	avg_acc 0.7979	total_count 6513
2021-01-18 03:27:53,262 - Pose - INFO - iteration[1000] batch loss 0.000138	avg_acc 0.7959	total_count 13013
2021-01-18 03:30:21,517 - Pose - INFO - epoch loss : 0.000144
2021-01-18 03:30:21,517 - Pose - INFO - epoch acc on train data : 0.7966
2021-01-18 03:30:21,518 - Pose - INFO - epoch 27 acc 0.7965638908347693 > max acc 0.7953653513682015 epoch 25
2021-01-18 03:30:21,740 - Pose - INFO - Epoch 28	current lr : 1e-05 [1e-05]
2021-01-18 03:30:24,432 - Pose - INFO - iteration[0] batch loss 0.000137	avg_acc 0.8468	total_count 13
2021-01-18 03:35:31,850 - Pose - INFO - iteration[500] batch loss 0.000150	avg_acc 0.7978	total_count 6513
2021-01-18 03:40:38,866 - Pose - INFO - iteration[1000] batch loss 0.000150	avg_acc 0.7966	total_count 13013
