2021-01-09 15:42:10,351 - Pose - INFO - saved model name 210109_newdata_normalize_nlayer18_adam_lr0.001_batch32_momentum0.9_schedule[10, 20]_nepoch30
2021-01-09 15:42:10,351 - Pose - INFO - training batch size : 32	number of layer : 18
2021-01-09 15:42:10,351 - Pose - INFO - optimizer : adam	learning rate : 0.001	momentum : 0.9
2021-01-09 15:42:10,351 - Pose - INFO - number of epochs : 30	scheduler : [10, 20]	gammas : 0.1
2021-01-09 15:42:10,351 - Pose - INFO - gaussian noise : False	normalize : False	cutoff : 128	visualize : False	data augmentation : None
2021-01-09 15:42:10,505 - Pose - INFO - Let's use single gpu	 now gpu : 1
2021-01-09 15:42:13,448 - Pose - INFO - use adam optimizer
2021-01-09 15:43:08,720 - Pose - INFO - saved model name 210109_newdata_normalize_nlayer18_adam_lr0.001_batch32_momentum0.9_schedule[10, 20]_nepoch30
2021-01-09 15:43:08,720 - Pose - INFO - training batch size : 32	number of layer : 18
2021-01-09 15:43:08,720 - Pose - INFO - optimizer : adam	learning rate : 0.001	momentum : 0.9
2021-01-09 15:43:08,720 - Pose - INFO - number of epochs : 30	scheduler : [10, 20]	gammas : 0.1
2021-01-09 15:43:08,720 - Pose - INFO - gaussian noise : False	normalize : False	cutoff : 128	visualize : False	data augmentation : None
2021-01-09 15:43:08,859 - Pose - INFO - Let's use single gpu	 now gpu : 1
2021-01-09 15:43:11,314 - Pose - INFO - use adam optimizer
2021-01-09 15:45:47,684 - Pose - INFO - saved model name 210109_newdata_normalize_nlayer18_adam_lr0.001_batch32_momentum0.9_schedule[10, 20]_nepoch30
2021-01-09 15:45:47,684 - Pose - INFO - training batch size : 32	number of layer : 18
2021-01-09 15:45:47,684 - Pose - INFO - optimizer : adam	learning rate : 0.001	momentum : 0.9
2021-01-09 15:45:47,684 - Pose - INFO - number of epochs : 30	scheduler : [10, 20]	gammas : 0.1
2021-01-09 15:45:47,684 - Pose - INFO - gaussian noise : False	normalize : False	cutoff : 128	visualize : False	data augmentation : None
2021-01-09 15:45:47,837 - Pose - INFO - Let's use single gpu	 now gpu : 1
2021-01-09 15:45:50,295 - Pose - INFO - use adam optimizer
2021-01-09 15:47:52,736 - Pose - INFO - saved model name 210109_newdata_normalize_nlayer18_adam_lr0.001_batch32_momentum0.9_schedule[10, 20]_nepoch30
2021-01-09 15:47:52,736 - Pose - INFO - training batch size : 32	number of layer : 18
2021-01-09 15:47:52,736 - Pose - INFO - optimizer : adam	learning rate : 0.001	momentum : 0.9
2021-01-09 15:47:52,736 - Pose - INFO - number of epochs : 30	scheduler : [10, 20]	gammas : 0.1
2021-01-09 15:47:52,736 - Pose - INFO - gaussian noise : False	normalize : False	cutoff : 128	visualize : False	data augmentation : None
2021-01-09 15:47:52,874 - Pose - INFO - Let's use single gpu	 now gpu : 1
2021-01-09 15:47:55,319 - Pose - INFO - use adam optimizer
2021-01-09 15:48:41,820 - Pose - INFO - saved model name 210109_newdata_normalize_nlayer18_adam_lr0.001_batch32_momentum0.9_schedule[10, 20]_nepoch30
2021-01-09 15:48:41,820 - Pose - INFO - training batch size : 32	number of layer : 18
2021-01-09 15:48:41,820 - Pose - INFO - optimizer : adam	learning rate : 0.001	momentum : 0.9
2021-01-09 15:48:41,820 - Pose - INFO - number of epochs : 30	scheduler : [10, 20]	gammas : 0.1
2021-01-09 15:48:41,820 - Pose - INFO - gaussian noise : False	normalize : False	cutoff : 128	visualize : False	data augmentation : None
2021-01-09 15:48:41,960 - Pose - INFO - Let's use single gpu	 now gpu : 1
2021-01-09 15:48:44,423 - Pose - INFO - use adam optimizer
2021-01-09 15:49:21,848 - Pose - INFO - saved model name 210109_newdata_normalize_nlayer18_adam_lr0.001_batch32_momentum0.9_schedule[10, 20]_nepoch30
2021-01-09 15:49:21,848 - Pose - INFO - training batch size : 32	number of layer : 18
2021-01-09 15:49:21,848 - Pose - INFO - optimizer : adam	learning rate : 0.001	momentum : 0.9
2021-01-09 15:49:21,848 - Pose - INFO - number of epochs : 30	scheduler : [10, 20]	gammas : 0.1
2021-01-09 15:49:21,848 - Pose - INFO - gaussian noise : False	normalize : False	cutoff : 128	visualize : False	data augmentation : None
2021-01-09 15:49:21,987 - Pose - INFO - Let's use single gpu	 now gpu : 1
2021-01-09 15:49:24,434 - Pose - INFO - use adam optimizer
2021-01-09 15:49:35,072 - Pose - INFO - saved model name 210109_newdata_normalize_nlayer18_adam_lr0.001_batch32_momentum0.9_schedule[10, 20]_nepoch30
2021-01-09 15:49:35,072 - Pose - INFO - training batch size : 32	number of layer : 18
2021-01-09 15:49:35,072 - Pose - INFO - optimizer : adam	learning rate : 0.001	momentum : 0.9
2021-01-09 15:49:35,072 - Pose - INFO - number of epochs : 30	scheduler : [10, 20]	gammas : 0.1
2021-01-09 15:49:35,072 - Pose - INFO - gaussian noise : False	normalize : False	cutoff : 128	visualize : False	data augmentation : None
2021-01-09 15:49:35,210 - Pose - INFO - Let's use single gpu	 now gpu : 1
2021-01-09 15:49:37,655 - Pose - INFO - use adam optimizer
2021-01-09 15:49:39,880 - Pose - INFO - Epoch 0	current lr : 0.001 [0.001]
2021-01-09 15:50:25,067 - Pose - INFO - saved model name 210109_newdata_normalize_nlayer18_adam_lr0.001_batch32_momentum0.9_schedule[10, 20]_nepoch30
2021-01-09 15:50:25,067 - Pose - INFO - training batch size : 32	number of layer : 18
2021-01-09 15:50:25,067 - Pose - INFO - optimizer : adam	learning rate : 0.001	momentum : 0.9
2021-01-09 15:50:25,067 - Pose - INFO - number of epochs : 30	scheduler : [10, 20]	gammas : 0.1
2021-01-09 15:50:25,067 - Pose - INFO - gaussian noise : False	normalize : False	cutoff : 128	visualize : False	data augmentation : None
2021-01-09 15:50:25,206 - Pose - INFO - Let's use single gpu	 now gpu : 1
2021-01-09 15:50:27,668 - Pose - INFO - use adam optimizer
2021-01-09 15:50:29,759 - Pose - INFO - Epoch 0	current lr : 0.001 [0.001]
2021-01-09 15:50:56,646 - Pose - INFO - saved model name 210109_newdata_normalize_nlayer18_adam_lr0.001_batch32_momentum0.9_schedule[10, 20]_nepoch30
2021-01-09 15:50:56,646 - Pose - INFO - training batch size : 32	number of layer : 18
2021-01-09 15:50:56,647 - Pose - INFO - optimizer : adam	learning rate : 0.001	momentum : 0.9
2021-01-09 15:50:56,647 - Pose - INFO - number of epochs : 30	scheduler : [10, 20]	gammas : 0.1
2021-01-09 15:50:56,647 - Pose - INFO - gaussian noise : False	normalize : False	cutoff : 128	visualize : False	data augmentation : None
2021-01-09 15:50:56,786 - Pose - INFO - Let's use single gpu	 now gpu : 1
2021-01-09 15:50:59,252 - Pose - INFO - use adam optimizer
2021-01-09 15:51:04,018 - Pose - INFO - Epoch 0	current lr : 0.001 [0.001]
2021-01-09 15:52:04,440 - Pose - INFO - saved model name 210109_newdata_normalize_nlayer18_adam_lr0.001_batch32_momentum0.9_schedule[10, 20]_nepoch30
2021-01-09 15:52:04,440 - Pose - INFO - training batch size : 32	number of layer : 18
2021-01-09 15:52:04,440 - Pose - INFO - optimizer : adam	learning rate : 0.001	momentum : 0.9
2021-01-09 15:52:04,440 - Pose - INFO - number of epochs : 30	scheduler : [10, 20]	gammas : 0.1
2021-01-09 15:52:04,440 - Pose - INFO - gaussian noise : False	normalize : False	cutoff : 128	visualize : False	data augmentation : None
2021-01-09 15:52:04,581 - Pose - INFO - Let's use single gpu	 now gpu : 1
2021-01-09 15:52:07,033 - Pose - INFO - use adam optimizer
2021-01-09 15:52:11,175 - Pose - INFO - Epoch 0	current lr : 0.001 [0.001]
2021-01-09 15:58:12,848 - Pose - INFO - saved model name 210109_newdata_normalize_nlayer18_adam_lr0.001_batch32_momentum0.9_schedule[10, 20]_nepoch30
2021-01-09 15:58:12,849 - Pose - INFO - training batch size : 32	number of layer : 18
2021-01-09 15:58:12,849 - Pose - INFO - optimizer : adam	learning rate : 0.001	momentum : 0.9
2021-01-09 15:58:12,849 - Pose - INFO - number of epochs : 30	scheduler : [10, 20]	gammas : 0.1
2021-01-09 15:58:12,849 - Pose - INFO - gaussian noise : False	normalize : False	cutoff : 128	visualize : False	data augmentation : None
2021-01-09 15:58:21,916 - Pose - INFO - saved model name 210109_newdata_normalize_nlayer18_adam_lr0.001_batch32_momentum0.9_schedule[10, 20]_nepoch30
2021-01-09 15:58:21,916 - Pose - INFO - training batch size : 32	number of layer : 18
2021-01-09 15:58:21,916 - Pose - INFO - optimizer : adam	learning rate : 0.001	momentum : 0.9
2021-01-09 15:58:21,916 - Pose - INFO - number of epochs : 30	scheduler : [10, 20]	gammas : 0.1
2021-01-09 15:58:21,916 - Pose - INFO - gaussian noise : False	normalize : False	cutoff : 128	visualize : False	data augmentation : None
2021-01-09 15:58:22,059 - Pose - INFO - Let's use single gpu	 now gpu : 1
2021-01-09 15:58:24,502 - Pose - INFO - use adam optimizer
2021-01-09 15:58:28,484 - Pose - INFO - Epoch 0	current lr : 0.001 [0.001]
2021-01-09 15:58:47,748 - Pose - INFO - saved model name 210109_newdata_normalize_nlayer18_adam_lr0.001_batch32_momentum0.9_schedule[10, 20]_nepoch30
2021-01-09 15:58:47,748 - Pose - INFO - training batch size : 32	number of layer : 18
2021-01-09 15:58:47,748 - Pose - INFO - optimizer : adam	learning rate : 0.001	momentum : 0.9
2021-01-09 15:58:47,748 - Pose - INFO - number of epochs : 30	scheduler : [10, 20]	gammas : 0.1
2021-01-09 15:58:47,748 - Pose - INFO - gaussian noise : False	normalize : False	cutoff : 128	visualize : False	data augmentation : None
2021-01-09 15:58:47,893 - Pose - INFO - Let's use single gpu	 now gpu : 1
2021-01-09 15:58:50,340 - Pose - INFO - use adam optimizer
2021-01-09 15:58:54,501 - Pose - INFO - Epoch 0	current lr : 0.001 [0.001]
2021-01-09 15:59:57,252 - Pose - INFO - saved model name 210109_newdata_normalize_nlayer18_adam_lr0.001_batch32_momentum0.9_schedule[10, 20]_nepoch30
2021-01-09 15:59:57,252 - Pose - INFO - training batch size : 32	number of layer : 18
2021-01-09 15:59:57,252 - Pose - INFO - optimizer : adam	learning rate : 0.001	momentum : 0.9
2021-01-09 15:59:57,252 - Pose - INFO - number of epochs : 30	scheduler : [10, 20]	gammas : 0.1
2021-01-09 15:59:57,404 - Pose - INFO - Let's use single gpu	 now gpu : 1
2021-01-09 15:59:59,860 - Pose - INFO - use adam optimizer
2021-01-09 16:00:03,840 - Pose - INFO - Epoch 0	current lr : 0.001 [0.001]
2021-01-09 16:01:37,624 - Pose - INFO - saved model name 210109_newdata_normalize_nlayer18_adam_lr0.001_batch32_momentum0.9_schedule[10, 20]_nepoch30
2021-01-09 16:01:37,625 - Pose - INFO - training batch size : 32	number of layer : 18
2021-01-09 16:01:37,625 - Pose - INFO - optimizer : adam	learning rate : 0.001	momentum : 0.9
2021-01-09 16:01:37,625 - Pose - INFO - number of epochs : 30	scheduler : [10, 20]	gammas : 0.1
2021-01-09 16:01:37,625 - Pose - INFO - gaussian noise : False	normalize : False	cutoff : 128	visualize : False
data augmentation : None	flatten : True
2021-01-09 16:01:37,769 - Pose - INFO - Let's use single gpu	 now gpu : 1
2021-01-09 16:01:40,244 - Pose - INFO - use adam optimizer
2021-01-09 16:02:42,430 - Pose - INFO - saved model name 210109_newdata_normalize_nlayer18_adam_lr0.001_batch32_momentum0.9_schedule[10, 20]_nepoch30
2021-01-09 16:02:42,430 - Pose - INFO - training batch size : 32	number of layer : 18
2021-01-09 16:02:42,430 - Pose - INFO - optimizer : adam	learning rate : 0.001	momentum : 0.9
2021-01-09 16:02:42,430 - Pose - INFO - number of epochs : 30	scheduler : [10, 20]	gammas : 0.1
2021-01-09 16:02:42,430 - Pose - INFO - gaussian noise : False	normalize : False	cutoff : 128	visualize : False
2021-01-09 16:02:42,430 - Pose - INFO - data augmentation : None	flatten : True
2021-01-09 16:02:42,575 - Pose - INFO - Let's use single gpu	 now gpu : 1
2021-01-09 16:02:45,025 - Pose - INFO - use adam optimizer
2021-01-09 16:02:47,102 - Pose - INFO - Epoch 0	current lr : 0.001 [0.001]
2021-01-09 16:09:07,313 - Pose - INFO - saved model name 210109_newdata_normalize_nlayer18_adam_lr0.001_batch32_momentum0.9_schedule[10, 20]_nepoch30
2021-01-09 16:09:07,313 - Pose - INFO - training batch size : 32	number of layer : 18
2021-01-09 16:09:07,313 - Pose - INFO - optimizer : adam	learning rate : 0.001	momentum : 0.9
2021-01-09 16:09:07,313 - Pose - INFO - number of epochs : 30	scheduler : [10, 20]	gammas : 0.1
2021-01-09 16:09:07,313 - Pose - INFO - gaussian noise : False	normalize : False	cutoff : 128	visualize : False
2021-01-09 16:09:07,313 - Pose - INFO - data augmentation : None	flatten : True
2021-01-09 16:09:07,458 - Pose - INFO - Let's use single gpu	 now gpu : 1
2021-01-09 16:09:09,929 - Pose - INFO - use adam optimizer
2021-01-09 16:09:11,996 - Pose - INFO - Epoch 0	current lr : 0.001 [0.001]
2021-01-09 16:09:57,765 - Pose - INFO - saved model name 210109_newdata_normalize_nlayer18_adam_lr0.001_batch32_momentum0.9_schedule[10, 20]_nepoch30
2021-01-09 16:09:57,765 - Pose - INFO - training batch size : 32	number of layer : 18
2021-01-09 16:09:57,765 - Pose - INFO - optimizer : adam	learning rate : 0.001	momentum : 0.9
2021-01-09 16:09:57,765 - Pose - INFO - number of epochs : 30	scheduler : [10, 20]	gammas : 0.1
2021-01-09 16:09:57,765 - Pose - INFO - gaussian noise : False	normalize : False	cutoff : 128	visualize : False
2021-01-09 16:09:57,765 - Pose - INFO - data augmentation : None	flatten : True
2021-01-09 16:09:57,909 - Pose - INFO - Let's use single gpu	 now gpu : 1
2021-01-09 16:10:00,382 - Pose - INFO - use adam optimizer
2021-01-09 16:10:02,450 - Pose - INFO - Epoch 0	current lr : 0.001 [0.001]
2021-01-09 16:10:24,485 - Pose - INFO - saved model name 210109_newdata_normalize_nlayer18_adam_lr0.001_batch32_momentum0.9_schedule[10, 20]_nepoch30
2021-01-09 16:10:24,485 - Pose - INFO - training batch size : 32	number of layer : 18
2021-01-09 16:10:24,485 - Pose - INFO - optimizer : adam	learning rate : 0.001	momentum : 0.9
2021-01-09 16:10:24,485 - Pose - INFO - number of epochs : 30	scheduler : [10, 20]	gammas : 0.1
2021-01-09 16:10:24,485 - Pose - INFO - gaussian noise : False	normalize : False	cutoff : 128	visualize : False
2021-01-09 16:10:24,485 - Pose - INFO - data augmentation : None	flatten : True
2021-01-09 16:10:24,630 - Pose - INFO - Let's use single gpu	 now gpu : 1
2021-01-09 16:10:27,084 - Pose - INFO - use adam optimizer
2021-01-09 16:10:29,155 - Pose - INFO - Epoch 0	current lr : 0.001 [0.001]
2021-01-09 16:10:33,836 - Pose - INFO - saved model name 210109_newdata_normalize_nlayer18_adam_lr0.001_batch32_momentum0.9_schedule[10, 20]_nepoch30
2021-01-09 16:10:33,836 - Pose - INFO - training batch size : 32	number of layer : 18
2021-01-09 16:10:33,836 - Pose - INFO - optimizer : adam	learning rate : 0.001	momentum : 0.9
2021-01-09 16:10:33,836 - Pose - INFO - number of epochs : 30	scheduler : [10, 20]	gammas : 0.1
2021-01-09 16:10:33,836 - Pose - INFO - gaussian noise : False	normalize : False	cutoff : 128	visualize : False
2021-01-09 16:10:33,836 - Pose - INFO - data augmentation : None	flatten : True
2021-01-09 16:10:33,969 - Pose - INFO - Let's use single gpu	 now gpu : 1
2021-01-09 16:10:36,432 - Pose - INFO - use adam optimizer
2021-01-09 16:10:38,489 - Pose - INFO - Epoch 0	current lr : 0.001 [0.001]
2021-01-09 16:11:07,913 - Pose - INFO - saved model name 210109_newdata_normalize_nlayer18_adam_lr0.001_batch32_momentum0.9_schedule[10, 20]_nepoch30
2021-01-09 16:11:07,913 - Pose - INFO - training batch size : 32	number of layer : 18
2021-01-09 16:11:07,913 - Pose - INFO - optimizer : adam	learning rate : 0.001	momentum : 0.9
2021-01-09 16:11:07,913 - Pose - INFO - number of epochs : 30	scheduler : [10, 20]	gammas : 0.1
2021-01-09 16:11:07,913 - Pose - INFO - gaussian noise : False	normalize : False	cutoff : 128	visualize : False
2021-01-09 16:11:07,913 - Pose - INFO - data augmentation : None	flatten : True
2021-01-09 16:11:08,048 - Pose - INFO - Let's use single gpu	 now gpu : 1
2021-01-09 16:11:10,518 - Pose - INFO - use adam optimizer
2021-01-09 16:11:12,578 - Pose - INFO - Epoch 0	current lr : 0.001 [0.001]
2021-01-09 16:11:48,182 - Pose - INFO - saved model name 210109_newdata_normalize_nlayer18_adam_lr0.001_batch32_momentum0.9_schedule[10, 20]_nepoch30
2021-01-09 16:11:48,183 - Pose - INFO - training batch size : 32	number of layer : 18
2021-01-09 16:11:48,183 - Pose - INFO - optimizer : adam	learning rate : 0.001	momentum : 0.9
2021-01-09 16:11:48,183 - Pose - INFO - number of epochs : 30	scheduler : [10, 20]	gammas : 0.1
2021-01-09 16:11:48,183 - Pose - INFO - gaussian noise : False	normalize : False	cutoff : 128	visualize : False
2021-01-09 16:11:48,183 - Pose - INFO - data augmentation : None	flatten : True
2021-01-09 16:11:48,318 - Pose - INFO - Let's use single gpu	 now gpu : 1
2021-01-09 16:11:50,772 - Pose - INFO - use adam optimizer
2021-01-09 16:11:52,775 - Pose - INFO - Epoch 0	current lr : 0.001 [0.001]
2021-01-09 16:19:26,809 - Pose - INFO - saved model name 210109_newdata_normalize_nlayer18_adam_lr0.001_batch32_momentum0.9_schedule[10, 20]_nepoch30
2021-01-09 16:19:26,810 - Pose - INFO - training batch size : 32	number of layer : 18
2021-01-09 16:19:26,810 - Pose - INFO - optimizer : adam	learning rate : 0.001	momentum : 0.9
2021-01-09 16:19:26,810 - Pose - INFO - number of epochs : 30	scheduler : [10, 20]	gammas : 0.1
2021-01-09 16:19:26,810 - Pose - INFO - gaussian noise : False	normalize : False	cutoff : 128	visualize : False
2021-01-09 16:19:26,810 - Pose - INFO - data augmentation : None	flatten : True
2021-01-09 16:19:26,945 - Pose - INFO - Let's use single gpu	 now gpu : 1
2021-01-09 16:19:29,405 - Pose - INFO - use adam optimizer
2021-01-09 16:19:31,496 - Pose - INFO - Epoch 0	current lr : 0.001 [0.001]
2021-01-09 16:19:43,661 - Pose - INFO - saved model name 210109_newdata_normalize_nlayer18_adam_lr0.001_batch32_momentum0.9_schedule[10, 20]_nepoch30
2021-01-09 16:19:43,662 - Pose - INFO - training batch size : 32	number of layer : 18
2021-01-09 16:19:43,662 - Pose - INFO - optimizer : adam	learning rate : 0.001	momentum : 0.9
2021-01-09 16:19:43,662 - Pose - INFO - number of epochs : 30	scheduler : [10, 20]	gammas : 0.1
2021-01-09 16:19:43,662 - Pose - INFO - gaussian noise : False	normalize : False	cutoff : 128	visualize : False
2021-01-09 16:19:43,662 - Pose - INFO - data augmentation : None	flatten : True
2021-01-09 16:19:43,795 - Pose - INFO - Let's use single gpu	 now gpu : 1
2021-01-09 16:19:46,259 - Pose - INFO - use adam optimizer
2021-01-09 16:19:48,333 - Pose - INFO - Epoch 0	current lr : 0.001 [0.001]
2021-01-09 16:26:23,137 - Pose - INFO - saved model name 210109_newdata_normalize_nlayer18_adam_lr0.001_batch32_momentum0.9_schedule[10, 20]_nepoch30
2021-01-09 16:26:23,137 - Pose - INFO - training batch size : 32	number of layer : 18
2021-01-09 16:26:23,137 - Pose - INFO - optimizer : adam	learning rate : 0.001	momentum : 0.9
2021-01-09 16:26:23,137 - Pose - INFO - number of epochs : 30	scheduler : [10, 20]	gammas : 0.1
2021-01-09 16:26:23,137 - Pose - INFO - gaussian noise : False	normalize : False	cutoff : 128	visualize : False
2021-01-09 16:26:23,137 - Pose - INFO - data augmentation : None	flatten : True
2021-01-09 16:26:23,271 - Pose - INFO - Let's use single gpu	 now gpu : 1
2021-01-09 16:26:25,728 - Pose - INFO - use adam optimizer
2021-01-09 16:26:36,072 - Pose - INFO - saved model name 210109_newdata_normalize_nlayer18_adam_lr0.001_batch32_momentum0.9_schedule[10, 20]_nepoch30
2021-01-09 16:26:36,072 - Pose - INFO - training batch size : 32	number of layer : 18
2021-01-09 16:26:36,072 - Pose - INFO - optimizer : adam	learning rate : 0.001	momentum : 0.9
2021-01-09 16:26:36,072 - Pose - INFO - number of epochs : 30	scheduler : [10, 20]	gammas : 0.1
2021-01-09 16:26:36,072 - Pose - INFO - gaussian noise : False	normalize : False	cutoff : 128	visualize : False
2021-01-09 16:26:36,072 - Pose - INFO - data augmentation : None	flatten : True
2021-01-09 16:26:36,206 - Pose - INFO - Let's use single gpu	 now gpu : 1
2021-01-09 16:26:38,666 - Pose - INFO - use adam optimizer
2021-01-09 16:27:14,461 - Pose - INFO - saved model name 210109_newdata_normalize_nlayer18_adam_lr0.001_batch32_momentum0.9_schedule[10, 20]_nepoch30
2021-01-09 16:27:14,461 - Pose - INFO - training batch size : 32	number of layer : 18
2021-01-09 16:27:14,461 - Pose - INFO - optimizer : adam	learning rate : 0.001	momentum : 0.9
2021-01-09 16:27:14,461 - Pose - INFO - number of epochs : 30	scheduler : [10, 20]	gammas : 0.1
2021-01-09 16:27:14,461 - Pose - INFO - gaussian noise : False	normalize : False	cutoff : 128	visualize : False
2021-01-09 16:27:14,461 - Pose - INFO - data augmentation : None	flatten : True
2021-01-09 16:27:14,594 - Pose - INFO - Let's use single gpu	 now gpu : 1
2021-01-09 16:27:17,063 - Pose - INFO - use adam optimizer
2021-01-09 16:27:44,013 - Pose - INFO - saved model name 210109_newdata_normalize_nlayer18_adam_lr0.001_batch32_momentum0.9_schedule[10, 20]_nepoch30
2021-01-09 16:27:44,013 - Pose - INFO - training batch size : 32	number of layer : 18
2021-01-09 16:27:44,013 - Pose - INFO - optimizer : adam	learning rate : 0.001	momentum : 0.9
2021-01-09 16:27:44,013 - Pose - INFO - number of epochs : 30	scheduler : [10, 20]	gammas : 0.1
2021-01-09 16:27:44,013 - Pose - INFO - gaussian noise : False	normalize : False	cutoff : 128	visualize : False
2021-01-09 16:27:44,013 - Pose - INFO - data augmentation : None	flatten : True
2021-01-09 16:27:44,147 - Pose - INFO - Let's use single gpu	 now gpu : 1
2021-01-09 16:27:46,599 - Pose - INFO - use adam optimizer
2021-01-09 16:28:37,761 - Pose - INFO - saved model name 210109_newdata_normalize_nlayer18_adam_lr0.001_batch32_momentum0.9_schedule[10, 20]_nepoch30
2021-01-09 16:28:37,761 - Pose - INFO - training batch size : 32	number of layer : 18
2021-01-09 16:28:37,761 - Pose - INFO - optimizer : adam	learning rate : 0.001	momentum : 0.9
2021-01-09 16:28:37,761 - Pose - INFO - number of epochs : 30	scheduler : [10, 20]	gammas : 0.1
2021-01-09 16:28:37,761 - Pose - INFO - gaussian noise : False	normalize : False	cutoff : 128	visualize : False
2021-01-09 16:28:37,761 - Pose - INFO - data augmentation : None	flatten : True
2021-01-09 16:28:37,895 - Pose - INFO - Let's use single gpu	 now gpu : 1
2021-01-09 16:28:40,361 - Pose - INFO - use adam optimizer
2021-01-09 16:28:51,437 - Pose - INFO - saved model name 210109_newdata_normalize_nlayer18_adam_lr0.001_batch32_momentum0.9_schedule[10, 20]_nepoch30
2021-01-09 16:28:51,437 - Pose - INFO - training batch size : 32	number of layer : 18
2021-01-09 16:28:51,437 - Pose - INFO - optimizer : adam	learning rate : 0.001	momentum : 0.9
2021-01-09 16:28:51,437 - Pose - INFO - number of epochs : 30	scheduler : [10, 20]	gammas : 0.1
2021-01-09 16:28:51,437 - Pose - INFO - gaussian noise : False	normalize : False	cutoff : 128	visualize : False
2021-01-09 16:28:51,437 - Pose - INFO - data augmentation : None	flatten : True
2021-01-09 16:28:51,570 - Pose - INFO - Let's use single gpu	 now gpu : 1
2021-01-09 16:28:54,049 - Pose - INFO - use adam optimizer
2021-01-09 16:29:02,272 - Pose - INFO - saved model name 210109_newdata_normalize_nlayer18_adam_lr0.001_batch32_momentum0.9_schedule[10, 20]_nepoch30
2021-01-09 16:29:02,272 - Pose - INFO - training batch size : 32	number of layer : 18
2021-01-09 16:29:02,272 - Pose - INFO - optimizer : adam	learning rate : 0.001	momentum : 0.9
2021-01-09 16:29:02,272 - Pose - INFO - number of epochs : 30	scheduler : [10, 20]	gammas : 0.1
2021-01-09 16:29:02,272 - Pose - INFO - gaussian noise : False	normalize : False	cutoff : 128	visualize : False
2021-01-09 16:29:02,272 - Pose - INFO - data augmentation : None	flatten : True
2021-01-09 16:29:02,406 - Pose - INFO - Let's use single gpu	 now gpu : 1
2021-01-09 16:29:04,866 - Pose - INFO - use adam optimizer
2021-01-09 16:29:08,195 - Pose - INFO - Epoch 0	current lr : 0.001 [0.001]
2021-01-09 16:29:12,305 - Pose - INFO - saved model name 210109_newdata_normalize_nlayer18_adam_lr0.001_batch32_momentum0.9_schedule[10, 20]_nepoch30
2021-01-09 16:29:12,306 - Pose - INFO - training batch size : 32	number of layer : 18
2021-01-09 16:29:12,306 - Pose - INFO - optimizer : adam	learning rate : 0.001	momentum : 0.9
2021-01-09 16:29:12,306 - Pose - INFO - number of epochs : 30	scheduler : [10, 20]	gammas : 0.1
2021-01-09 16:29:12,306 - Pose - INFO - gaussian noise : False	normalize : False	cutoff : 128	visualize : False
2021-01-09 16:29:12,306 - Pose - INFO - data augmentation : None	flatten : True
2021-01-09 16:29:12,440 - Pose - INFO - Let's use single gpu	 now gpu : 1
2021-01-09 16:29:14,888 - Pose - INFO - use adam optimizer
2021-01-09 16:29:18,208 - Pose - INFO - Epoch 0	current lr : 0.001 [0.001]
2021-01-09 16:30:05,627 - Pose - INFO - saved model name 210109_newdata_normalize_nlayer18_adam_lr0.001_batch32_momentum0.9_schedule[10, 20]_nepoch30
2021-01-09 16:30:05,628 - Pose - INFO - training batch size : 32	number of layer : 18
2021-01-09 16:30:05,628 - Pose - INFO - optimizer : adam	learning rate : 0.001	momentum : 0.9
2021-01-09 16:30:05,628 - Pose - INFO - number of epochs : 30	scheduler : [10, 20]	gammas : 0.1
2021-01-09 16:30:05,628 - Pose - INFO - gaussian noise : False	normalize : False	cutoff : 128	visualize : False
2021-01-09 16:30:05,628 - Pose - INFO - data augmentation : None	flatten : True
2021-01-09 16:30:05,762 - Pose - INFO - Let's use single gpu	 now gpu : 1
2021-01-09 16:30:08,228 - Pose - INFO - use adam optimizer
2021-01-09 16:30:11,756 - Pose - INFO - Epoch 0	current lr : 0.001 [0.001]
2021-01-09 16:30:12,898 - Pose - INFO - iteration[0] batch loss 0.082387	avg_acc 0.0120	total_count 13
2021-01-09 16:34:10,402 - Pose - INFO - saved model name 210109_newdata_normalize_nlayer18_adam_lr0.001_batch32_momentum0.9_schedule[10, 20]_nepoch30
2021-01-09 16:34:10,402 - Pose - INFO - training batch size : 32	number of layer : 18
2021-01-09 16:34:10,402 - Pose - INFO - optimizer : adam	learning rate : 0.001	momentum : 0.9
2021-01-09 16:34:10,402 - Pose - INFO - number of epochs : 30	scheduler : [10, 20]	gammas : 0.1
2021-01-09 16:34:10,402 - Pose - INFO - gaussian noise : False	normalize : False	cutoff : 128	visualize : False
2021-01-09 16:34:10,402 - Pose - INFO - data augmentation : None	flatten : True
2021-01-09 16:34:10,538 - Pose - INFO - Let's use single gpu	 now gpu : 1
2021-01-09 16:34:13,013 - Pose - INFO - use adam optimizer
2021-01-09 16:35:20,757 - Pose - INFO - Epoch 0	current lr : 0.001 [0.001]
2021-01-09 16:35:22,555 - Pose - INFO - iteration[0] batch loss 0.064734	avg_acc 0.0099	total_count 13
2021-01-09 16:35:41,412 - Pose - INFO - saved model name 210109_newdata_normalize_nlayer18_adam_lr0.001_batch32_momentum0.9_schedule[10, 20]_nepoch30
2021-01-09 16:35:41,412 - Pose - INFO - training batch size : 32	number of layer : 18
2021-01-09 16:35:41,412 - Pose - INFO - optimizer : adam	learning rate : 0.001	momentum : 0.9
2021-01-09 16:35:41,412 - Pose - INFO - number of epochs : 30	scheduler : [10, 20]	gammas : 0.1
2021-01-09 16:35:41,412 - Pose - INFO - gaussian noise : False	normalize : False	cutoff : 128	visualize : False
2021-01-09 16:35:41,412 - Pose - INFO - data augmentation : None	flatten : True
2021-01-09 16:35:41,547 - Pose - INFO - Let's use single gpu	 now gpu : 1
2021-01-09 16:35:44,030 - Pose - INFO - use adam optimizer
2021-01-09 16:36:39,051 - Pose - INFO - Epoch 0	current lr : 0.001 [0.001]
2021-01-09 16:36:41,202 - Pose - INFO - iteration[0] batch loss 0.074517	avg_acc 0.0125	total_count 13
2021-01-09 16:39:11,257 - Pose - INFO - iteration[500] batch loss 0.000424	avg_acc 0.0074	total_count 6513
2021-01-09 16:41:42,931 - Pose - INFO - iteration[1000] batch loss 0.000425	avg_acc 0.0082	total_count 13013
2021-01-09 16:44:14,892 - Pose - INFO - iteration[1500] batch loss 0.000420	avg_acc 0.0087	total_count 19513
2021-01-09 16:46:47,244 - Pose - INFO - iteration[2000] batch loss 0.000415	avg_acc 0.0148	total_count 26013
2021-01-09 16:49:14,865 - Pose - INFO - epoch loss : 0.000755
2021-01-09 16:49:14,865 - Pose - INFO - epoch acc on train data : 0.0233
2021-01-09 16:49:14,865 - Pose - INFO - epoch 0 acc 0.02327156097594115 > max acc 0 epoch 0
2021-01-09 16:49:14,968 - Pose - INFO - Epoch 1	current lr : 0.001 [0.001]
2021-01-09 16:49:19,101 - Pose - INFO - iteration[0] batch loss 0.000419	avg_acc 0.0712	total_count 13
2021-01-09 16:51:50,423 - Pose - INFO - iteration[500] batch loss 0.000425	avg_acc 0.0969	total_count 6513
2021-01-09 16:54:21,667 - Pose - INFO - iteration[1000] batch loss 0.000426	avg_acc 0.1138	total_count 13013
2021-01-09 16:56:52,984 - Pose - INFO - iteration[1500] batch loss 0.000428	avg_acc 0.1308	total_count 19513
2021-01-09 16:59:24,256 - Pose - INFO - iteration[2000] batch loss 0.000391	avg_acc 0.1518	total_count 26013
2021-01-09 17:01:50,993 - Pose - INFO - epoch loss : 0.000411
2021-01-09 17:01:50,993 - Pose - INFO - epoch acc on train data : 0.2122
2021-01-09 17:01:50,993 - Pose - INFO - epoch 1 acc 0.21221167026188437 > max acc 0.02327156097594115 epoch 0
2021-01-09 17:01:51,126 - Pose - INFO - Epoch 2	current lr : 0.001 [0.001]
2021-01-09 17:01:54,034 - Pose - INFO - iteration[0] batch loss 0.000346	avg_acc 0.6586	total_count 13
2021-01-09 17:04:26,782 - Pose - INFO - iteration[500] batch loss 0.000336	avg_acc 0.6168	total_count 6513
2021-01-09 17:06:59,501 - Pose - INFO - iteration[1000] batch loss 0.000325	avg_acc 0.6496	total_count 13013
2021-01-09 17:09:32,145 - Pose - INFO - iteration[1500] batch loss 0.000297	avg_acc 0.6704	total_count 19513
2021-01-09 17:12:04,065 - Pose - INFO - iteration[2000] batch loss 0.000304	avg_acc 0.6865	total_count 26013
2021-01-09 17:14:30,904 - Pose - INFO - epoch loss : 0.000315
2021-01-09 17:14:30,905 - Pose - INFO - epoch acc on train data : 0.6985
2021-01-09 17:14:30,905 - Pose - INFO - epoch 2 acc 0.6984550780018498 > max acc 0.21221167026188437 epoch 1
2021-01-09 17:14:31,041 - Pose - INFO - Epoch 3	current lr : 0.001 [0.001]
2021-01-09 17:14:33,835 - Pose - INFO - iteration[0] batch loss 0.000322	avg_acc 0.7014	total_count 13
2021-01-09 17:17:06,898 - Pose - INFO - iteration[500] batch loss 0.000292	avg_acc 0.7657	total_count 6513
2021-01-09 17:19:39,972 - Pose - INFO - iteration[1000] batch loss 0.000273	avg_acc 0.7688	total_count 13013
2021-01-09 17:22:13,025 - Pose - INFO - iteration[1500] batch loss 0.000296	avg_acc 0.7719	total_count 19513
2021-01-09 17:24:46,059 - Pose - INFO - iteration[2000] batch loss 0.000256	avg_acc 0.7750	total_count 26013
2021-01-09 17:27:14,201 - Pose - INFO - epoch loss : 0.000272
2021-01-09 17:27:14,201 - Pose - INFO - epoch acc on train data : 0.7774
2021-01-09 17:27:14,201 - Pose - INFO - epoch 3 acc 0.777435651975307 > max acc 0.6984550780018498 epoch 2
2021-01-09 17:27:14,336 - Pose - INFO - Epoch 4	current lr : 0.001 [0.001]
2021-01-09 17:27:17,121 - Pose - INFO - iteration[0] batch loss 0.000287	avg_acc 0.7048	total_count 13
2021-01-09 17:29:50,203 - Pose - INFO - iteration[500] batch loss 0.000228	avg_acc 0.8060	total_count 6513
2021-01-09 17:32:23,244 - Pose - INFO - iteration[1000] batch loss 0.000254	avg_acc 0.8070	total_count 13013
2021-01-09 17:34:56,309 - Pose - INFO - iteration[1500] batch loss 0.000241	avg_acc 0.8077	total_count 19513
2021-01-09 17:37:29,245 - Pose - INFO - iteration[2000] batch loss 0.000264	avg_acc 0.8085	total_count 26013
2021-01-09 17:39:57,474 - Pose - INFO - epoch loss : 0.000245
2021-01-09 17:39:57,474 - Pose - INFO - epoch acc on train data : 0.8097
2021-01-09 17:39:57,474 - Pose - INFO - epoch 4 acc 0.809675035770928 > max acc 0.777435651975307 epoch 3
2021-01-09 17:39:57,610 - Pose - INFO - Epoch 5	current lr : 0.001 [0.001]
2021-01-09 17:40:00,355 - Pose - INFO - iteration[0] batch loss 0.000220	avg_acc 0.8527	total_count 13
2021-01-09 17:42:33,403 - Pose - INFO - iteration[500] batch loss 0.000252	avg_acc 0.8333	total_count 6513
2021-01-09 17:45:06,468 - Pose - INFO - iteration[1000] batch loss 0.000236	avg_acc 0.8321	total_count 13013
2021-01-09 17:47:39,436 - Pose - INFO - iteration[1500] batch loss 0.000196	avg_acc 0.8317	total_count 19513
2021-01-09 17:50:12,466 - Pose - INFO - iteration[2000] batch loss 0.000232	avg_acc 0.8319	total_count 26013
2021-01-09 17:52:40,625 - Pose - INFO - epoch loss : 0.000224
2021-01-09 17:52:40,626 - Pose - INFO - epoch acc on train data : 0.8331
2021-01-09 17:52:40,626 - Pose - INFO - epoch 5 acc 0.8330629592761556 > max acc 0.809675035770928 epoch 4
2021-01-09 17:52:40,761 - Pose - INFO - Epoch 6	current lr : 0.001 [0.001]
2021-01-09 17:52:43,494 - Pose - INFO - iteration[0] batch loss 0.000176	avg_acc 0.8876	total_count 13
2021-01-09 17:55:16,560 - Pose - INFO - iteration[500] batch loss 0.000191	avg_acc 0.8530	total_count 6513
2021-01-09 17:57:49,616 - Pose - INFO - iteration[1000] batch loss 0.000185	avg_acc 0.8523	total_count 13013
2021-01-09 18:00:22,680 - Pose - INFO - iteration[1500] batch loss 0.000181	avg_acc 0.8517	total_count 19513
2021-01-09 18:02:55,692 - Pose - INFO - iteration[2000] batch loss 0.000198	avg_acc 0.8521	total_count 26013
2021-01-09 18:05:23,789 - Pose - INFO - epoch loss : 0.000206
2021-01-09 18:05:23,789 - Pose - INFO - epoch acc on train data : 0.8523
2021-01-09 18:05:23,789 - Pose - INFO - epoch 6 acc 0.8522527715820813 > max acc 0.8330629592761556 epoch 5
2021-01-09 18:05:23,926 - Pose - INFO - Epoch 7	current lr : 0.001 [0.001]
2021-01-09 18:05:26,727 - Pose - INFO - iteration[0] batch loss 0.000194	avg_acc 0.8668	total_count 13
2021-01-09 18:07:59,736 - Pose - INFO - iteration[500] batch loss 0.000191	avg_acc 0.8710	total_count 6513
2021-01-09 18:10:32,687 - Pose - INFO - iteration[1000] batch loss 0.000174	avg_acc 0.8696	total_count 13013
2021-01-09 18:13:05,672 - Pose - INFO - iteration[1500] batch loss 0.000187	avg_acc 0.8690	total_count 19513
2021-01-09 18:15:38,584 - Pose - INFO - iteration[2000] batch loss 0.000164	avg_acc 0.8689	total_count 26013
2021-01-09 18:18:06,696 - Pose - INFO - epoch loss : 0.000191
2021-01-09 18:18:06,696 - Pose - INFO - epoch acc on train data : 0.8686
2021-01-09 18:18:06,696 - Pose - INFO - epoch 7 acc 0.8685882230982499 > max acc 0.8522527715820813 epoch 6
2021-01-09 18:18:06,831 - Pose - INFO - Epoch 8	current lr : 0.001 [0.001]
2021-01-09 18:18:09,541 - Pose - INFO - iteration[0] batch loss 0.000171	avg_acc 0.9094	total_count 13
2021-01-09 18:20:42,255 - Pose - INFO - iteration[500] batch loss 0.000178	avg_acc 0.8862	total_count 6513
2021-01-09 18:23:15,124 - Pose - INFO - iteration[1000] batch loss 0.000165	avg_acc 0.8845	total_count 13013
2021-01-09 18:25:47,865 - Pose - INFO - iteration[1500] batch loss 0.000192	avg_acc 0.8851	total_count 19513
2021-01-09 18:28:20,605 - Pose - INFO - iteration[2000] batch loss 0.000183	avg_acc 0.8847	total_count 26013
2021-01-09 18:30:48,475 - Pose - INFO - epoch loss : 0.000176
2021-01-09 18:30:48,475 - Pose - INFO - epoch acc on train data : 0.8842
2021-01-09 18:30:48,475 - Pose - INFO - epoch 8 acc 0.8842376437118592 > max acc 0.8685882230982499 epoch 7
2021-01-09 18:30:48,611 - Pose - INFO - Epoch 9	current lr : 0.001 [0.001]
2021-01-09 18:30:51,295 - Pose - INFO - iteration[0] batch loss 0.000175	avg_acc 0.8847	total_count 13
2021-01-09 18:33:24,123 - Pose - INFO - iteration[500] batch loss 0.000158	avg_acc 0.9003	total_count 6513
2021-01-09 18:35:57,020 - Pose - INFO - iteration[1000] batch loss 0.000164	avg_acc 0.8996	total_count 13013
2021-01-09 18:38:29,811 - Pose - INFO - iteration[1500] batch loss 0.000170	avg_acc 0.8989	total_count 19513
2021-01-09 18:41:02,546 - Pose - INFO - iteration[2000] batch loss 0.000171	avg_acc 0.8984	total_count 26013
2021-01-09 18:43:30,369 - Pose - INFO - epoch loss : 0.000162
2021-01-09 18:43:30,369 - Pose - INFO - epoch acc on train data : 0.8980
2021-01-09 18:43:30,369 - Pose - INFO - epoch 9 acc 0.8980227914383706 > max acc 0.8842376437118592 epoch 8
2021-01-09 18:43:30,510 - Pose - INFO - Epoch 10	current lr : 0.0001 [0.0001]
2021-01-09 18:43:33,178 - Pose - INFO - iteration[0] batch loss 0.000141	avg_acc 0.9128	total_count 13
2021-01-09 18:46:06,040 - Pose - INFO - iteration[500] batch loss 0.000129	avg_acc 0.9191	total_count 6513
2021-01-09 18:48:38,976 - Pose - INFO - iteration[1000] batch loss 0.000143	avg_acc 0.9210	total_count 13013
2021-01-09 18:51:11,957 - Pose - INFO - iteration[1500] batch loss 0.000127	avg_acc 0.9230	total_count 19513
2021-01-09 18:53:44,772 - Pose - INFO - iteration[2000] batch loss 0.000128	avg_acc 0.9235	total_count 26013
2021-01-09 18:56:12,940 - Pose - INFO - epoch loss : 0.000130
2021-01-09 18:56:12,941 - Pose - INFO - epoch acc on train data : 0.9246
2021-01-09 18:56:12,941 - Pose - INFO - epoch 10 acc 0.924554607619676 > max acc 0.8980227914383706 epoch 9
2021-01-09 18:56:13,076 - Pose - INFO - Epoch 11	current lr : 0.0001 [0.0001]
2021-01-09 18:56:15,805 - Pose - INFO - iteration[0] batch loss 0.000113	avg_acc 0.9440	total_count 13
2021-01-09 18:58:48,639 - Pose - INFO - iteration[500] batch loss 0.000109	avg_acc 0.9345	total_count 6513
2021-01-09 19:01:21,577 - Pose - INFO - iteration[1000] batch loss 0.000120	avg_acc 0.9340	total_count 13013
2021-01-09 19:03:54,483 - Pose - INFO - iteration[1500] batch loss 0.000105	avg_acc 0.9341	total_count 19513
2021-01-09 19:06:27,387 - Pose - INFO - iteration[2000] batch loss 0.000108	avg_acc 0.9346	total_count 26013
2021-01-09 19:08:55,397 - Pose - INFO - epoch loss : 0.000116
2021-01-09 19:08:55,398 - Pose - INFO - epoch acc on train data : 0.9345
2021-01-09 19:08:55,398 - Pose - INFO - epoch 11 acc 0.9345345446062169 > max acc 0.924554607619676 epoch 10
2021-01-09 19:08:55,534 - Pose - INFO - Epoch 12	current lr : 0.0001 [0.0001]
2021-01-09 19:08:58,264 - Pose - INFO - iteration[0] batch loss 0.000100	avg_acc 0.9521	total_count 13
2021-01-09 19:11:31,174 - Pose - INFO - iteration[500] batch loss 0.000107	avg_acc 0.9419	total_count 6513
2021-01-09 19:14:04,085 - Pose - INFO - iteration[1000] batch loss 0.000103	avg_acc 0.9413	total_count 13013
2021-01-09 19:16:36,898 - Pose - INFO - iteration[1500] batch loss 0.000104	avg_acc 0.9415	total_count 19513
2021-01-09 19:19:09,773 - Pose - INFO - iteration[2000] batch loss 0.000104	avg_acc 0.9413	total_count 26013
2021-01-09 19:21:37,670 - Pose - INFO - epoch loss : 0.000107
2021-01-09 19:21:37,670 - Pose - INFO - epoch acc on train data : 0.9416
2021-01-09 19:21:37,671 - Pose - INFO - epoch 12 acc 0.9415505804270913 > max acc 0.9345345446062169 epoch 11
2021-01-09 19:21:37,810 - Pose - INFO - Epoch 13	current lr : 0.0001 [0.0001]
2021-01-09 19:21:40,512 - Pose - INFO - iteration[0] batch loss 0.000084	avg_acc 0.9492	total_count 13
2021-01-09 19:24:13,518 - Pose - INFO - iteration[500] batch loss 0.000090	avg_acc 0.9470	total_count 6513
2021-01-09 19:26:46,512 - Pose - INFO - iteration[1000] batch loss 0.000111	avg_acc 0.9477	total_count 13013
2021-01-09 19:29:19,521 - Pose - INFO - iteration[1500] batch loss 0.000087	avg_acc 0.9477	total_count 19513
2021-01-09 19:31:52,496 - Pose - INFO - iteration[2000] batch loss 0.000101	avg_acc 0.9476	total_count 26013
2021-01-09 19:34:20,564 - Pose - INFO - epoch loss : 0.000099
2021-01-09 19:34:20,565 - Pose - INFO - epoch acc on train data : 0.9475
2021-01-09 19:34:20,565 - Pose - INFO - epoch 13 acc 0.9475278971580723 > max acc 0.9415505804270913 epoch 12
2021-01-09 19:34:20,701 - Pose - INFO - Epoch 14	current lr : 0.0001 [0.0001]
2021-01-09 19:34:23,387 - Pose - INFO - iteration[0] batch loss 0.000093	avg_acc 0.9345	total_count 13
2021-01-09 19:36:56,173 - Pose - INFO - iteration[500] batch loss 0.000098	avg_acc 0.9541	total_count 6513
2021-01-09 19:39:29,172 - Pose - INFO - iteration[1000] batch loss 0.000084	avg_acc 0.9538	total_count 13013
2021-01-09 19:42:02,055 - Pose - INFO - iteration[1500] batch loss 0.000107	avg_acc 0.9534	total_count 19513
2021-01-09 19:44:34,878 - Pose - INFO - iteration[2000] batch loss 0.000105	avg_acc 0.9530	total_count 26013
2021-01-09 19:47:02,916 - Pose - INFO - epoch loss : 0.000091
2021-01-09 19:47:02,916 - Pose - INFO - epoch acc on train data : 0.9528
2021-01-09 19:47:02,916 - Pose - INFO - epoch 14 acc 0.952765519803545 > max acc 0.9475278971580723 epoch 13
2021-01-09 19:47:03,053 - Pose - INFO - Epoch 15	current lr : 0.0001 [0.0001]
2021-01-09 19:47:05,794 - Pose - INFO - iteration[0] batch loss 0.000089	avg_acc 0.9554	total_count 13
2021-01-09 19:49:38,833 - Pose - INFO - iteration[500] batch loss 0.000093	avg_acc 0.9585	total_count 6513
2021-01-09 19:52:11,806 - Pose - INFO - iteration[1000] batch loss 0.000067	avg_acc 0.9583	total_count 13013
2021-01-09 19:54:44,731 - Pose - INFO - iteration[1500] batch loss 0.000073	avg_acc 0.9583	total_count 19513
2021-01-09 19:57:17,678 - Pose - INFO - iteration[2000] batch loss 0.000098	avg_acc 0.9578	total_count 26013
2021-01-09 19:59:45,809 - Pose - INFO - epoch loss : 0.000084
2021-01-09 19:59:45,809 - Pose - INFO - epoch acc on train data : 0.9575
2021-01-09 19:59:45,809 - Pose - INFO - epoch 15 acc 0.9574978325387945 > max acc 0.952765519803545 epoch 14
2021-01-09 19:59:45,945 - Pose - INFO - Epoch 16	current lr : 0.0001 [0.0001]
2021-01-09 19:59:48,647 - Pose - INFO - iteration[0] batch loss 0.000067	avg_acc 0.9753	total_count 13
2021-01-09 20:02:21,526 - Pose - INFO - iteration[500] batch loss 0.000083	avg_acc 0.9627	total_count 6513
2021-01-09 20:04:54,240 - Pose - INFO - iteration[1000] batch loss 0.000068	avg_acc 0.9620	total_count 13013
2021-01-09 20:07:26,962 - Pose - INFO - iteration[1500] batch loss 0.000079	avg_acc 0.9619	total_count 19513
2021-01-09 20:09:59,655 - Pose - INFO - iteration[2000] batch loss 0.000074	avg_acc 0.9620	total_count 26013
2021-01-09 20:12:27,585 - Pose - INFO - epoch loss : 0.000077
2021-01-09 20:12:27,586 - Pose - INFO - epoch acc on train data : 0.9618
2021-01-09 20:12:27,586 - Pose - INFO - epoch 16 acc 0.961828029290646 > max acc 0.9574978325387945 epoch 15
2021-01-09 20:12:27,721 - Pose - INFO - Epoch 17	current lr : 0.0001 [0.0001]
2021-01-09 20:12:30,346 - Pose - INFO - iteration[0] batch loss 0.000072	avg_acc 0.9564	total_count 13
2021-01-09 20:15:03,149 - Pose - INFO - iteration[500] batch loss 0.000057	avg_acc 0.9661	total_count 6513
2021-01-09 20:17:36,087 - Pose - INFO - iteration[1000] batch loss 0.000065	avg_acc 0.9655	total_count 13013
2021-01-09 20:20:08,899 - Pose - INFO - iteration[1500] batch loss 0.000080	avg_acc 0.9655	total_count 19513
2021-01-09 20:22:41,736 - Pose - INFO - iteration[2000] batch loss 0.000072	avg_acc 0.9655	total_count 26013
2021-01-09 20:25:09,710 - Pose - INFO - epoch loss : 0.000071
2021-01-09 20:25:09,710 - Pose - INFO - epoch acc on train data : 0.9656
2021-01-09 20:25:09,710 - Pose - INFO - epoch 17 acc 0.9655870883468283 > max acc 0.961828029290646 epoch 16
2021-01-09 20:25:09,849 - Pose - INFO - Epoch 18	current lr : 0.0001 [0.0001]
2021-01-09 20:25:12,584 - Pose - INFO - iteration[0] batch loss 0.000063	avg_acc 0.9724	total_count 13
2021-01-09 20:27:45,489 - Pose - INFO - iteration[500] batch loss 0.000065	avg_acc 0.9695	total_count 6513
2021-01-09 20:30:18,354 - Pose - INFO - iteration[1000] batch loss 0.000058	avg_acc 0.9693	total_count 13013
2021-01-09 20:32:51,281 - Pose - INFO - iteration[1500] batch loss 0.000079	avg_acc 0.9690	total_count 19513
2021-01-09 20:35:24,105 - Pose - INFO - iteration[2000] batch loss 0.000052	avg_acc 0.9688	total_count 26013
2021-01-09 20:37:52,131 - Pose - INFO - epoch loss : 0.000065
2021-01-09 20:37:52,132 - Pose - INFO - epoch acc on train data : 0.9686
2021-01-09 20:37:52,132 - Pose - INFO - epoch 18 acc 0.9685785269309829 > max acc 0.9655870883468283 epoch 17
2021-01-09 20:37:52,273 - Pose - INFO - Epoch 19	current lr : 0.0001 [0.0001]
2021-01-09 20:37:55,122 - Pose - INFO - iteration[0] batch loss 0.000051	avg_acc 0.9788	total_count 13
2021-01-09 20:40:28,069 - Pose - INFO - iteration[500] batch loss 0.000065	avg_acc 0.9721	total_count 6513
2021-01-09 20:43:00,984 - Pose - INFO - iteration[1000] batch loss 0.000055	avg_acc 0.9719	total_count 13013
2021-01-09 20:45:34,011 - Pose - INFO - iteration[1500] batch loss 0.000051	avg_acc 0.9716	total_count 19513
2021-01-09 20:48:06,991 - Pose - INFO - iteration[2000] batch loss 0.000055	avg_acc 0.9713	total_count 26013
2021-01-09 20:50:35,086 - Pose - INFO - epoch loss : 0.000060
2021-01-09 20:50:35,086 - Pose - INFO - epoch acc on train data : 0.9712
2021-01-09 20:50:35,086 - Pose - INFO - epoch 19 acc 0.9711617684778404 > max acc 0.9685785269309829 epoch 18
2021-01-09 20:50:35,221 - Pose - INFO - Epoch 20	current lr : 1e-05 [1e-05]
2021-01-09 20:50:37,949 - Pose - INFO - iteration[0] batch loss 0.000057	avg_acc 0.9627	total_count 13
2021-01-09 20:53:10,869 - Pose - INFO - iteration[500] batch loss 0.000039	avg_acc 0.9740	total_count 6513
2021-01-09 20:55:43,859 - Pose - INFO - iteration[1000] batch loss 0.000051	avg_acc 0.9737	total_count 13013
2021-01-09 20:58:16,753 - Pose - INFO - iteration[1500] batch loss 0.000054	avg_acc 0.9737	total_count 19513
2021-01-09 21:00:49,742 - Pose - INFO - iteration[2000] batch loss 0.000054	avg_acc 0.9739	total_count 26013
2021-01-09 21:03:17,774 - Pose - INFO - epoch loss : 0.000053
2021-01-09 21:03:17,775 - Pose - INFO - epoch acc on train data : 0.9740
2021-01-09 21:03:17,775 - Pose - INFO - epoch 20 acc 0.973995462589525 > max acc 0.9711617684778404 epoch 19
2021-01-09 21:03:17,912 - Pose - INFO - Epoch 21	current lr : 1e-05 [1e-05]
2021-01-09 21:03:20,565 - Pose - INFO - iteration[0] batch loss 0.000049	avg_acc 0.9880	total_count 13
2021-01-09 21:05:53,432 - Pose - INFO - iteration[500] batch loss 0.000045	avg_acc 0.9742	total_count 6513
2021-01-09 21:08:26,361 - Pose - INFO - iteration[1000] batch loss 0.000049	avg_acc 0.9744	total_count 13013
2021-01-09 21:10:59,277 - Pose - INFO - iteration[1500] batch loss 0.000057	avg_acc 0.9742	total_count 19513
2021-01-09 21:13:32,149 - Pose - INFO - iteration[2000] batch loss 0.000049	avg_acc 0.9744	total_count 26013
2021-01-09 21:16:00,187 - Pose - INFO - epoch loss : 0.000051
2021-01-09 21:16:00,187 - Pose - INFO - epoch acc on train data : 0.9745
2021-01-09 21:16:00,187 - Pose - INFO - epoch 21 acc 0.974474071420466 > max acc 0.973995462589525 epoch 20
2021-01-09 21:16:00,322 - Pose - INFO - Epoch 22	current lr : 1e-05 [1e-05]
2021-01-09 21:16:03,018 - Pose - INFO - iteration[0] batch loss 0.000041	avg_acc 0.9757	total_count 13
2021-01-09 21:18:35,977 - Pose - INFO - iteration[500] batch loss 0.000073	avg_acc 0.9745	total_count 6513
2021-01-09 21:21:08,864 - Pose - INFO - iteration[1000] batch loss 0.000043	avg_acc 0.9744	total_count 13013
2021-01-09 21:23:41,678 - Pose - INFO - iteration[1500] batch loss 0.000040	avg_acc 0.9747	total_count 19513
2021-01-09 21:26:14,423 - Pose - INFO - iteration[2000] batch loss 0.000051	avg_acc 0.9746	total_count 26013
2021-01-09 21:28:42,352 - Pose - INFO - epoch loss : 0.000050
2021-01-09 21:28:42,352 - Pose - INFO - epoch acc on train data : 0.9748
2021-01-09 21:28:42,352 - Pose - INFO - epoch 22 acc 0.9748163184814657 > max acc 0.974474071420466 epoch 21
2021-01-09 21:28:42,489 - Pose - INFO - Epoch 23	current lr : 1e-05 [1e-05]
2021-01-09 21:28:45,200 - Pose - INFO - iteration[0] batch loss 0.000045	avg_acc 0.9901	total_count 13
2021-01-09 21:31:17,937 - Pose - INFO - iteration[500] batch loss 0.000043	avg_acc 0.9744	total_count 6513
2021-01-09 21:33:50,730 - Pose - INFO - iteration[1000] batch loss 0.000046	avg_acc 0.9749	total_count 13013
2021-01-09 21:36:23,517 - Pose - INFO - iteration[1500] batch loss 0.000044	avg_acc 0.9750	total_count 19513
2021-01-09 21:38:56,438 - Pose - INFO - iteration[2000] batch loss 0.000045	avg_acc 0.9750	total_count 26013
2021-01-09 21:41:24,429 - Pose - INFO - epoch loss : 0.000050
2021-01-09 21:41:24,430 - Pose - INFO - epoch acc on train data : 0.9751
2021-01-09 21:41:24,430 - Pose - INFO - epoch 23 acc 0.9750963759244465 > max acc 0.9748163184814657 epoch 22
2021-01-09 21:41:24,566 - Pose - INFO - Epoch 24	current lr : 1e-05 [1e-05]
2021-01-09 21:41:27,251 - Pose - INFO - iteration[0] batch loss 0.000055	avg_acc 0.9676	total_count 13
2021-01-09 21:43:59,989 - Pose - INFO - iteration[500] batch loss 0.000049	avg_acc 0.9747	total_count 6513
2021-01-09 21:46:32,835 - Pose - INFO - iteration[1000] batch loss 0.000043	avg_acc 0.9753	total_count 13013
2021-01-09 21:49:05,728 - Pose - INFO - iteration[1500] batch loss 0.000046	avg_acc 0.9752	total_count 19513
2021-01-09 21:51:38,578 - Pose - INFO - iteration[2000] batch loss 0.000046	avg_acc 0.9752	total_count 26013
2021-01-09 21:54:06,585 - Pose - INFO - epoch loss : 0.000049
2021-01-09 21:54:06,585 - Pose - INFO - epoch acc on train data : 0.9753
2021-01-09 21:54:06,585 - Pose - INFO - epoch 24 acc 0.9753337022451481 > max acc 0.9750963759244465 epoch 23
2021-01-09 21:54:06,721 - Pose - INFO - Epoch 25	current lr : 1e-05 [1e-05]
2021-01-09 21:54:09,403 - Pose - INFO - iteration[0] batch loss 0.000037	avg_acc 0.9825	total_count 13
2021-01-09 21:56:41,951 - Pose - INFO - iteration[500] batch loss 0.000047	avg_acc 0.9758	total_count 6513
2021-01-09 21:59:14,641 - Pose - INFO - iteration[1000] batch loss 0.000055	avg_acc 0.9757	total_count 13013
2021-01-09 22:01:47,409 - Pose - INFO - iteration[1500] batch loss 0.000042	avg_acc 0.9755	total_count 19513
2021-01-09 22:04:20,078 - Pose - INFO - iteration[2000] batch loss 0.000031	avg_acc 0.9757	total_count 26013
2021-01-09 22:06:47,879 - Pose - INFO - epoch loss : 0.000048
2021-01-09 22:06:47,879 - Pose - INFO - epoch acc on train data : 0.9757
2021-01-09 22:06:47,879 - Pose - INFO - epoch 25 acc 0.9756581001138316 > max acc 0.9753337022451481 epoch 24
2021-01-09 22:06:48,018 - Pose - INFO - Epoch 26	current lr : 1e-05 [1e-05]
2021-01-09 22:06:50,762 - Pose - INFO - iteration[0] batch loss 0.000056	avg_acc 0.9538	total_count 13
2021-01-09 22:09:23,558 - Pose - INFO - iteration[500] batch loss 0.000045	avg_acc 0.9760	total_count 6513
2021-01-09 22:11:56,320 - Pose - INFO - iteration[1000] batch loss 0.000045	avg_acc 0.9759	total_count 13013
2021-01-09 22:14:29,115 - Pose - INFO - iteration[1500] batch loss 0.000057	avg_acc 0.9760	total_count 19513
2021-01-09 22:17:01,866 - Pose - INFO - iteration[2000] batch loss 0.000058	avg_acc 0.9760	total_count 26013
2021-01-09 22:19:29,722 - Pose - INFO - epoch loss : 0.000048
2021-01-09 22:19:29,722 - Pose - INFO - epoch acc on train data : 0.9759
2021-01-09 22:19:29,723 - Pose - INFO - epoch 26 acc 0.9758955351574528 > max acc 0.9756581001138316 epoch 25
2021-01-09 22:19:29,860 - Pose - INFO - Epoch 27	current lr : 1e-05 [1e-05]
2021-01-09 22:19:32,528 - Pose - INFO - iteration[0] batch loss 0.000043	avg_acc 0.9853	total_count 13
2021-01-09 22:22:05,284 - Pose - INFO - iteration[500] batch loss 0.000035	avg_acc 0.9763	total_count 6513
2021-01-09 22:24:38,077 - Pose - INFO - iteration[1000] batch loss 0.000039	avg_acc 0.9764	total_count 13013
2021-01-09 22:27:11,005 - Pose - INFO - iteration[1500] batch loss 0.000045	avg_acc 0.9764	total_count 19513
2021-01-09 22:29:43,736 - Pose - INFO - iteration[2000] batch loss 0.000037	avg_acc 0.9762	total_count 26013
2021-01-09 22:32:11,710 - Pose - INFO - epoch loss : 0.000047
2021-01-09 22:32:11,710 - Pose - INFO - epoch acc on train data : 0.9761
2021-01-09 22:32:11,710 - Pose - INFO - epoch 27 acc 0.9760930153147159 > max acc 0.9758955351574528 epoch 26
2021-01-09 22:32:11,848 - Pose - INFO - Epoch 28	current lr : 1e-05 [1e-05]
2021-01-09 22:32:14,590 - Pose - INFO - iteration[0] batch loss 0.000047	avg_acc 0.9853	total_count 13
2021-01-09 22:34:47,437 - Pose - INFO - iteration[500] batch loss 0.000051	avg_acc 0.9762	total_count 6513
2021-01-09 22:37:20,374 - Pose - INFO - iteration[1000] batch loss 0.000055	avg_acc 0.9764	total_count 13013
2021-01-09 22:39:53,296 - Pose - INFO - iteration[1500] batch loss 0.000058	avg_acc 0.9766	total_count 19513
2021-01-09 22:42:26,183 - Pose - INFO - iteration[2000] batch loss 0.000044	avg_acc 0.9764	total_count 26013
2021-01-09 22:44:54,211 - Pose - INFO - epoch loss : 0.000047
2021-01-09 22:44:54,211 - Pose - INFO - epoch acc on train data : 0.9763
2021-01-09 22:44:54,211 - Pose - INFO - epoch 28 acc 0.9762771468061662 > max acc 0.9760930153147159 epoch 27
2021-01-09 22:44:54,348 - Pose - INFO - Epoch 29	current lr : 1e-05 [1e-05]
2021-01-09 22:44:57,093 - Pose - INFO - iteration[0] batch loss 0.000038	avg_acc 0.9826	total_count 13
2021-01-09 22:47:29,945 - Pose - INFO - iteration[500] batch loss 0.000048	avg_acc 0.9767	total_count 6513
2021-01-09 22:50:02,874 - Pose - INFO - iteration[1000] batch loss 0.000031	avg_acc 0.9766	total_count 13013
2021-01-09 22:52:35,799 - Pose - INFO - iteration[1500] batch loss 0.000048	avg_acc 0.9765	total_count 19513
2021-01-09 22:55:08,736 - Pose - INFO - iteration[2000] batch loss 0.000041	avg_acc 0.9765	total_count 26013
2021-01-09 22:57:36,783 - Pose - INFO - epoch loss : 0.000046
2021-01-09 22:57:36,783 - Pose - INFO - epoch acc on train data : 0.9765
2021-01-09 22:57:36,783 - Pose - INFO - epoch 29 acc 0.9764851103531696 > max acc 0.9762771468061662 epoch 28
2021-01-12 20:39:54,215 - Pose - INFO - saved model name 210109_newdata_normalize_nlayer18_adam_lr0.001_batch32_momentum0.9_schedule[10, 20]_nepoch30
2021-01-12 20:39:54,215 - Pose - INFO - training batch size : 32	number of layer : 18
2021-01-12 20:39:54,215 - Pose - INFO - optimizer : adam	learning rate : 0.001	momentum : 0.9
2021-01-12 20:39:54,215 - Pose - INFO - number of epochs : 30	scheduler : [10, 20]	gammas : 0.1
2021-01-12 20:39:54,215 - Pose - INFO - gaussian noise : False	normalize : False	cutoff : 128	visualize : False
2021-01-12 20:39:54,215 - Pose - INFO - data augmentation : None	flatten : False
2021-01-12 20:39:54,373 - Pose - INFO - Let's use single gpu	 now gpu : 1
2021-01-12 20:39:56,880 - Pose - INFO - use adam optimizer
2021-01-12 20:40:36,530 - Pose - INFO - Epoch 0	current lr : 0.001 [0.001]
