2021-01-13 14:15:15,883 - Pose - INFO - saved model name 210113_cutmix_nlayer18_adam_lr0.001_batch32_momentum0.9_schedule[10, 20]_nepoch20
2021-01-13 14:15:15,883 - Pose - INFO - training batch size : 32	number of layer : 18
2021-01-13 14:15:15,883 - Pose - INFO - optimizer : adam	learning rate : 0.001	momentum : 0.9
2021-01-13 14:15:15,883 - Pose - INFO - number of epochs : 20	scheduler : [10, 20]	gammas : 0.1
2021-01-13 14:15:15,883 - Pose - INFO - gaussian noise : False	normalize : False	cutoff : 128	visualize : False
2021-01-13 14:15:15,883 - Pose - INFO - data augmentation : cutmix	flatten : True
2021-01-13 14:15:16,020 - Pose - INFO - Let's use single gpu	 now gpu : 1
2021-01-13 14:15:19,117 - Pose - INFO - use adam optimizer
2021-01-13 14:15:22,784 - Pose - INFO - Epoch 0	current lr : 0.001 [0.001]
2021-01-13 14:15:44,222 - Pose - INFO - saved model name 210113_cutmix_nlayer18_adam_lr0.001_batch32_momentum0.9_schedule[10, 20]_nepoch20
2021-01-13 14:15:44,222 - Pose - INFO - training batch size : 32	number of layer : 18
2021-01-13 14:15:44,222 - Pose - INFO - optimizer : adam	learning rate : 0.001	momentum : 0.9
2021-01-13 14:15:44,222 - Pose - INFO - number of epochs : 20	scheduler : [10, 20]	gammas : 0.1
2021-01-13 14:15:44,222 - Pose - INFO - gaussian noise : False	normalize : False	cutoff : 128	visualize : False
2021-01-13 14:15:44,223 - Pose - INFO - data augmentation : cutmix	flatten : True
2021-01-13 14:15:44,360 - Pose - INFO - Let's use single gpu	 now gpu : 1
2021-01-13 14:15:47,428 - Pose - INFO - use adam optimizer
2021-01-13 14:15:50,965 - Pose - INFO - Epoch 0	current lr : 0.001 [0.001]
2021-01-13 14:15:52,369 - Pose - INFO - iteration[0] batch loss 0.104243	avg_acc 0.0120	total_count 13
2021-01-13 14:16:43,365 - Pose - INFO - saved model name 210113_cutmix_nlayer18_adam_lr0.001_batch32_momentum0.9_schedule[10, 20]_nepoch20
2021-01-13 14:16:43,365 - Pose - INFO - training batch size : 32	number of layer : 18
2021-01-13 14:16:43,365 - Pose - INFO - optimizer : adam	learning rate : 0.001	momentum : 0.9
2021-01-13 14:16:43,365 - Pose - INFO - number of epochs : 20	scheduler : [10, 20]	gammas : 0.1
2021-01-13 14:16:43,365 - Pose - INFO - gaussian noise : False	normalize : False	cutoff : 128	visualize : False
2021-01-13 14:16:43,365 - Pose - INFO - data augmentation : cutmix	flatten : True
2021-01-13 14:16:43,506 - Pose - INFO - Let's use single gpu	 now gpu : 1
2021-01-13 14:16:46,511 - Pose - INFO - use adam optimizer
2021-01-13 14:16:49,977 - Pose - INFO - Epoch 0	current lr : 0.001 [0.001]
2021-01-13 14:16:51,352 - Pose - INFO - iteration[0] batch loss 0.087402	avg_acc 0.0096	total_count 13
2021-01-13 14:17:28,818 - Pose - INFO - saved model name 210113_cutmix_nlayer18_adam_lr0.001_batch32_momentum0.9_schedule[10, 20]_nepoch20
2021-01-13 14:17:28,818 - Pose - INFO - training batch size : 32	number of layer : 18
2021-01-13 14:17:28,818 - Pose - INFO - optimizer : adam	learning rate : 0.001	momentum : 0.9
2021-01-13 14:17:28,818 - Pose - INFO - number of epochs : 20	scheduler : [10, 20]	gammas : 0.1
2021-01-13 14:17:28,818 - Pose - INFO - gaussian noise : False	normalize : False	cutoff : 128	visualize : False
2021-01-13 14:17:28,818 - Pose - INFO - data augmentation : cutmix	flatten : True
2021-01-13 14:17:28,959 - Pose - INFO - Let's use single gpu	 now gpu : 1
2021-01-13 14:17:31,798 - Pose - INFO - use adam optimizer
2021-01-13 14:18:37,017 - Pose - INFO - Epoch 0	current lr : 0.001 [0.001]
2021-01-13 14:18:39,228 - Pose - INFO - iteration[0] batch loss 0.101716	avg_acc 0.0168	total_count 13
2021-01-13 14:21:09,081 - Pose - INFO - iteration[500] batch loss 0.000279	avg_acc 0.0114	total_count 6513
2021-01-13 14:23:40,940 - Pose - INFO - iteration[1000] batch loss 0.000284	avg_acc 0.0110	total_count 13013
2021-01-13 14:26:13,050 - Pose - INFO - iteration[1500] batch loss 0.000270	avg_acc 0.0103	total_count 19513
2021-01-13 14:28:44,276 - Pose - INFO - iteration[2000] batch loss 0.000277	avg_acc 0.0106	total_count 26013
2021-01-13 14:31:11,352 - Pose - INFO - epoch loss : 0.000633
2021-01-13 14:31:11,353 - Pose - INFO - epoch acc on train data : 0.0128
2021-01-13 14:31:11,353 - Pose - INFO - epoch 0 acc 0.012795821662813983 > max acc 0 epoch 0
2021-01-13 14:31:11,537 - Pose - INFO - Epoch 1	current lr : 0.001 [0.001]
2021-01-13 14:31:21,996 - Pose - INFO - iteration[0] batch loss 0.000283	avg_acc 0.0361	total_count 13
2021-01-13 14:33:49,020 - Pose - INFO - iteration[500] batch loss 0.000269	avg_acc 0.0355	total_count 6513
2021-01-13 14:36:16,550 - Pose - INFO - iteration[1000] batch loss 0.000280	avg_acc 0.0480	total_count 13013
2021-01-13 14:38:43,952 - Pose - INFO - iteration[1500] batch loss 0.000265	avg_acc 0.0584	total_count 19513
2021-01-13 14:41:11,532 - Pose - INFO - iteration[2000] batch loss 0.000276	avg_acc 0.0690	total_count 26013
2021-01-13 14:43:35,949 - Pose - INFO - epoch loss : 0.000276
2021-01-13 14:43:35,949 - Pose - INFO - epoch acc on train data : 0.0823
2021-01-13 14:43:35,949 - Pose - INFO - epoch 1 acc 0.08233464124354233 > max acc 0.012795821662813983 epoch 0
2021-01-13 14:43:36,148 - Pose - INFO - Epoch 2	current lr : 0.001 [0.001]
2021-01-13 14:43:46,397 - Pose - INFO - iteration[0] batch loss 0.000272	avg_acc 0.1349	total_count 13
2021-01-13 14:46:13,594 - Pose - INFO - iteration[500] batch loss 0.000265	avg_acc 0.2130	total_count 6513
2021-01-13 14:48:41,687 - Pose - INFO - iteration[1000] batch loss 0.000258	avg_acc 0.2725	total_count 13013
2021-01-13 14:51:09,833 - Pose - INFO - iteration[1500] batch loss 0.000240	avg_acc 0.3031	total_count 19513
2021-01-13 14:53:37,444 - Pose - INFO - iteration[2000] batch loss 0.000231	avg_acc 0.3334	total_count 26013
2021-01-13 14:56:01,780 - Pose - INFO - epoch loss : 0.000249
2021-01-13 14:56:01,780 - Pose - INFO - epoch acc on train data : 0.3606
2021-01-13 14:56:01,780 - Pose - INFO - epoch 2 acc 0.3605708589835118 > max acc 0.08233464124354233 epoch 1
2021-01-13 14:56:01,979 - Pose - INFO - Epoch 3	current lr : 0.001 [0.001]
2021-01-13 14:56:12,394 - Pose - INFO - iteration[0] batch loss 0.000236	avg_acc 0.4712	total_count 13
2021-01-13 14:58:39,851 - Pose - INFO - iteration[500] batch loss 0.000220	avg_acc 0.4915	total_count 6513
2021-01-13 15:01:07,657 - Pose - INFO - iteration[1000] batch loss 0.000233	avg_acc 0.5023	total_count 13013
2021-01-13 15:03:35,436 - Pose - INFO - iteration[1500] batch loss 0.000200	avg_acc 0.5059	total_count 19513
2021-01-13 15:06:03,255 - Pose - INFO - iteration[2000] batch loss 0.000204	avg_acc 0.5134	total_count 26013
2021-01-13 15:08:27,632 - Pose - INFO - epoch loss : 0.000220
2021-01-13 15:08:27,635 - Pose - INFO - epoch acc on train data : 0.5227
2021-01-13 15:08:27,635 - Pose - INFO - epoch 3 acc 0.5226901628963188 > max acc 0.3605708589835118 epoch 2
2021-01-13 15:08:27,838 - Pose - INFO - Epoch 4	current lr : 0.001 [0.001]
2021-01-13 15:08:38,299 - Pose - INFO - iteration[0] batch loss 0.000221	avg_acc 0.5649	total_count 13
2021-01-13 15:11:05,813 - Pose - INFO - iteration[500] batch loss 0.000203	avg_acc 0.5643	total_count 6513
2021-01-13 15:13:34,692 - Pose - INFO - iteration[1000] batch loss 0.000204	avg_acc 0.5695	total_count 13013
2021-01-13 15:16:02,222 - Pose - INFO - iteration[1500] batch loss 0.000198	avg_acc 0.5694	total_count 19513
2021-01-13 15:18:29,849 - Pose - INFO - iteration[2000] batch loss 0.000194	avg_acc 0.5720	total_count 26013
2021-01-13 15:20:54,305 - Pose - INFO - epoch loss : 0.000204
2021-01-13 15:20:54,306 - Pose - INFO - epoch acc on train data : 0.5785
2021-01-13 15:20:54,306 - Pose - INFO - epoch 4 acc 0.5785147714242442 > max acc 0.5226901628963188 epoch 3
2021-01-13 15:20:54,508 - Pose - INFO - Epoch 5	current lr : 0.001 [0.001]
2021-01-13 15:21:05,603 - Pose - INFO - iteration[0] batch loss 0.000202	avg_acc 0.6418	total_count 13
2021-01-13 15:23:33,126 - Pose - INFO - iteration[500] batch loss 0.000190	avg_acc 0.6018	total_count 6513
2021-01-13 15:26:00,798 - Pose - INFO - iteration[1000] batch loss 0.000199	avg_acc 0.6041	total_count 13013
2021-01-13 15:28:28,680 - Pose - INFO - iteration[1500] batch loss 0.000209	avg_acc 0.6021	total_count 19513
2021-01-13 15:30:56,585 - Pose - INFO - iteration[2000] batch loss 0.000182	avg_acc 0.6036	total_count 26013
2021-01-13 15:33:20,943 - Pose - INFO - epoch loss : 0.000194
2021-01-13 15:33:20,943 - Pose - INFO - epoch acc on train data : 0.6081
2021-01-13 15:33:20,943 - Pose - INFO - epoch 5 acc 0.608136851444105 > max acc 0.5785147714242442 epoch 4
2021-01-13 15:33:21,145 - Pose - INFO - Epoch 6	current lr : 0.001 [0.001]
2021-01-13 15:33:31,466 - Pose - INFO - iteration[0] batch loss 0.000176	avg_acc 0.6793	total_count 13
2021-01-13 15:35:59,462 - Pose - INFO - iteration[500] batch loss 0.000182	avg_acc 0.6244	total_count 6513
2021-01-13 15:38:27,651 - Pose - INFO - iteration[1000] batch loss 0.000177	avg_acc 0.6239	total_count 13013
2021-01-13 15:40:55,136 - Pose - INFO - iteration[1500] batch loss 0.000179	avg_acc 0.6240	total_count 19513
2021-01-13 15:43:22,737 - Pose - INFO - iteration[2000] batch loss 0.000209	avg_acc 0.6248	total_count 26013
2021-01-13 15:45:47,015 - Pose - INFO - epoch loss : 0.000185
2021-01-13 15:45:47,016 - Pose - INFO - epoch acc on train data : 0.6292
2021-01-13 15:45:47,016 - Pose - INFO - epoch 6 acc 0.6292176362559135 > max acc 0.608136851444105 epoch 5
2021-01-13 15:45:47,214 - Pose - INFO - Epoch 7	current lr : 0.001 [0.001]
2021-01-13 15:45:57,511 - Pose - INFO - iteration[0] batch loss 0.000179	avg_acc 0.7056	total_count 13
2021-01-13 15:48:24,897 - Pose - INFO - iteration[500] batch loss 0.000160	avg_acc 0.6449	total_count 6513
2021-01-13 15:50:52,619 - Pose - INFO - iteration[1000] batch loss 0.000180	avg_acc 0.6457	total_count 13013
2021-01-13 15:53:20,263 - Pose - INFO - iteration[1500] batch loss 0.000173	avg_acc 0.6441	total_count 19513
2021-01-13 15:55:47,975 - Pose - INFO - iteration[2000] batch loss 0.000166	avg_acc 0.6448	total_count 26013
2021-01-13 15:58:12,281 - Pose - INFO - epoch loss : 0.000177
2021-01-13 15:58:12,281 - Pose - INFO - epoch acc on train data : 0.6478
2021-01-13 15:58:12,281 - Pose - INFO - epoch 7 acc 0.6478442255168144 > max acc 0.6292176362559135 epoch 6
2021-01-13 15:58:12,479 - Pose - INFO - Epoch 8	current lr : 0.001 [0.001]
2021-01-13 15:58:22,950 - Pose - INFO - iteration[0] batch loss 0.000187	avg_acc 0.7115	total_count 13
2021-01-13 16:00:51,577 - Pose - INFO - iteration[500] batch loss 0.000179	avg_acc 0.6616	total_count 6513
2021-01-13 16:03:18,730 - Pose - INFO - iteration[1000] batch loss 0.000165	avg_acc 0.6582	total_count 13013
2021-01-13 16:05:46,244 - Pose - INFO - iteration[1500] batch loss 0.000174	avg_acc 0.6567	total_count 19513
2021-01-13 16:08:13,654 - Pose - INFO - iteration[2000] batch loss 0.000166	avg_acc 0.6578	total_count 26013
2021-01-13 16:10:38,013 - Pose - INFO - epoch loss : 0.000171
2021-01-13 16:10:38,013 - Pose - INFO - epoch acc on train data : 0.6610
2021-01-13 16:10:38,014 - Pose - INFO - epoch 8 acc 0.6609728865334267 > max acc 0.6478442255168144 epoch 7
2021-01-13 16:10:38,215 - Pose - INFO - Epoch 9	current lr : 0.001 [0.001]
2021-01-13 16:10:48,686 - Pose - INFO - iteration[0] batch loss 0.000172	avg_acc 0.7019	total_count 13
2021-01-13 16:13:16,001 - Pose - INFO - iteration[500] batch loss 0.000175	avg_acc 0.6715	total_count 6513
2021-01-13 16:15:43,607 - Pose - INFO - iteration[1000] batch loss 0.000172	avg_acc 0.6711	total_count 13013
2021-01-13 16:18:11,133 - Pose - INFO - iteration[1500] batch loss 0.000150	avg_acc 0.6697	total_count 19513
2021-01-13 16:20:38,661 - Pose - INFO - iteration[2000] batch loss 0.000152	avg_acc 0.6706	total_count 26013
2021-01-13 16:23:03,499 - Pose - INFO - epoch loss : 0.000167
2021-01-13 16:23:03,499 - Pose - INFO - epoch acc on train data : 0.6705
2021-01-13 16:23:03,499 - Pose - INFO - epoch 9 acc 0.6705235320109243 > max acc 0.6609728865334267 epoch 8
2021-01-13 16:23:03,700 - Pose - INFO - Epoch 10	current lr : 0.0001 [0.0001]
2021-01-13 16:23:14,241 - Pose - INFO - iteration[0] batch loss 0.000179	avg_acc 0.7236	total_count 13
2021-01-13 16:25:41,980 - Pose - INFO - iteration[500] batch loss 0.000170	avg_acc 0.6568	total_count 6513
2021-01-13 16:28:09,291 - Pose - INFO - iteration[1000] batch loss 0.000165	avg_acc 0.6574	total_count 13013
2021-01-13 16:30:36,794 - Pose - INFO - iteration[1500] batch loss 0.000170	avg_acc 0.6571	total_count 19513
2021-01-13 16:33:04,361 - Pose - INFO - iteration[2000] batch loss 0.000165	avg_acc 0.6589	total_count 26013
2021-01-13 16:35:28,384 - Pose - INFO - epoch loss : 0.000166
2021-01-13 16:35:28,384 - Pose - INFO - epoch acc on train data : 0.6646
2021-01-13 16:35:28,473 - Pose - INFO - Epoch 11	current lr : 0.0001 [0.0001]
2021-01-13 16:35:38,977 - Pose - INFO - iteration[0] batch loss 0.000173	avg_acc 0.6851	total_count 13
2021-01-13 16:38:06,260 - Pose - INFO - iteration[500] batch loss 0.000159	avg_acc 0.6832	total_count 6513
2021-01-13 16:40:33,721 - Pose - INFO - iteration[1000] batch loss 0.000157	avg_acc 0.6831	total_count 13013
2021-01-13 16:43:01,432 - Pose - INFO - iteration[1500] batch loss 0.000162	avg_acc 0.6811	total_count 19513
2021-01-13 16:45:29,180 - Pose - INFO - iteration[2000] batch loss 0.000165	avg_acc 0.6809	total_count 26013
2021-01-13 16:47:54,199 - Pose - INFO - epoch loss : 0.000158
2021-01-13 16:47:54,199 - Pose - INFO - epoch acc on train data : 0.6846
2021-01-13 16:47:54,199 - Pose - INFO - epoch 11 acc 0.684641578386936 > max acc 0.6705235320109243 epoch 9
2021-01-13 16:47:54,407 - Pose - INFO - Epoch 12	current lr : 0.0001 [0.0001]
2021-01-13 16:48:05,030 - Pose - INFO - iteration[0] batch loss 0.000131	avg_acc 0.7764	total_count 13
2021-01-13 16:50:32,036 - Pose - INFO - iteration[500] batch loss 0.000149	avg_acc 0.6944	total_count 6513
2021-01-13 16:52:59,440 - Pose - INFO - iteration[1000] batch loss 0.000142	avg_acc 0.6927	total_count 13013
2021-01-13 16:55:26,946 - Pose - INFO - iteration[1500] batch loss 0.000145	avg_acc 0.6912	total_count 19513
2021-01-13 16:57:54,587 - Pose - INFO - iteration[2000] batch loss 0.000140	avg_acc 0.6903	total_count 26013
2021-01-13 17:00:18,891 - Pose - INFO - epoch loss : 0.000154
2021-01-13 17:00:18,891 - Pose - INFO - epoch acc on train data : 0.6927
2021-01-13 17:00:18,891 - Pose - INFO - epoch 12 acc 0.6927416480233379 > max acc 0.684641578386936 epoch 11
2021-01-13 17:00:19,093 - Pose - INFO - Epoch 13	current lr : 0.0001 [0.0001]
2021-01-13 17:00:29,549 - Pose - INFO - iteration[0] batch loss 0.000159	avg_acc 0.7260	total_count 13
2021-01-13 17:02:56,898 - Pose - INFO - iteration[500] batch loss 0.000134	avg_acc 0.7049	total_count 6513
2021-01-13 17:05:24,411 - Pose - INFO - iteration[1000] batch loss 0.000160	avg_acc 0.7003	total_count 13013
2021-01-13 17:07:51,959 - Pose - INFO - iteration[1500] batch loss 0.000155	avg_acc 0.6976	total_count 19513
2021-01-13 17:10:20,214 - Pose - INFO - iteration[2000] batch loss 0.000161	avg_acc 0.6978	total_count 26013
2021-01-13 17:12:44,985 - Pose - INFO - epoch loss : 0.000151
2021-01-13 17:12:44,986 - Pose - INFO - epoch acc on train data : 0.6998
2021-01-13 17:12:44,986 - Pose - INFO - epoch 13 acc 0.6998388927443898 > max acc 0.6927416480233379 epoch 12
2021-01-13 17:12:45,187 - Pose - INFO - Epoch 14	current lr : 0.0001 [0.0001]
2021-01-13 17:12:55,984 - Pose - INFO - iteration[0] batch loss 0.000149	avg_acc 0.7596	total_count 13
2021-01-13 17:15:23,114 - Pose - INFO - iteration[500] batch loss 0.000147	avg_acc 0.7053	total_count 6513
2021-01-13 17:17:50,610 - Pose - INFO - iteration[1000] batch loss 0.000136	avg_acc 0.7035	total_count 13013
2021-01-13 17:20:18,272 - Pose - INFO - iteration[1500] batch loss 0.000138	avg_acc 0.7025	total_count 19513
2021-01-13 17:22:45,895 - Pose - INFO - iteration[2000] batch loss 0.000144	avg_acc 0.7017	total_count 26013
2021-01-13 17:25:10,113 - Pose - INFO - epoch loss : 0.000149
2021-01-13 17:25:10,116 - Pose - INFO - epoch acc on train data : 0.7046
2021-01-13 17:25:10,116 - Pose - INFO - epoch 14 acc 0.7046199467275106 > max acc 0.6998388927443898 epoch 13
2021-01-13 17:25:10,315 - Pose - INFO - Epoch 15	current lr : 0.0001 [0.0001]
2021-01-13 17:25:20,947 - Pose - INFO - iteration[0] batch loss 0.000151	avg_acc 0.7524	total_count 13
2021-01-13 17:27:48,219 - Pose - INFO - iteration[500] batch loss 0.000144	avg_acc 0.7086	total_count 6513
2021-01-13 17:30:15,881 - Pose - INFO - iteration[1000] batch loss 0.000151	avg_acc 0.7077	total_count 13013
2021-01-13 17:32:43,538 - Pose - INFO - iteration[1500] batch loss 0.000144	avg_acc 0.7046	total_count 19513
2021-01-13 17:35:11,626 - Pose - INFO - iteration[2000] batch loss 0.000154	avg_acc 0.7038	total_count 26013
2021-01-13 17:37:36,115 - Pose - INFO - epoch loss : 0.000147
2021-01-13 17:37:36,115 - Pose - INFO - epoch acc on train data : 0.7075
2021-01-13 17:37:36,115 - Pose - INFO - epoch 15 acc 0.7074836716743796 > max acc 0.7046199467275106 epoch 14
2021-01-13 17:37:36,315 - Pose - INFO - Epoch 16	current lr : 0.0001 [0.0001]
2021-01-13 17:37:46,944 - Pose - INFO - iteration[0] batch loss 0.000142	avg_acc 0.6827	total_count 13
2021-01-13 17:40:14,055 - Pose - INFO - iteration[500] batch loss 0.000135	avg_acc 0.7147	total_count 6513
2021-01-13 17:42:41,593 - Pose - INFO - iteration[1000] batch loss 0.000157	avg_acc 0.7125	total_count 13013
2021-01-13 17:45:09,318 - Pose - INFO - iteration[1500] batch loss 0.000145	avg_acc 0.7098	total_count 19513
2021-01-13 17:47:36,961 - Pose - INFO - iteration[2000] batch loss 0.000132	avg_acc 0.7085	total_count 26013
2021-01-13 17:50:02,133 - Pose - INFO - epoch loss : 0.000145
2021-01-13 17:50:02,134 - Pose - INFO - epoch acc on train data : 0.7111
2021-01-13 17:50:02,134 - Pose - INFO - epoch 16 acc 0.7110860105482253 > max acc 0.7074836716743796 epoch 15
2021-01-13 17:50:02,341 - Pose - INFO - Epoch 17	current lr : 0.0001 [0.0001]
2021-01-13 17:50:13,561 - Pose - INFO - iteration[0] batch loss 0.000147	avg_acc 0.7404	total_count 13
2021-01-13 17:52:46,468 - Pose - INFO - iteration[500] batch loss 0.000135	avg_acc 0.7158	total_count 6513
2021-01-13 17:55:19,226 - Pose - INFO - iteration[1000] batch loss 0.000154	avg_acc 0.7149	total_count 13013
2021-01-13 17:57:51,820 - Pose - INFO - iteration[1500] batch loss 0.000134	avg_acc 0.7145	total_count 19513
2021-01-13 18:00:24,265 - Pose - INFO - iteration[2000] batch loss 0.000130	avg_acc 0.7132	total_count 26013
2021-01-13 18:02:53,197 - Pose - INFO - epoch loss : 0.000143
2021-01-13 18:02:53,197 - Pose - INFO - epoch acc on train data : 0.7158
2021-01-13 18:02:53,198 - Pose - INFO - epoch 17 acc 0.7157811768933666 > max acc 0.7110860105482253 epoch 16
2021-01-13 18:02:53,403 - Pose - INFO - Epoch 18	current lr : 0.0001 [0.0001]
2021-01-13 18:03:04,064 - Pose - INFO - iteration[0] batch loss 0.000137	avg_acc 0.7596	total_count 13
2021-01-13 18:05:36,171 - Pose - INFO - iteration[500] batch loss 0.000138	avg_acc 0.7194	total_count 6513
2021-01-13 18:08:08,628 - Pose - INFO - iteration[1000] batch loss 0.000155	avg_acc 0.7167	total_count 13013
2021-01-13 18:10:41,144 - Pose - INFO - iteration[1500] batch loss 0.000145	avg_acc 0.7142	total_count 19513
2021-01-13 18:13:13,587 - Pose - INFO - iteration[2000] batch loss 0.000138	avg_acc 0.7140	total_count 26013
2021-01-13 18:15:42,524 - Pose - INFO - epoch loss : 0.000142
2021-01-13 18:15:42,524 - Pose - INFO - epoch acc on train data : 0.7168
2021-01-13 18:15:42,524 - Pose - INFO - epoch 18 acc 0.7167553268901781 > max acc 0.7157811768933666 epoch 17
2021-01-13 18:15:42,736 - Pose - INFO - Epoch 19	current lr : 0.0001 [0.0001]
2021-01-13 18:15:53,265 - Pose - INFO - iteration[0] batch loss 0.000145	avg_acc 0.7284	total_count 13
2021-01-13 18:18:25,553 - Pose - INFO - iteration[500] batch loss 0.000129	avg_acc 0.7218	total_count 6513
2021-01-13 18:20:57,991 - Pose - INFO - iteration[1000] batch loss 0.000150	avg_acc 0.7182	total_count 13013
2021-01-13 18:23:30,414 - Pose - INFO - iteration[1500] batch loss 0.000148	avg_acc 0.7158	total_count 19513
2021-01-13 18:26:02,877 - Pose - INFO - iteration[2000] batch loss 0.000132	avg_acc 0.7158	total_count 26013
2021-01-13 18:28:31,680 - Pose - INFO - epoch loss : 0.000140
2021-01-13 18:28:31,680 - Pose - INFO - epoch acc on train data : 0.7187
2021-01-13 18:28:31,681 - Pose - INFO - epoch 19 acc 0.718730772203194 > max acc 0.7167553268901781 epoch 18
2021-01-13 18:28:31,894 - Pose - INFO - training end | elapsed time = 4:09:54.877130
