2021-01-12 21:57:48,964 - Pose - INFO - saved model name 210112_mixup_nlayer18_adam_lr0.001_batch32_momentum0.9_schedule[10, 20]_nepoch30
2021-01-12 21:57:48,964 - Pose - INFO - training batch size : 32	number of layer : 18
2021-01-12 21:57:48,964 - Pose - INFO - optimizer : adam	learning rate : 0.001	momentum : 0.9
2021-01-12 21:57:48,964 - Pose - INFO - number of epochs : 30	scheduler : [10, 20]	gammas : 0.1
2021-01-12 21:57:48,964 - Pose - INFO - gaussian noise : False	normalize : False	cutoff : 128	visualize : False
2021-01-12 21:57:48,964 - Pose - INFO - data augmentation : mixup	flatten : True
2021-01-12 21:57:49,117 - Pose - INFO - Let's use single gpu	 now gpu : 1
2021-01-12 21:57:51,867 - Pose - INFO - use adam optimizer
2021-01-12 21:57:55,325 - Pose - INFO - Epoch 0	current lr : 0.001 [0.001]
2021-01-12 21:57:56,516 - Pose - INFO - iteration[0] batch loss 0.087110	avg_acc 0.0144	total_count 13
2021-01-12 21:59:11,508 - Pose - INFO - saved model name 210112_mixup_nlayer18_adam_lr0.001_batch32_momentum0.9_schedule[10, 20]_nepoch30
2021-01-12 21:59:11,509 - Pose - INFO - training batch size : 32	number of layer : 18
2021-01-12 21:59:11,509 - Pose - INFO - optimizer : adam	learning rate : 0.001	momentum : 0.9
2021-01-12 21:59:11,509 - Pose - INFO - number of epochs : 30	scheduler : [10, 20]	gammas : 0.1
2021-01-12 21:59:11,509 - Pose - INFO - gaussian noise : False	normalize : False	cutoff : 128	visualize : False
2021-01-12 21:59:11,509 - Pose - INFO - data augmentation : mixup	flatten : True
2021-01-12 21:59:11,664 - Pose - INFO - Let's use single gpu	 now gpu : 1
2021-01-12 21:59:14,429 - Pose - INFO - use adam optimizer
2021-01-12 22:00:10,224 - Pose - INFO - Epoch 0	current lr : 0.001 [0.001]
2021-01-12 22:00:12,172 - Pose - INFO - iteration[0] batch loss 0.074147	avg_acc 0.0096	total_count 13
2021-01-12 22:02:47,224 - Pose - INFO - iteration[500] batch loss 0.000280	avg_acc 0.0063	total_count 6513
2021-01-12 22:05:22,745 - Pose - INFO - iteration[1000] batch loss 0.000284	avg_acc 0.0071	total_count 13013
2021-01-12 22:07:58,292 - Pose - INFO - iteration[1500] batch loss 0.000298	avg_acc 0.0070	total_count 19513
2021-01-12 22:10:33,948 - Pose - INFO - iteration[2000] batch loss 0.000288	avg_acc 0.0071	total_count 26013
2021-01-12 22:13:04,471 - Pose - INFO - epoch loss : 0.000584
2021-01-12 22:13:04,471 - Pose - INFO - epoch acc on train data : 0.0074
2021-01-12 22:13:04,471 - Pose - INFO - epoch 0 acc 0.0073579483518147705 > max acc 0 epoch 0
2021-01-12 22:13:04,676 - Pose - INFO - Epoch 1	current lr : 0.001 [0.001]
2021-01-12 22:13:13,765 - Pose - INFO - iteration[0] batch loss 0.000291	avg_acc 0.0048	total_count 13
2021-01-12 22:15:45,681 - Pose - INFO - iteration[500] batch loss 0.000256	avg_acc 0.0207	total_count 6513
2021-01-12 22:18:18,188 - Pose - INFO - iteration[1000] batch loss 0.000286	avg_acc 0.0332	total_count 13013
2021-01-12 22:20:50,709 - Pose - INFO - iteration[1500] batch loss 0.000300	avg_acc 0.0478	total_count 19513
2021-01-12 22:23:23,181 - Pose - INFO - iteration[2000] batch loss 0.000276	avg_acc 0.0620	total_count 26013
2021-01-12 22:25:51,556 - Pose - INFO - epoch loss : 0.000285
2021-01-12 22:25:51,556 - Pose - INFO - epoch acc on train data : 0.0778
2021-01-12 22:25:51,556 - Pose - INFO - epoch 1 acc 0.07777769537851162 > max acc 0.0073579483518147705 epoch 0
2021-01-12 22:25:51,783 - Pose - INFO - Epoch 2	current lr : 0.001 [0.001]
2021-01-12 22:26:01,089 - Pose - INFO - iteration[0] batch loss 0.000281	avg_acc 0.1851	total_count 13
2021-01-12 22:28:33,144 - Pose - INFO - iteration[500] batch loss 0.000246	avg_acc 0.2616	total_count 6513
2021-01-12 22:31:05,753 - Pose - INFO - iteration[1000] batch loss 0.000233	avg_acc 0.3412	total_count 13013
2021-01-12 22:33:38,477 - Pose - INFO - iteration[1500] batch loss 0.000245	avg_acc 0.3971	total_count 19513
2021-01-12 22:36:11,198 - Pose - INFO - iteration[2000] batch loss 0.000233	avg_acc 0.4381	total_count 26013
2021-01-12 22:38:40,311 - Pose - INFO - epoch loss : 0.000246
2021-01-12 22:38:40,311 - Pose - INFO - epoch acc on train data : 0.4680
2021-01-12 22:38:40,311 - Pose - INFO - epoch 2 acc 0.4679631760788047 > max acc 0.07777769537851162 epoch 1
2021-01-12 22:38:40,534 - Pose - INFO - Epoch 3	current lr : 0.001 [0.001]
2021-01-12 22:38:49,606 - Pose - INFO - iteration[0] batch loss 0.000232	avg_acc 0.6010	total_count 13
2021-01-12 22:41:22,014 - Pose - INFO - iteration[500] batch loss 0.000213	avg_acc 0.6203	total_count 6513
2021-01-12 22:43:53,657 - Pose - INFO - iteration[1000] batch loss 0.000218	avg_acc 0.6279	total_count 13013
2021-01-12 22:46:24,423 - Pose - INFO - iteration[1500] batch loss 0.000207	avg_acc 0.6362	total_count 19513
2021-01-12 22:48:55,137 - Pose - INFO - iteration[2000] batch loss 0.000219	avg_acc 0.6444	total_count 26013
2021-01-12 22:51:22,257 - Pose - INFO - epoch loss : 0.000212
2021-01-12 22:51:22,257 - Pose - INFO - epoch acc on train data : 0.6508
2021-01-12 22:51:22,257 - Pose - INFO - epoch 3 acc 0.6507804375237473 > max acc 0.4679631760788047 epoch 2
2021-01-12 22:51:22,479 - Pose - INFO - Epoch 4	current lr : 0.001 [0.001]
2021-01-12 22:51:33,393 - Pose - INFO - iteration[0] batch loss 0.000204	avg_acc 0.6790	total_count 13
2021-01-12 22:54:05,179 - Pose - INFO - iteration[500] batch loss 0.000186	avg_acc 0.6847	total_count 6513
2021-01-12 22:56:36,798 - Pose - INFO - iteration[1000] batch loss 0.000187	avg_acc 0.6876	total_count 13013
2021-01-12 22:59:07,748 - Pose - INFO - iteration[1500] batch loss 0.000184	avg_acc 0.6911	total_count 19513
2021-01-12 23:01:38,325 - Pose - INFO - iteration[2000] batch loss 0.000173	avg_acc 0.6965	total_count 26013
2021-01-12 23:04:05,241 - Pose - INFO - epoch loss : 0.000196
2021-01-12 23:04:05,241 - Pose - INFO - epoch acc on train data : 0.6990
2021-01-12 23:04:05,242 - Pose - INFO - epoch 4 acc 0.6989696221164867 > max acc 0.6507804375237473 epoch 3
2021-01-12 23:04:05,464 - Pose - INFO - Epoch 5	current lr : 0.001 [0.001]
2021-01-12 23:04:16,317 - Pose - INFO - iteration[0] batch loss 0.000188	avg_acc 0.7933	total_count 13
2021-01-12 23:06:47,957 - Pose - INFO - iteration[500] batch loss 0.000186	avg_acc 0.7146	total_count 6513
2021-01-12 23:09:19,999 - Pose - INFO - iteration[1000] batch loss 0.000175	avg_acc 0.7194	total_count 13013
2021-01-12 23:11:52,007 - Pose - INFO - iteration[1500] batch loss 0.000185	avg_acc 0.7215	total_count 19513
2021-01-12 23:14:24,137 - Pose - INFO - iteration[2000] batch loss 0.000184	avg_acc 0.7245	total_count 26013
2021-01-12 23:16:52,331 - Pose - INFO - epoch loss : 0.000184
2021-01-12 23:16:52,331 - Pose - INFO - epoch acc on train data : 0.7266
2021-01-12 23:16:52,331 - Pose - INFO - epoch 5 acc 0.7266183785924798 > max acc 0.6989696221164867 epoch 4
2021-01-12 23:16:52,554 - Pose - INFO - Epoch 6	current lr : 0.001 [0.001]
2021-01-12 23:17:01,749 - Pose - INFO - iteration[0] batch loss 0.000187	avg_acc 0.7067	total_count 13
2021-01-12 23:19:33,879 - Pose - INFO - iteration[500] batch loss 0.000178	avg_acc 0.7336	total_count 6513
2021-01-12 23:22:06,424 - Pose - INFO - iteration[1000] batch loss 0.000182	avg_acc 0.7380	total_count 13013
2021-01-12 23:24:38,987 - Pose - INFO - iteration[1500] batch loss 0.000177	avg_acc 0.7402	total_count 19513
2021-01-12 23:27:11,602 - Pose - INFO - iteration[2000] batch loss 0.000184	avg_acc 0.7430	total_count 26013
2021-01-12 23:29:40,143 - Pose - INFO - epoch loss : 0.000175
2021-01-12 23:29:40,144 - Pose - INFO - epoch acc on train data : 0.7449
2021-01-12 23:29:40,144 - Pose - INFO - epoch 6 acc 0.7449438088414677 > max acc 0.7266183785924798 epoch 5
2021-01-12 23:29:40,368 - Pose - INFO - Epoch 7	current lr : 0.001 [0.001]
2021-01-12 23:29:49,539 - Pose - INFO - iteration[0] batch loss 0.000182	avg_acc 0.6700	total_count 13
2021-01-12 23:32:21,808 - Pose - INFO - iteration[500] batch loss 0.000156	avg_acc 0.7529	total_count 6513
2021-01-12 23:34:54,389 - Pose - INFO - iteration[1000] batch loss 0.000175	avg_acc 0.7535	total_count 13013
2021-01-12 23:37:26,994 - Pose - INFO - iteration[1500] batch loss 0.000168	avg_acc 0.7556	total_count 19513
2021-01-12 23:39:59,590 - Pose - INFO - iteration[2000] batch loss 0.000175	avg_acc 0.7578	total_count 26013
2021-01-12 23:42:28,253 - Pose - INFO - epoch loss : 0.000168
2021-01-12 23:42:28,253 - Pose - INFO - epoch acc on train data : 0.7592
2021-01-12 23:42:28,253 - Pose - INFO - epoch 7 acc 0.7591956723800198 > max acc 0.7449438088414677 epoch 6
2021-01-12 23:42:28,478 - Pose - INFO - Epoch 8	current lr : 0.001 [0.001]
2021-01-12 23:42:37,677 - Pose - INFO - iteration[0] batch loss 0.000165	avg_acc 0.8077	total_count 13
2021-01-12 23:45:09,964 - Pose - INFO - iteration[500] batch loss 0.000173	avg_acc 0.7655	total_count 6513
2021-01-12 23:47:42,584 - Pose - INFO - iteration[1000] batch loss 0.000161	avg_acc 0.7670	total_count 13013
2021-01-12 23:50:15,183 - Pose - INFO - iteration[1500] batch loss 0.000171	avg_acc 0.7694	total_count 19513
2021-01-12 23:52:47,847 - Pose - INFO - iteration[2000] batch loss 0.000147	avg_acc 0.7721	total_count 26013
2021-01-12 23:55:16,520 - Pose - INFO - epoch loss : 0.000161
2021-01-12 23:55:16,520 - Pose - INFO - epoch acc on train data : 0.7731
2021-01-12 23:55:16,520 - Pose - INFO - epoch 8 acc 0.7731213084961365 > max acc 0.7591956723800198 epoch 7
2021-01-12 23:55:16,744 - Pose - INFO - Epoch 9	current lr : 0.001 [0.001]
2021-01-12 23:55:25,848 - Pose - INFO - iteration[0] batch loss 0.000149	avg_acc 0.7812	total_count 13
2021-01-12 23:57:58,217 - Pose - INFO - iteration[500] batch loss 0.000175	avg_acc 0.7808	total_count 6513
2021-01-13 00:00:30,807 - Pose - INFO - iteration[1000] batch loss 0.000159	avg_acc 0.7799	total_count 13013
2021-01-13 00:03:03,404 - Pose - INFO - iteration[1500] batch loss 0.000175	avg_acc 0.7800	total_count 19513
2021-01-13 00:05:35,964 - Pose - INFO - iteration[2000] batch loss 0.000149	avg_acc 0.7819	total_count 26013
2021-01-13 00:08:04,674 - Pose - INFO - epoch loss : 0.000156
2021-01-13 00:08:04,674 - Pose - INFO - epoch acc on train data : 0.7831
2021-01-13 00:08:04,674 - Pose - INFO - epoch 9 acc 0.7831375856031753 > max acc 0.7731213084961365 epoch 8
2021-01-13 00:08:04,895 - Pose - INFO - Epoch 10	current lr : 0.0001 [0.0001]
2021-01-13 00:08:13,929 - Pose - INFO - iteration[0] batch loss 0.000147	avg_acc 0.8195	total_count 13
2021-01-13 00:10:46,203 - Pose - INFO - iteration[500] batch loss 0.000143	avg_acc 0.7937	total_count 6513
2021-01-13 00:13:18,950 - Pose - INFO - iteration[1000] batch loss 0.000141	avg_acc 0.7962	total_count 13013
2021-01-13 00:15:51,561 - Pose - INFO - iteration[1500] batch loss 0.000131	avg_acc 0.7983	total_count 19513
2021-01-13 00:18:24,165 - Pose - INFO - iteration[2000] batch loss 0.000151	avg_acc 0.8010	total_count 26013
2021-01-13 00:20:52,909 - Pose - INFO - epoch loss : 0.000144
2021-01-13 00:20:52,909 - Pose - INFO - epoch acc on train data : 0.8018
2021-01-13 00:20:52,909 - Pose - INFO - epoch 10 acc 0.8017995857693702 > max acc 0.7831375856031753 epoch 9
2021-01-13 00:20:53,136 - Pose - INFO - Epoch 11	current lr : 0.0001 [0.0001]
2021-01-13 00:21:02,319 - Pose - INFO - iteration[0] batch loss 0.000127	avg_acc 0.8726	total_count 13
2021-01-13 00:23:34,704 - Pose - INFO - iteration[500] batch loss 0.000120	avg_acc 0.8059	total_count 6513
2021-01-13 00:26:07,331 - Pose - INFO - iteration[1000] batch loss 0.000132	avg_acc 0.8071	total_count 13013
2021-01-13 00:28:40,032 - Pose - INFO - iteration[1500] batch loss 0.000134	avg_acc 0.8076	total_count 19513
2021-01-13 00:31:12,656 - Pose - INFO - iteration[2000] batch loss 0.000136	avg_acc 0.8091	total_count 26013
2021-01-13 00:33:41,380 - Pose - INFO - epoch loss : 0.000139
2021-01-13 00:33:41,380 - Pose - INFO - epoch acc on train data : 0.8095
2021-01-13 00:33:41,380 - Pose - INFO - epoch 11 acc 0.8095130439377355 > max acc 0.8017995857693702 epoch 10
2021-01-13 00:33:41,604 - Pose - INFO - Epoch 12	current lr : 0.0001 [0.0001]
2021-01-13 00:33:50,770 - Pose - INFO - iteration[0] batch loss 0.000127	avg_acc 0.7957	total_count 13
2021-01-13 00:36:22,963 - Pose - INFO - iteration[500] batch loss 0.000139	avg_acc 0.8100	total_count 6513
2021-01-13 00:38:55,638 - Pose - INFO - iteration[1000] batch loss 0.000132	avg_acc 0.8111	total_count 13013
2021-01-13 00:41:28,430 - Pose - INFO - iteration[1500] batch loss 0.000124	avg_acc 0.8120	total_count 19513
2021-01-13 00:44:01,069 - Pose - INFO - iteration[2000] batch loss 0.000142	avg_acc 0.8138	total_count 26013
2021-01-13 00:46:29,670 - Pose - INFO - epoch loss : 0.000136
2021-01-13 00:46:29,670 - Pose - INFO - epoch acc on train data : 0.8147
2021-01-13 00:46:29,670 - Pose - INFO - epoch 12 acc 0.8147491732862004 > max acc 0.8095130439377355 epoch 11
2021-01-13 00:46:29,892 - Pose - INFO - Epoch 13	current lr : 0.0001 [0.0001]
2021-01-13 00:46:39,022 - Pose - INFO - iteration[0] batch loss 0.000124	avg_acc 0.8365	total_count 13
2021-01-13 00:49:11,355 - Pose - INFO - iteration[500] batch loss 0.000142	avg_acc 0.8141	total_count 6513
2021-01-13 00:51:43,870 - Pose - INFO - iteration[1000] batch loss 0.000129	avg_acc 0.8143	total_count 13013
2021-01-13 00:54:16,523 - Pose - INFO - iteration[1500] batch loss 0.000129	avg_acc 0.8151	total_count 19513
2021-01-13 00:56:49,271 - Pose - INFO - iteration[2000] batch loss 0.000132	avg_acc 0.8167	total_count 26013
2021-01-13 00:59:18,107 - Pose - INFO - epoch loss : 0.000134
2021-01-13 00:59:18,108 - Pose - INFO - epoch acc on train data : 0.8175
2021-01-13 00:59:18,108 - Pose - INFO - epoch 13 acc 0.8174860084324421 > max acc 0.8147491732862004 epoch 12
2021-01-13 00:59:18,332 - Pose - INFO - Epoch 14	current lr : 0.0001 [0.0001]
2021-01-13 00:59:27,642 - Pose - INFO - iteration[0] batch loss 0.000151	avg_acc 0.7668	total_count 13
2021-01-13 01:01:59,951 - Pose - INFO - iteration[500] batch loss 0.000120	avg_acc 0.8202	total_count 6513
2021-01-13 01:04:32,654 - Pose - INFO - iteration[1000] batch loss 0.000124	avg_acc 0.8194	total_count 13013
2021-01-13 01:07:05,394 - Pose - INFO - iteration[1500] batch loss 0.000128	avg_acc 0.8204	total_count 19513
2021-01-13 01:09:38,043 - Pose - INFO - iteration[2000] batch loss 0.000122	avg_acc 0.8221	total_count 26013
2021-01-13 01:12:07,057 - Pose - INFO - epoch loss : 0.000131
2021-01-13 01:12:07,057 - Pose - INFO - epoch acc on train data : 0.8223
2021-01-13 01:12:07,057 - Pose - INFO - epoch 14 acc 0.8222585863861169 > max acc 0.8174860084324421 epoch 13
2021-01-13 01:12:07,280 - Pose - INFO - Epoch 15	current lr : 0.0001 [0.0001]
2021-01-13 01:12:16,340 - Pose - INFO - iteration[0] batch loss 0.000120	avg_acc 0.8025	total_count 13
2021-01-13 01:14:48,685 - Pose - INFO - iteration[500] batch loss 0.000128	avg_acc 0.8199	total_count 6513
2021-01-13 01:17:21,455 - Pose - INFO - iteration[1000] batch loss 0.000117	avg_acc 0.8232	total_count 13013
2021-01-13 01:19:54,190 - Pose - INFO - iteration[1500] batch loss 0.000128	avg_acc 0.8232	total_count 19513
2021-01-13 01:22:26,964 - Pose - INFO - iteration[2000] batch loss 0.000129	avg_acc 0.8252	total_count 26013
2021-01-13 01:24:55,615 - Pose - INFO - epoch loss : 0.000128
2021-01-13 01:24:55,615 - Pose - INFO - epoch acc on train data : 0.8258
2021-01-13 01:24:55,615 - Pose - INFO - epoch 15 acc 0.8257702896452302 > max acc 0.8222585863861169 epoch 14
2021-01-13 01:24:55,838 - Pose - INFO - Epoch 16	current lr : 0.0001 [0.0001]
2021-01-13 01:25:04,977 - Pose - INFO - iteration[0] batch loss 0.000126	avg_acc 0.8293	total_count 13
2021-01-13 01:27:37,359 - Pose - INFO - iteration[500] batch loss 0.000119	avg_acc 0.8242	total_count 6513
2021-01-13 01:30:09,904 - Pose - INFO - iteration[1000] batch loss 0.000125	avg_acc 0.8258	total_count 13013
2021-01-13 01:32:42,553 - Pose - INFO - iteration[1500] batch loss 0.000131	avg_acc 0.8266	total_count 19513
2021-01-13 01:35:15,136 - Pose - INFO - iteration[2000] batch loss 0.000127	avg_acc 0.8276	total_count 26013
2021-01-13 01:37:43,745 - Pose - INFO - epoch loss : 0.000127
2021-01-13 01:37:43,745 - Pose - INFO - epoch acc on train data : 0.8277
2021-01-13 01:37:43,745 - Pose - INFO - epoch 16 acc 0.8276624636154369 > max acc 0.8257702896452302 epoch 15
2021-01-13 01:37:43,971 - Pose - INFO - Epoch 17	current lr : 0.0001 [0.0001]
2021-01-13 01:37:53,166 - Pose - INFO - iteration[0] batch loss 0.000119	avg_acc 0.8630	total_count 13
2021-01-13 01:40:25,346 - Pose - INFO - iteration[500] batch loss 0.000125	avg_acc 0.8292	total_count 6513
2021-01-13 01:42:57,980 - Pose - INFO - iteration[1000] batch loss 0.000119	avg_acc 0.8288	total_count 13013
2021-01-13 01:45:30,580 - Pose - INFO - iteration[1500] batch loss 0.000115	avg_acc 0.8294	total_count 19513
2021-01-13 01:48:03,262 - Pose - INFO - iteration[2000] batch loss 0.000120	avg_acc 0.8316	total_count 26013
2021-01-13 01:50:31,877 - Pose - INFO - epoch loss : 0.000124
2021-01-13 01:50:31,877 - Pose - INFO - epoch acc on train data : 0.8331
2021-01-13 01:50:31,877 - Pose - INFO - epoch 17 acc 0.8331214978040252 > max acc 0.8276624636154369 epoch 16
2021-01-13 01:50:32,100 - Pose - INFO - Epoch 18	current lr : 0.0001 [0.0001]
2021-01-13 01:50:41,379 - Pose - INFO - iteration[0] batch loss 0.000118	avg_acc 0.8622	total_count 13
2021-01-13 01:53:13,752 - Pose - INFO - iteration[500] batch loss 0.000119	avg_acc 0.8328	total_count 6513
2021-01-13 01:55:46,485 - Pose - INFO - iteration[1000] batch loss 0.000128	avg_acc 0.8330	total_count 13013
2021-01-13 01:58:19,040 - Pose - INFO - iteration[1500] batch loss 0.000109	avg_acc 0.8340	total_count 19513
2021-01-13 02:00:51,682 - Pose - INFO - iteration[2000] batch loss 0.000130	avg_acc 0.8351	total_count 26013
2021-01-13 02:03:20,883 - Pose - INFO - epoch loss : 0.000122
2021-01-13 02:03:20,883 - Pose - INFO - epoch acc on train data : 0.8351
2021-01-13 02:03:20,883 - Pose - INFO - epoch 18 acc 0.835112894072454 > max acc 0.8331214978040252 epoch 17
2021-01-13 02:03:21,104 - Pose - INFO - Epoch 19	current lr : 0.0001 [0.0001]
2021-01-13 02:03:30,152 - Pose - INFO - iteration[0] batch loss 0.000115	avg_acc 0.8750	total_count 13
2021-01-13 02:06:02,382 - Pose - INFO - iteration[500] batch loss 0.000113	avg_acc 0.8343	total_count 6513
2021-01-13 02:08:35,107 - Pose - INFO - iteration[1000] batch loss 0.000109	avg_acc 0.8355	total_count 13013
2021-01-13 02:11:07,748 - Pose - INFO - iteration[1500] batch loss 0.000132	avg_acc 0.8358	total_count 19513
2021-01-13 02:13:40,388 - Pose - INFO - iteration[2000] batch loss 0.000135	avg_acc 0.8370	total_count 26013
2021-01-13 02:16:09,190 - Pose - INFO - epoch loss : 0.000120
2021-01-13 02:16:09,190 - Pose - INFO - epoch acc on train data : 0.8378
2021-01-13 02:16:09,190 - Pose - INFO - epoch 19 acc 0.8378240680642972 > max acc 0.835112894072454 epoch 18
2021-01-13 02:16:09,412 - Pose - INFO - Epoch 20	current lr : 1e-05 [1e-05]
2021-01-13 02:16:18,423 - Pose - INFO - iteration[0] batch loss 0.000108	avg_acc 0.8626	total_count 13
2021-01-13 02:18:50,782 - Pose - INFO - iteration[500] batch loss 0.000118	avg_acc 0.8375	total_count 6513
2021-01-13 02:21:23,323 - Pose - INFO - iteration[1000] batch loss 0.000130	avg_acc 0.8381	total_count 13013
2021-01-13 02:23:56,064 - Pose - INFO - iteration[1500] batch loss 0.000108	avg_acc 0.8396	total_count 19513
2021-01-13 02:26:28,756 - Pose - INFO - iteration[2000] batch loss 0.000112	avg_acc 0.8404	total_count 26013
2021-01-13 02:28:57,791 - Pose - INFO - epoch loss : 0.000117
2021-01-13 02:28:57,791 - Pose - INFO - epoch acc on train data : 0.8407
2021-01-13 02:28:57,791 - Pose - INFO - epoch 20 acc 0.840695864600336 > max acc 0.8378240680642972 epoch 19
2021-01-13 02:28:58,011 - Pose - INFO - Epoch 21	current lr : 1e-05 [1e-05]
2021-01-13 02:29:07,189 - Pose - INFO - iteration[0] batch loss 0.000120	avg_acc 0.8578	total_count 13
2021-01-13 02:31:39,516 - Pose - INFO - iteration[500] batch loss 0.000126	avg_acc 0.8398	total_count 6513
2021-01-13 02:34:12,117 - Pose - INFO - iteration[1000] batch loss 0.000112	avg_acc 0.8409	total_count 13013
2021-01-13 02:36:44,713 - Pose - INFO - iteration[1500] batch loss 0.000124	avg_acc 0.8406	total_count 19513
2021-01-13 02:39:17,207 - Pose - INFO - iteration[2000] batch loss 0.000110	avg_acc 0.8418	total_count 26013
2021-01-13 02:41:45,798 - Pose - INFO - epoch loss : 0.000117
2021-01-13 02:41:45,798 - Pose - INFO - epoch acc on train data : 0.8421
2021-01-13 02:41:45,798 - Pose - INFO - epoch 21 acc 0.8420974128476378 > max acc 0.840695864600336 epoch 20
2021-01-13 02:41:46,019 - Pose - INFO - Epoch 22	current lr : 1e-05 [1e-05]
2021-01-13 02:41:55,174 - Pose - INFO - iteration[0] batch loss 0.000119	avg_acc 0.8269	total_count 13
2021-01-13 02:44:27,449 - Pose - INFO - iteration[500] batch loss 0.000111	avg_acc 0.8371	total_count 6513
2021-01-13 02:47:00,077 - Pose - INFO - iteration[1000] batch loss 0.000118	avg_acc 0.8384	total_count 13013
2021-01-13 02:49:32,734 - Pose - INFO - iteration[1500] batch loss 0.000128	avg_acc 0.8398	total_count 19513
2021-01-13 02:52:05,314 - Pose - INFO - iteration[2000] batch loss 0.000111	avg_acc 0.8419	total_count 26013
2021-01-13 02:54:34,022 - Pose - INFO - epoch loss : 0.000116
2021-01-13 02:54:34,022 - Pose - INFO - epoch acc on train data : 0.8424
2021-01-13 02:54:34,023 - Pose - INFO - epoch 22 acc 0.8424161358872237 > max acc 0.8420974128476378 epoch 21
2021-01-13 02:54:34,245 - Pose - INFO - Epoch 23	current lr : 1e-05 [1e-05]
2021-01-13 02:54:43,353 - Pose - INFO - iteration[0] batch loss 0.000118	avg_acc 0.8846	total_count 13
2021-01-13 02:57:15,806 - Pose - INFO - iteration[500] batch loss 0.000119	avg_acc 0.8419	total_count 6513
2021-01-13 02:59:48,435 - Pose - INFO - iteration[1000] batch loss 0.000107	avg_acc 0.8427	total_count 13013
2021-01-13 03:02:21,084 - Pose - INFO - iteration[1500] batch loss 0.000114	avg_acc 0.8432	total_count 19513
2021-01-13 03:04:53,701 - Pose - INFO - iteration[2000] batch loss 0.000122	avg_acc 0.8439	total_count 26013
2021-01-13 03:07:22,571 - Pose - INFO - epoch loss : 0.000116
2021-01-13 03:07:22,571 - Pose - INFO - epoch acc on train data : 0.8437
2021-01-13 03:07:22,571 - Pose - INFO - epoch 23 acc 0.8436663127132756 > max acc 0.8424161358872237 epoch 22
2021-01-13 03:07:22,791 - Pose - INFO - Epoch 24	current lr : 1e-05 [1e-05]
2021-01-13 03:07:31,946 - Pose - INFO - iteration[0] batch loss 0.000133	avg_acc 0.8269	total_count 13
2021-01-13 03:10:04,165 - Pose - INFO - iteration[500] batch loss 0.000111	avg_acc 0.8382	total_count 6513
2021-01-13 03:12:36,847 - Pose - INFO - iteration[1000] batch loss 0.000111	avg_acc 0.8413	total_count 13013
2021-01-13 03:15:09,432 - Pose - INFO - iteration[1500] batch loss 0.000101	avg_acc 0.8418	total_count 19513
2021-01-13 03:17:41,987 - Pose - INFO - iteration[2000] batch loss 0.000128	avg_acc 0.8431	total_count 26013
2021-01-13 03:20:10,564 - Pose - INFO - epoch loss : 0.000115
2021-01-13 03:20:10,564 - Pose - INFO - epoch acc on train data : 0.8438
2021-01-13 03:20:10,564 - Pose - INFO - epoch 24 acc 0.843805900489498 > max acc 0.8436663127132756 epoch 23
2021-01-13 03:20:10,784 - Pose - INFO - Epoch 25	current lr : 1e-05 [1e-05]
2021-01-13 03:20:19,864 - Pose - INFO - iteration[0] batch loss 0.000117	avg_acc 0.8438	total_count 13
2021-01-13 03:22:52,105 - Pose - INFO - iteration[500] batch loss 0.000114	avg_acc 0.8412	total_count 6513
2021-01-13 03:25:24,428 - Pose - INFO - iteration[1000] batch loss 0.000119	avg_acc 0.8414	total_count 13013
2021-01-13 03:27:55,165 - Pose - INFO - iteration[1500] batch loss 0.000121	avg_acc 0.8422	total_count 19513
2021-01-13 03:30:25,767 - Pose - INFO - iteration[2000] batch loss 0.000119	avg_acc 0.8434	total_count 26013
2021-01-13 03:32:53,048 - Pose - INFO - epoch loss : 0.000115
2021-01-13 03:32:53,048 - Pose - INFO - epoch acc on train data : 0.8440
2021-01-13 03:32:53,048 - Pose - INFO - epoch 25 acc 0.8439630235277759 > max acc 0.843805900489498 epoch 24
2021-01-13 03:32:53,270 - Pose - INFO - Epoch 26	current lr : 1e-05 [1e-05]
2021-01-13 03:33:04,095 - Pose - INFO - iteration[0] batch loss 0.000111	avg_acc 0.8365	total_count 13
2021-01-13 03:35:34,528 - Pose - INFO - iteration[500] batch loss 0.000105	avg_acc 0.8442	total_count 6513
2021-01-13 03:38:05,095 - Pose - INFO - iteration[1000] batch loss 0.000123	avg_acc 0.8441	total_count 13013
2021-01-13 03:40:35,879 - Pose - INFO - iteration[1500] batch loss 0.000108	avg_acc 0.8442	total_count 19513
2021-01-13 03:43:06,799 - Pose - INFO - iteration[2000] batch loss 0.000119	avg_acc 0.8454	total_count 26013
2021-01-13 03:45:33,767 - Pose - INFO - epoch loss : 0.000114
2021-01-13 03:45:33,767 - Pose - INFO - epoch acc on train data : 0.8456
2021-01-13 03:45:33,767 - Pose - INFO - epoch 26 acc 0.8455623617205889 > max acc 0.8439630235277759 epoch 25
2021-01-13 03:45:33,986 - Pose - INFO - Epoch 27	current lr : 1e-05 [1e-05]
2021-01-13 03:45:44,823 - Pose - INFO - iteration[0] batch loss 0.000118	avg_acc 0.8606	total_count 13
2021-01-13 03:48:16,224 - Pose - INFO - iteration[500] batch loss 0.000117	avg_acc 0.8431	total_count 6513
2021-01-13 03:50:47,376 - Pose - INFO - iteration[1000] batch loss 0.000112	avg_acc 0.8436	total_count 13013
2021-01-13 03:53:18,412 - Pose - INFO - iteration[1500] batch loss 0.000102	avg_acc 0.8440	total_count 19513
2021-01-13 03:55:49,678 - Pose - INFO - iteration[2000] batch loss 0.000110	avg_acc 0.8458	total_count 26013
2021-01-13 03:58:17,044 - Pose - INFO - epoch loss : 0.000114
2021-01-13 03:58:17,044 - Pose - INFO - epoch acc on train data : 0.8462
2021-01-13 03:58:17,044 - Pose - INFO - epoch 27 acc 0.8461593506448102 > max acc 0.8455623617205889 epoch 26
2021-01-13 03:58:17,267 - Pose - INFO - Epoch 28	current lr : 1e-05 [1e-05]
2021-01-13 03:58:28,212 - Pose - INFO - iteration[0] batch loss 0.000110	avg_acc 0.8510	total_count 13
2021-01-13 04:00:59,550 - Pose - INFO - iteration[500] batch loss 0.000109	avg_acc 0.8424	total_count 6513
2021-01-13 04:03:31,128 - Pose - INFO - iteration[1000] batch loss 0.000114	avg_acc 0.8430	total_count 13013
2021-01-13 04:06:02,700 - Pose - INFO - iteration[1500] batch loss 0.000099	avg_acc 0.8449	total_count 19513
2021-01-13 04:08:34,738 - Pose - INFO - iteration[2000] batch loss 0.000120	avg_acc 0.8457	total_count 26013
2021-01-13 04:11:02,918 - Pose - INFO - epoch loss : 0.000114
2021-01-13 04:11:02,918 - Pose - INFO - epoch acc on train data : 0.8460
2021-01-13 04:11:03,012 - Pose - INFO - Epoch 29	current lr : 1e-05 [1e-05]
2021-01-13 04:11:13,931 - Pose - INFO - iteration[0] batch loss 0.000121	avg_acc 0.8118	total_count 13
2021-01-13 04:13:46,172 - Pose - INFO - iteration[500] batch loss 0.000113	avg_acc 0.8438	total_count 6513
2021-01-13 04:16:18,620 - Pose - INFO - iteration[1000] batch loss 0.000131	avg_acc 0.8442	total_count 13013
2021-01-13 04:18:51,095 - Pose - INFO - iteration[1500] batch loss 0.000125	avg_acc 0.8447	total_count 19513
2021-01-13 04:21:24,206 - Pose - INFO - iteration[2000] batch loss 0.000107	avg_acc 0.8461	total_count 26013
2021-01-13 04:23:52,917 - Pose - INFO - epoch loss : 0.000113
2021-01-13 04:23:52,917 - Pose - INFO - epoch acc on train data : 0.8468
2021-01-13 04:23:52,917 - Pose - INFO - epoch 29 acc 0.8468330495795264 > max acc 0.8461593506448102 epoch 27
2021-01-13 13:21:17,084 - Pose - INFO - saved model name 210112_mixup_nlayer18_adam_lr0.001_batch32_momentum0.9_schedule[10, 20]_nepoch30
2021-01-13 13:21:17,084 - Pose - INFO - training batch size : 32	number of layer : 18
2021-01-13 13:21:17,084 - Pose - INFO - optimizer : adam	learning rate : 0.001	momentum : 0.9
2021-01-13 13:21:17,084 - Pose - INFO - number of epochs : 30	scheduler : [10, 20]	gammas : 0.1
2021-01-13 13:21:17,084 - Pose - INFO - gaussian noise : False	normalize : False	cutoff : 128	visualize : False
2021-01-13 13:21:17,084 - Pose - INFO - data augmentation : mixup	flatten : True
2021-01-13 13:21:17,237 - Pose - INFO - Let's use single gpu	 now gpu : 1
2021-01-13 13:21:20,223 - Pose - INFO - use adam optimizer
